#
# There is insufficient memory for the Java Runtime Environment to continue.
# Native memory allocation (mmap) failed to map 475004928 bytes for G1 virtual space
# Possible reasons:
#   The system is out of physical RAM or swap space
#   The process is running with CompressedOops enabled, and the Java Heap may be blocking the growth of the native heap
# Possible solutions:
#   Reduce memory load on the system
#   Increase physical memory or swap space
#   Check if swap backing store is full
#   Decrease Java heap size (-Xmx/-Xms)
#   Decrease number of Java threads
#   Decrease Java thread stack sizes (-Xss)
#   Set larger code cache with -XX:ReservedCodeCacheSize=
#   JVM is running with Unscaled Compressed Oops mode in which the Java heap is
#     placed in the first 4GB address space. The Java Heap base address is the
#     maximum limit for the native heap growth. Please use -XX:HeapBaseMinAddress
#     to set the Java Heap base and to place the Java Heap above 4GB virtual address.
# This output file may be truncated or incomplete.
#
#  Out of Memory Error (os_windows.cpp:3771), pid=22300, tid=21760
#
# JRE version: OpenJDK Runtime Environment JBR-17.0.7+7-1000.6-jcef (17.0.7+7) (build 17.0.7+7-b1000.6)
# Java VM: OpenJDK 64-Bit Server VM JBR-17.0.7+7-1000.6-jcef (17.0.7+7-b1000.6, mixed mode, tiered, compressed oops, compressed class ptrs, g1 gc, windows-amd64)
# No core dump will be written. Minidumps are not enabled by default on client versions of Windows
#

---------------  S U M M A R Y ------------

Command Line: -Djava.rmi.server.hostname=127.0.0.1 -Duser.timezone=UTC -Xmx2048m -Xms128m -Djna.boot.library.path=C:\Program Files\JetBrains\IntelliJ IDEA 2023.2/lib/jna/amd64 -Djna.nosys=true -Djna.noclasspath=true -Djdbc.classpath=C:\Program Files\JetBrains\IntelliJ IDEA 2023.2\plugins\DatabaseTools\lib\jdbc-console.jar;C:\Users\HaNdSyA\AppData\Roaming\JetBrains\IntelliJIdea2023.2\jdbc-drivers\MongoDB\1.18\mongo-jdbc-standalone-1.18.jar --add-exports=java.desktop/sun.awt=ALL-UNNAMED --add-exports=java.desktop/java.awt.peer=ALL-UNNAMED --add-opens=java.desktop/java.awt=ALL-UNNAMED --add-opens=jdk.unsupported/sun.misc=ALL-UNNAMED --add-opens=java.base/java.nio=ALL-UNNAMED --add-opens=java.base/java.util=ALL-UNNAMED -Dfile.encoding=UTF-8 com.intellij.database.remote.RemoteJdbcServer com.dbschema.MongoJdbcDriver

Host: Intel(R) Core(TM) i7-6500U CPU @ 2.50GHz, 4 cores, 11G,  Windows 10 , 64 bit Build 19041 (10.0.19041.3636)
Time: Tue Jun 25 14:23:11 2024 Egypt Daylight Time elapsed time: 4.998891 seconds (0d 0h 0m 4s)

---------------  T H R E A D  ---------------

Current thread (0x00000227c94a6820):  VMThread "VM Thread" [stack: 0x000000dc6d500000,0x000000dc6d600000] [id=21760]

Stack: [0x000000dc6d500000,0x000000dc6d600000]
Native frames: (J=compiled Java code, j=interpreted, Vv=VM code, C=native code)
V  [jvm.dll+0x683bfa]
V  [jvm.dll+0x8430a4]
V  [jvm.dll+0x8449be]
V  [jvm.dll+0x845023]
V  [jvm.dll+0x24ad2f]
V  [jvm.dll+0x680ac9]
V  [jvm.dll+0x67519a]
V  [jvm.dll+0x30b3cb]
V  [jvm.dll+0x312876]
V  [jvm.dll+0x36221e]
V  [jvm.dll+0x36244f]
V  [jvm.dll+0x2e14a8]
V  [jvm.dll+0x2df684]
V  [jvm.dll+0x2dec8c]
V  [jvm.dll+0x32382b]
V  [jvm.dll+0x8496eb]
V  [jvm.dll+0x84a424]
V  [jvm.dll+0x84a93d]
V  [jvm.dll+0x84ad14]
V  [jvm.dll+0x84ade0]
V  [jvm.dll+0x7f2aea]
V  [jvm.dll+0x682a35]
C  [ucrtbase.dll+0x21bb2]
C  [KERNEL32.DLL+0x17344]
C  [ntdll.dll+0x526b1]

VM_Operation (0x000000dc6f2fb9d0): G1CollectForAllocation, mode: safepoint, requested by thread 0x00000227ce342880


---------------  P R O C E S S  ---------------

Threads class SMR info:
_java_thread_list=0x00000227cf5f9c20, length=29, elements={
0x00000227adce2b00, 0x00000227c94ab450, 0x00000227c94ac1d0, 0x00000227c971ad20,
0x00000227c971d9b0, 0x00000227c973a010, 0x00000227c973a8d0, 0x00000227c973fcc0,
0x00000227c97405c0, 0x00000227c9740ec0, 0x00000227c991e020, 0x00000227c991e4f0,
0x00000227ce2455c0, 0x00000227ce1f1660, 0x00000227ce3184d0, 0x00000227ce3772b0,
0x00000227ce499a40, 0x00000227ce5540b0, 0x00000227ce7f9b00, 0x00000227ce653190,
0x00000227ce3423b0, 0x00000227ce3436f0, 0x00000227ce343220, 0x00000227ce342d50,
0x00000227ce342880, 0x00000227ce341ee0, 0x00000227ce54f9e0, 0x00000227ce54feb0,
0x00000227ce9c3b00
}

Java Threads: ( => current thread )
  0x00000227adce2b00 JavaThread "main" [_thread_blocked, id=21732, stack(0x000000dc6cf00000,0x000000dc6d000000)]
  0x00000227c94ab450 JavaThread "Reference Handler" daemon [_thread_blocked, id=16948, stack(0x000000dc6d600000,0x000000dc6d700000)]
  0x00000227c94ac1d0 JavaThread "Finalizer" daemon [_thread_blocked, id=2324, stack(0x000000dc6d700000,0x000000dc6d800000)]
  0x00000227c971ad20 JavaThread "Signal Dispatcher" daemon [_thread_blocked, id=7984, stack(0x000000dc6d800000,0x000000dc6d900000)]
  0x00000227c971d9b0 JavaThread "Attach Listener" daemon [_thread_blocked, id=21768, stack(0x000000dc6d900000,0x000000dc6da00000)]
  0x00000227c973a010 JavaThread "Service Thread" daemon [_thread_blocked, id=21824, stack(0x000000dc6da00000,0x000000dc6db00000)]
  0x00000227c973a8d0 JavaThread "Monitor Deflation Thread" daemon [_thread_blocked, id=21796, stack(0x000000dc6db00000,0x000000dc6dc00000)]
  0x00000227c973fcc0 JavaThread "C2 CompilerThread0" daemon [_thread_blocked, id=21792, stack(0x000000dc6dc00000,0x000000dc6dd00000)]
  0x00000227c97405c0 JavaThread "C1 CompilerThread0" daemon [_thread_blocked, id=3452, stack(0x000000dc6dd00000,0x000000dc6de00000)]
  0x00000227c9740ec0 JavaThread "Sweeper thread" daemon [_thread_blocked, id=18504, stack(0x000000dc6de00000,0x000000dc6df00000)]
  0x00000227c991e020 JavaThread "Common-Cleaner" daemon [_thread_blocked, id=21552, stack(0x000000dc6df00000,0x000000dc6e000000)]
  0x00000227c991e4f0 JavaThread "Notification Thread" daemon [_thread_blocked, id=21816, stack(0x000000dc6e000000,0x000000dc6e100000)]
  0x00000227ce2455c0 JavaThread "MongoShell ExecutorService" daemon [_thread_blocked, id=1436, stack(0x000000dc6e600000,0x000000dc6e700000)]
  0x00000227ce1f1660 JavaThread "MongoShell ExecutorService" daemon [_thread_blocked, id=19160, stack(0x000000dc6e700000,0x000000dc6e800000)]
  0x00000227ce3184d0 JavaThread "RMI TCP Accept-44975" daemon [_thread_in_native, id=22348, stack(0x000000dc6e800000,0x000000dc6e900000)]
  0x00000227ce3772b0 JavaThread "RMI TCP Accept-0" daemon [_thread_in_native, id=21876, stack(0x000000dc6e900000,0x000000dc6ea00000)]
  0x00000227ce499a40 JavaThread "RMI Reaper" [_thread_blocked, id=21872, stack(0x000000dc6ea00000,0x000000dc6eb00000)]
  0x00000227ce5540b0 JavaThread "RMI GC Daemon" daemon [_thread_blocked, id=21880, stack(0x000000dc6eb00000,0x000000dc6ec00000)]
  0x00000227ce7f9b00 JavaThread "RMI TCP Connection(1)-127.0.0.1" daemon [_thread_in_native, id=21852, stack(0x000000dc6ec00000,0x000000dc6ed00000)]
  0x00000227ce653190 JavaThread "RMI TCP Connection(2)-127.0.0.1" daemon [_thread_in_native, id=21840, stack(0x000000dc6ed00000,0x000000dc6ee00000)]
  0x00000227ce3423b0 JavaThread "RMI Scheduler(0)" daemon [_thread_blocked, id=21584, stack(0x000000dc6ee00000,0x000000dc6ef00000)]
  0x00000227ce3436f0 JavaThread "RMI TCP Connection(3)-127.0.0.1" daemon [_thread_in_native, id=21620, stack(0x000000dc6ef00000,0x000000dc6f000000)]
  0x00000227ce343220 JavaThread "RMI TCP Connection(4)-127.0.0.1" daemon [_thread_blocked, id=21628, stack(0x000000dc6f000000,0x000000dc6f100000)]
  0x00000227ce342d50 JavaThread "RMI RenewClean-[127.0.0.1:53437]" daemon [_thread_blocked, id=21844, stack(0x000000dc6f100000,0x000000dc6f200000)]
  0x00000227ce342880 JavaThread "MongoShell ExecutorService" daemon [_thread_blocked, id=21632, stack(0x000000dc6f200000,0x000000dc6f300000)]
  0x00000227ce341ee0 JavaThread "BufferPoolPruner-1-thread-1" daemon [_thread_blocked, id=21624, stack(0x000000dc6f300000,0x000000dc6f400000)]
  0x00000227ce54f9e0 JavaThread "cluster-ClusterId{value='667aa89b34b614475d25fa17', description='DataGrip'}-localhost:27017" daemon [_thread_blocked, id=17068, stack(0x000000dc6f400000,0x000000dc6f500000)]
  0x00000227ce54feb0 JavaThread "cluster-rtt-ClusterId{value='667aa89b34b614475d25fa17', description='DataGrip'}-localhost:27017" daemon [_thread_blocked, id=22428, stack(0x000000dc6f500000,0x000000dc6f600000)]
  0x00000227ce9c3b00 JavaThread "C2 CompilerThread1" daemon [_thread_blocked, id=22424, stack(0x000000dc6e200000,0x000000dc6e300000)]

Other Threads:
=>0x00000227c94a6820 VMThread "VM Thread" [stack: 0x000000dc6d500000,0x000000dc6d600000] [id=21760]
  0x00000227add66760 WatcherThread [stack: 0x000000dc6e100000,0x000000dc6e200000] [id=22256]
  0x00000227add40f20 GCTaskThread "GC Thread#0" [stack: 0x000000dc6d000000,0x000000dc6d100000] [id=21740]
  0x00000227ce194440 GCTaskThread "GC Thread#1" [stack: 0x000000dc6e300000,0x000000dc6e400000] [id=21808]
  0x00000227ce18f420 GCTaskThread "GC Thread#2" [stack: 0x000000dc6e400000,0x000000dc6e500000] [id=21812]
  0x00000227ce1d41a0 GCTaskThread "GC Thread#3" [stack: 0x000000dc6e500000,0x000000dc6e600000] [id=21820]
  0x00000227add52510 ConcurrentGCThread "G1 Main Marker" [stack: 0x000000dc6d100000,0x000000dc6d200000] [id=21736]
  0x00000227add52e30 ConcurrentGCThread "G1 Conc#0" [stack: 0x000000dc6d200000,0x000000dc6d300000] [id=21680]
  0x00000227addae9d0 ConcurrentGCThread "G1 Refine#0" [stack: 0x000000dc6d300000,0x000000dc6d400000] [id=21752]
  0x00000227ce246020 ConcurrentGCThread "G1 Refine#1" [stack: 0x000000dc6f700000,0x000000dc6f800000] [id=22412]
  0x00000227ce247720 ConcurrentGCThread "G1 Refine#2" [stack: 0x000000dc6f800000,0x000000dc6f900000] [id=22416]
  0x00000227ce246300 ConcurrentGCThread "G1 Refine#3" [stack: 0x000000dc6f900000,0x000000dc6fa00000] [id=22408]
  0x00000227c93114a0 ConcurrentGCThread "G1 Service" [stack: 0x000000dc6d400000,0x000000dc6d500000] [id=21756]

Threads with active compile tasks:
C2 CompilerThread0     5535 3489       4       com.oracle.js.parser.Parser::objectLiteral (307 bytes)
C2 CompilerThread1     5535 3498       4       com.oracle.js.parser.Lexer::scanRegEx (231 bytes)

VM state: at safepoint (normal execution)

VM Mutex/Monitor currently owned by a thread:  ([mutex/lock_event])
[0x00000227adcdc600] Threads_lock - owner thread: 0x00000227c94a6820
[0x00000227adcdc3c0] Heap_lock - owner thread: 0x00000227ce342880

Heap address: 0x0000000080000000, size: 2048 MB, Compressed Oops mode: 32-bit

CDS archive(s) not mapped
Compressed class space mapped at: 0x0000000100000000-0x0000000140000000, reserved size: 1073741824
Narrow klass base: 0x0000000000000000, Narrow klass shift: 3, Narrow klass range: 0x140000000

GC Precious Log:
 CPUs: 4 total, 4 available
 Memory: 12179M
 Large Page Support: Disabled
 NUMA Support: Disabled
 Compressed Oops: Enabled (32-bit)
 Heap Region Size: 1M
 Heap Min Capacity: 128M
 Heap Initial Capacity: 128M
 Heap Max Capacity: 2G
 Pre-touch: Disabled
 Parallel Workers: 4
 Concurrent Workers: 1
 Concurrent Refinement Workers: 4
 Periodic GC: Disabled

Heap:
 garbage-first heap   total 414720K, used 233984K [0x0000000080000000, 0x0000000100000000)
  region size 1024K, 11 young (11264K), 11 survivors (11264K)
 Metaspace       used 36019K, committed 36352K, reserved 1114112K
  class space    used 3918K, committed 4096K, reserved 1048576K

Heap Regions: E=young(eden), S=young(survivor), O=old, HS=humongous(starts), HC=humongous(continues), CS=collection set, F=free, OA=open archive, CA=closed archive, TAMS=top-at-mark-start (previous, next)
|   0|0x0000000080000000, 0x0000000080100000, 0x0000000080100000|100%|HS|  |TAMS 0x0000000080100000, 0x0000000080100000| Complete 
|   1|0x0000000080100000, 0x0000000080200000, 0x0000000080200000|100%|HC|  |TAMS 0x0000000080200000, 0x0000000080200000| Complete 
|   2|0x0000000080200000, 0x0000000080300000, 0x0000000080300000|100%|HC|  |TAMS 0x0000000080300000, 0x0000000080300000| Complete 
|   3|0x0000000080300000, 0x0000000080400000, 0x0000000080400000|100%|HS|  |TAMS 0x0000000080400000, 0x0000000080400000| Complete 
|   4|0x0000000080400000, 0x0000000080500000, 0x0000000080500000|100%|HC|  |TAMS 0x0000000080500000, 0x0000000080500000| Complete 
|   5|0x0000000080500000, 0x0000000080600000, 0x0000000080600000|100%|HS|  |TAMS 0x0000000080600000, 0x0000000080600000| Complete 
|   6|0x0000000080600000, 0x0000000080700000, 0x0000000080700000|100%| O|  |TAMS 0x0000000080700000, 0x0000000080700000| Untracked 
|   7|0x0000000080700000, 0x0000000080800000, 0x0000000080800000|100%| O|  |TAMS 0x0000000080700000, 0x0000000080800000| Untracked 
|   8|0x0000000080800000, 0x0000000080900000, 0x0000000080900000|100%| O|  |TAMS 0x0000000080900000, 0x0000000080900000| Untracked 
|   9|0x0000000080900000, 0x0000000080a00000, 0x0000000080a00000|100%| O|  |TAMS 0x0000000080a00000, 0x0000000080a00000| Untracked 
|  10|0x0000000080a00000, 0x0000000080b00000, 0x0000000080b00000|100%| O|  |TAMS 0x0000000080a00000, 0x0000000080b00000| Untracked 
|  11|0x0000000080b00000, 0x0000000080c00000, 0x0000000080c00000|100%| O|  |TAMS 0x0000000080b00000, 0x0000000080c00000| Untracked 
|  12|0x0000000080c00000, 0x0000000080d00000, 0x0000000080d00000|100%| O|  |TAMS 0x0000000080d00000, 0x0000000080d00000| Untracked 
|  13|0x0000000080d00000, 0x0000000080e00000, 0x0000000080e00000|100%| O|  |TAMS 0x0000000080e00000, 0x0000000080e00000| Untracked 
|  14|0x0000000080e00000, 0x0000000080f00000, 0x0000000080f00000|100%| O|  |TAMS 0x0000000080f00000, 0x0000000080f00000| Untracked 
|  15|0x0000000080f00000, 0x0000000081000000, 0x0000000081000000|100%| O|  |TAMS 0x0000000081000000, 0x0000000081000000| Untracked 
|  16|0x0000000081000000, 0x0000000081100000, 0x0000000081100000|100%| O|  |TAMS 0x0000000081100000, 0x0000000081100000| Untracked 
|  17|0x0000000081100000, 0x0000000081200000, 0x0000000081200000|100%| O|  |TAMS 0x0000000081200000, 0x0000000081200000| Untracked 
|  18|0x0000000081200000, 0x0000000081300000, 0x0000000081300000|100%| O|  |TAMS 0x0000000081300000, 0x0000000081300000| Untracked 
|  19|0x0000000081300000, 0x0000000081400000, 0x0000000081400000|100%| O|  |TAMS 0x0000000081400000, 0x0000000081400000| Untracked 
|  20|0x0000000081400000, 0x0000000081500000, 0x0000000081500000|100%| O|  |TAMS 0x0000000081500000, 0x0000000081500000| Untracked 
|  21|0x0000000081500000, 0x0000000081600000, 0x0000000081600000|100%| O|  |TAMS 0x0000000081600000, 0x0000000081600000| Untracked 
|  22|0x0000000081600000, 0x0000000081700000, 0x0000000081700000|100%| O|  |TAMS 0x0000000081700000, 0x0000000081700000| Untracked 
|  23|0x0000000081700000, 0x0000000081800000, 0x0000000081800000|100%|HS|  |TAMS 0x0000000081800000, 0x0000000081800000| Complete 
|  24|0x0000000081800000, 0x0000000081900000, 0x0000000081900000|100%|HC|  |TAMS 0x0000000081900000, 0x0000000081900000| Complete 
|  25|0x0000000081900000, 0x0000000081a00000, 0x0000000081a00000|100%|HS|  |TAMS 0x0000000081a00000, 0x0000000081a00000| Complete 
|  26|0x0000000081a00000, 0x0000000081b00000, 0x0000000081b00000|100%|HC|  |TAMS 0x0000000081b00000, 0x0000000081b00000| Complete 
|  27|0x0000000081b00000, 0x0000000081c00000, 0x0000000081c00000|100%|HS|  |TAMS 0x0000000081c00000, 0x0000000081c00000| Complete 
|  28|0x0000000081c00000, 0x0000000081d00000, 0x0000000081d00000|100%|HC|  |TAMS 0x0000000081d00000, 0x0000000081d00000| Complete 
|  29|0x0000000081d00000, 0x0000000081e00000, 0x0000000081e00000|100%| O|  |TAMS 0x0000000081e00000, 0x0000000081e00000| Untracked 
|  30|0x0000000081e00000, 0x0000000081f00000, 0x0000000081f00000|100%| O|  |TAMS 0x0000000081f00000, 0x0000000081f00000| Untracked 
|  31|0x0000000081f00000, 0x0000000082000000, 0x0000000082000000|100%| O|  |TAMS 0x0000000082000000, 0x0000000082000000| Untracked 
|  32|0x0000000082000000, 0x0000000082100000, 0x0000000082100000|100%| O|  |TAMS 0x0000000082100000, 0x0000000082100000| Untracked 
|  33|0x0000000082100000, 0x0000000082200000, 0x0000000082200000|100%| O|  |TAMS 0x0000000082200000, 0x0000000082200000| Untracked 
|  34|0x0000000082200000, 0x0000000082300000, 0x0000000082300000|100%| O|  |TAMS 0x0000000082300000, 0x0000000082300000| Untracked 
|  35|0x0000000082300000, 0x0000000082400000, 0x0000000082400000|100%| O|  |TAMS 0x0000000082400000, 0x0000000082400000| Untracked 
|  36|0x0000000082400000, 0x0000000082500000, 0x0000000082500000|100%| O|  |TAMS 0x0000000082500000, 0x0000000082500000| Untracked 
|  37|0x0000000082500000, 0x0000000082600000, 0x0000000082600000|100%| O|  |TAMS 0x0000000082600000, 0x0000000082600000| Untracked 
|  38|0x0000000082600000, 0x0000000082700000, 0x0000000082700000|100%| O|  |TAMS 0x0000000082700000, 0x0000000082700000| Untracked 
|  39|0x0000000082700000, 0x0000000082800000, 0x0000000082800000|100%| O|  |TAMS 0x0000000082800000, 0x0000000082800000| Untracked 
|  40|0x0000000082800000, 0x0000000082900000, 0x0000000082900000|100%| O|  |TAMS 0x0000000082900000, 0x0000000082900000| Untracked 
|  41|0x0000000082900000, 0x0000000082a00000, 0x0000000082a00000|100%| O|  |TAMS 0x0000000082a00000, 0x0000000082a00000| Untracked 
|  42|0x0000000082a00000, 0x0000000082b00000, 0x0000000082b00000|100%| O|  |TAMS 0x0000000082b00000, 0x0000000082b00000| Untracked 
|  43|0x0000000082b00000, 0x0000000082c00000, 0x0000000082c00000|100%| O|  |TAMS 0x0000000082c00000, 0x0000000082c00000| Untracked 
|  44|0x0000000082c00000, 0x0000000082d00000, 0x0000000082d00000|100%| O|  |TAMS 0x0000000082d00000, 0x0000000082d00000| Untracked 
|  45|0x0000000082d00000, 0x0000000082e00000, 0x0000000082e00000|100%| O|  |TAMS 0x0000000082e00000, 0x0000000082e00000| Untracked 
|  46|0x0000000082e00000, 0x0000000082f00000, 0x0000000082f00000|100%| O|  |TAMS 0x0000000082f00000, 0x0000000082f00000| Untracked 
|  47|0x0000000082f00000, 0x0000000083000000, 0x0000000083000000|100%| O|  |TAMS 0x0000000083000000, 0x0000000083000000| Untracked 
|  48|0x0000000083000000, 0x0000000083100000, 0x0000000083100000|100%| O|  |TAMS 0x0000000083100000, 0x0000000083100000| Untracked 
|  49|0x0000000083100000, 0x0000000083200000, 0x0000000083200000|100%| O|  |TAMS 0x0000000083200000, 0x0000000083200000| Untracked 
|  50|0x0000000083200000, 0x0000000083300000, 0x0000000083300000|100%| O|  |TAMS 0x0000000083300000, 0x0000000083300000| Untracked 
|  51|0x0000000083300000, 0x0000000083400000, 0x0000000083400000|100%| O|  |TAMS 0x0000000083400000, 0x0000000083400000| Untracked 
|  52|0x0000000083400000, 0x0000000083500000, 0x0000000083500000|100%| O|  |TAMS 0x0000000083500000, 0x0000000083500000| Untracked 
|  53|0x0000000083500000, 0x0000000083600000, 0x0000000083600000|100%| O|  |TAMS 0x0000000083600000, 0x0000000083600000| Untracked 
|  54|0x0000000083600000, 0x0000000083700000, 0x0000000083700000|100%| O|  |TAMS 0x0000000083700000, 0x0000000083700000| Untracked 
|  55|0x0000000083700000, 0x0000000083800000, 0x0000000083800000|100%| O|  |TAMS 0x0000000083800000, 0x0000000083800000| Untracked 
|  56|0x0000000083800000, 0x0000000083900000, 0x0000000083900000|100%| O|  |TAMS 0x0000000083900000, 0x0000000083900000| Untracked 
|  57|0x0000000083900000, 0x0000000083a00000, 0x0000000083a00000|100%| O|  |TAMS 0x0000000083a00000, 0x0000000083a00000| Untracked 
|  58|0x0000000083a00000, 0x0000000083b00000, 0x0000000083b00000|100%| O|  |TAMS 0x0000000083a58600, 0x0000000083b00000| Untracked 
|  59|0x0000000083b00000, 0x0000000083c00000, 0x0000000083c00000|100%| O|  |TAMS 0x0000000083b00000, 0x0000000083c00000| Untracked 
|  60|0x0000000083c00000, 0x0000000083d00000, 0x0000000083d00000|100%| O|  |TAMS 0x0000000083c00000, 0x0000000083d00000| Untracked 
|  61|0x0000000083d00000, 0x0000000083e00000, 0x0000000083e00000|100%| O|  |TAMS 0x0000000083d00000, 0x0000000083e00000| Untracked 
|  62|0x0000000083e00000, 0x0000000083f00000, 0x0000000083f00000|100%| O|  |TAMS 0x0000000083e00000, 0x0000000083f00000| Untracked 
|  63|0x0000000083f00000, 0x0000000084000000, 0x0000000084000000|100%| O|  |TAMS 0x0000000083f00000, 0x0000000084000000| Untracked 
|  64|0x0000000084000000, 0x0000000084100000, 0x0000000084100000|100%| O|  |TAMS 0x0000000084000000, 0x0000000084100000| Untracked 
|  65|0x0000000084100000, 0x0000000084200000, 0x0000000084200000|100%| O|  |TAMS 0x0000000084100000, 0x0000000084200000| Untracked 
|  66|0x0000000084200000, 0x0000000084300000, 0x0000000084300000|100%| O|  |TAMS 0x0000000084200000, 0x0000000084300000| Untracked 
|  67|0x0000000084300000, 0x0000000084400000, 0x0000000084400000|100%| O|  |TAMS 0x0000000084300000, 0x0000000084400000| Untracked 
|  68|0x0000000084400000, 0x0000000084500000, 0x0000000084500000|100%| O|  |TAMS 0x0000000084400000, 0x0000000084500000| Untracked 
|  69|0x0000000084500000, 0x0000000084600000, 0x0000000084600000|100%| O|  |TAMS 0x0000000084500000, 0x0000000084600000| Untracked 
|  70|0x0000000084600000, 0x0000000084700000, 0x0000000084700000|100%| O|  |TAMS 0x0000000084600000, 0x0000000084700000| Untracked 
|  71|0x0000000084700000, 0x0000000084800000, 0x0000000084800000|100%| O|  |TAMS 0x0000000084700000, 0x0000000084800000| Untracked 
|  72|0x0000000084800000, 0x0000000084900000, 0x0000000084900000|100%| O|  |TAMS 0x0000000084800000, 0x0000000084900000| Untracked 
|  73|0x0000000084900000, 0x0000000084a00000, 0x0000000084a00000|100%| O|  |TAMS 0x0000000084900000, 0x0000000084a00000| Untracked 
|  74|0x0000000084a00000, 0x0000000084b00000, 0x0000000084b00000|100%| O|  |TAMS 0x0000000084a00000, 0x0000000084b00000| Untracked 
|  75|0x0000000084b00000, 0x0000000084c00000, 0x0000000084c00000|100%| O|  |TAMS 0x0000000084b00000, 0x0000000084c00000| Untracked 
|  76|0x0000000084c00000, 0x0000000084d00000, 0x0000000084d00000|100%| O|  |TAMS 0x0000000084c00000, 0x0000000084d00000| Untracked 
|  77|0x0000000084d00000, 0x0000000084e00000, 0x0000000084e00000|100%| O|  |TAMS 0x0000000084d00000, 0x0000000084e00000| Untracked 
|  78|0x0000000084e00000, 0x0000000084f00000, 0x0000000084f00000|100%| O|  |TAMS 0x0000000084e00000, 0x0000000084f00000| Untracked 
|  79|0x0000000084f00000, 0x0000000085000000, 0x0000000085000000|100%| O|  |TAMS 0x0000000084f00000, 0x0000000085000000| Untracked 
|  80|0x0000000085000000, 0x0000000085100000, 0x0000000085100000|100%| O|  |TAMS 0x0000000085000000, 0x0000000085100000| Untracked 
|  81|0x0000000085100000, 0x0000000085200000, 0x0000000085200000|100%| O|  |TAMS 0x0000000085100000, 0x0000000085200000| Untracked 
|  82|0x0000000085200000, 0x0000000085300000, 0x0000000085300000|100%| O|  |TAMS 0x0000000085200000, 0x0000000085300000| Untracked 
|  83|0x0000000085300000, 0x0000000085400000, 0x0000000085400000|100%| O|  |TAMS 0x0000000085300000, 0x0000000085400000| Untracked 
|  84|0x0000000085400000, 0x0000000085500000, 0x0000000085500000|100%| O|  |TAMS 0x0000000085400000, 0x0000000085500000| Untracked 
|  85|0x0000000085500000, 0x0000000085600000, 0x0000000085600000|100%| O|  |TAMS 0x0000000085500000, 0x0000000085600000| Untracked 
|  86|0x0000000085600000, 0x0000000085700000, 0x0000000085700000|100%| O|  |TAMS 0x0000000085600000, 0x0000000085700000| Untracked 
|  87|0x0000000085700000, 0x0000000085800000, 0x0000000085800000|100%| O|  |TAMS 0x0000000085700000, 0x0000000085800000| Untracked 
|  88|0x0000000085800000, 0x0000000085900000, 0x0000000085900000|100%| O|  |TAMS 0x0000000085800000, 0x0000000085900000| Untracked 
|  89|0x0000000085900000, 0x0000000085a00000, 0x0000000085a00000|100%| O|  |TAMS 0x0000000085900000, 0x0000000085a00000| Untracked 
|  90|0x0000000085a00000, 0x0000000085b00000, 0x0000000085b00000|100%| O|  |TAMS 0x0000000085a00000, 0x0000000085b00000| Untracked 
|  91|0x0000000085b00000, 0x0000000085c00000, 0x0000000085c00000|100%| O|  |TAMS 0x0000000085b00000, 0x0000000085c00000| Untracked 
|  92|0x0000000085c00000, 0x0000000085d00000, 0x0000000085d00000|100%| O|  |TAMS 0x0000000085c00000, 0x0000000085d00000| Untracked 
|  93|0x0000000085d00000, 0x0000000085e00000, 0x0000000085e00000|100%| O|  |TAMS 0x0000000085d00000, 0x0000000085e00000| Untracked 
|  94|0x0000000085e00000, 0x0000000085f00000, 0x0000000085f00000|100%| O|  |TAMS 0x0000000085e00000, 0x0000000085f00000| Untracked 
|  95|0x0000000085f00000, 0x0000000086000000, 0x0000000086000000|100%| O|  |TAMS 0x0000000085f00000, 0x0000000086000000| Untracked 
|  96|0x0000000086000000, 0x0000000086100000, 0x0000000086100000|100%| O|  |TAMS 0x0000000086000000, 0x0000000086100000| Untracked 
|  97|0x0000000086100000, 0x0000000086200000, 0x0000000086200000|100%| O|  |TAMS 0x0000000086100000, 0x0000000086200000| Untracked 
|  98|0x0000000086200000, 0x0000000086300000, 0x0000000086300000|100%| O|  |TAMS 0x0000000086200000, 0x0000000086300000| Untracked 
|  99|0x0000000086300000, 0x0000000086400000, 0x0000000086400000|100%| O|  |TAMS 0x0000000086300000, 0x0000000086400000| Untracked 
| 100|0x0000000086400000, 0x0000000086500000, 0x0000000086500000|100%| O|  |TAMS 0x0000000086400000, 0x0000000086500000| Untracked 
| 101|0x0000000086500000, 0x0000000086600000, 0x0000000086600000|100%| O|  |TAMS 0x0000000086500000, 0x0000000086600000| Untracked 
| 102|0x0000000086600000, 0x0000000086700000, 0x0000000086700000|100%| O|  |TAMS 0x0000000086600000, 0x0000000086700000| Untracked 
| 103|0x0000000086700000, 0x0000000086800000, 0x0000000086800000|100%| O|  |TAMS 0x0000000086700000, 0x0000000086800000| Untracked 
| 104|0x0000000086800000, 0x0000000086900000, 0x0000000086900000|100%| O|  |TAMS 0x0000000086800000, 0x0000000086900000| Untracked 
| 105|0x0000000086900000, 0x0000000086a00000, 0x0000000086a00000|100%| O|  |TAMS 0x0000000086900000, 0x0000000086a00000| Untracked 
| 106|0x0000000086a00000, 0x0000000086b00000, 0x0000000086b00000|100%| O|  |TAMS 0x0000000086a00000, 0x0000000086b00000| Untracked 
| 107|0x0000000086b00000, 0x0000000086c00000, 0x0000000086c00000|100%| O|  |TAMS 0x0000000086b00000, 0x0000000086c00000| Untracked 
| 108|0x0000000086c00000, 0x0000000086d00000, 0x0000000086d00000|100%| O|  |TAMS 0x0000000086c00000, 0x0000000086d00000| Untracked 
| 109|0x0000000086d00000, 0x0000000086e00000, 0x0000000086e00000|100%| O|  |TAMS 0x0000000086d00000, 0x0000000086e00000| Untracked 
| 110|0x0000000086e00000, 0x0000000086f00000, 0x0000000086f00000|100%| O|  |TAMS 0x0000000086e00000, 0x0000000086f00000| Untracked 
| 111|0x0000000086f00000, 0x0000000087000000, 0x0000000087000000|100%| O|  |TAMS 0x0000000086f00000, 0x0000000087000000| Untracked 
| 112|0x0000000087000000, 0x0000000087100000, 0x0000000087100000|100%| O|  |TAMS 0x0000000087000000, 0x0000000087100000| Untracked 
| 113|0x0000000087100000, 0x0000000087200000, 0x0000000087200000|100%| O|  |TAMS 0x0000000087100000, 0x0000000087200000| Untracked 
| 114|0x0000000087200000, 0x0000000087300000, 0x0000000087300000|100%| O|  |TAMS 0x0000000087200000, 0x0000000087300000| Untracked 
| 115|0x0000000087300000, 0x0000000087400000, 0x0000000087400000|100%| O|  |TAMS 0x0000000087300000, 0x0000000087400000| Untracked 
| 116|0x0000000087400000, 0x0000000087500000, 0x0000000087500000|100%| O|  |TAMS 0x0000000087400000, 0x0000000087500000| Untracked 
| 117|0x0000000087500000, 0x0000000087600000, 0x0000000087600000|100%| O|  |TAMS 0x0000000087500000, 0x0000000087600000| Untracked 
| 118|0x0000000087600000, 0x0000000087700000, 0x0000000087700000|100%| O|  |TAMS 0x0000000087600000, 0x0000000087700000| Untracked 
| 119|0x0000000087700000, 0x0000000087800000, 0x0000000087800000|100%| O|  |TAMS 0x0000000087700000, 0x0000000087800000| Untracked 
| 120|0x0000000087800000, 0x0000000087900000, 0x0000000087900000|100%| O|  |TAMS 0x0000000087800000, 0x0000000087900000| Untracked 
| 121|0x0000000087900000, 0x0000000087a00000, 0x0000000087a00000|100%| O|  |TAMS 0x0000000087900000, 0x0000000087a00000| Untracked 
| 122|0x0000000087a00000, 0x0000000087b00000, 0x0000000087b00000|100%| O|  |TAMS 0x0000000087a00000, 0x0000000087b00000| Untracked 
| 123|0x0000000087b00000, 0x0000000087c00000, 0x0000000087c00000|100%| O|  |TAMS 0x0000000087b00000, 0x0000000087c00000| Untracked 
| 124|0x0000000087c00000, 0x0000000087d00000, 0x0000000087d00000|100%| O|  |TAMS 0x0000000087c00000, 0x0000000087d00000| Untracked 
| 125|0x0000000087d00000, 0x0000000087e00000, 0x0000000087e00000|100%| O|  |TAMS 0x0000000087d00000, 0x0000000087e00000| Untracked 
| 126|0x0000000087e00000, 0x0000000087f00000, 0x0000000087f00000|100%| O|  |TAMS 0x0000000087e00000, 0x0000000087f00000| Untracked 
| 127|0x0000000087f00000, 0x0000000088000000, 0x0000000088000000|100%| O|  |TAMS 0x0000000087f00000, 0x0000000088000000| Untracked 
| 128|0x0000000088000000, 0x0000000088100000, 0x0000000088100000|100%| O|  |TAMS 0x0000000088000000, 0x0000000088100000| Untracked 
| 129|0x0000000088100000, 0x0000000088200000, 0x0000000088200000|100%| O|  |TAMS 0x0000000088100000, 0x0000000088200000| Untracked 
| 130|0x0000000088200000, 0x0000000088300000, 0x0000000088300000|100%| O|  |TAMS 0x0000000088200000, 0x0000000088300000| Untracked 
| 131|0x0000000088300000, 0x0000000088400000, 0x0000000088400000|100%| O|  |TAMS 0x0000000088300000, 0x0000000088400000| Untracked 
| 132|0x0000000088400000, 0x0000000088500000, 0x0000000088500000|100%| O|  |TAMS 0x0000000088400000, 0x0000000088500000| Untracked 
| 133|0x0000000088500000, 0x0000000088600000, 0x0000000088600000|100%| O|  |TAMS 0x0000000088500000, 0x0000000088600000| Untracked 
| 134|0x0000000088600000, 0x0000000088700000, 0x0000000088700000|100%| O|  |TAMS 0x0000000088600000, 0x0000000088700000| Untracked 
| 135|0x0000000088700000, 0x0000000088800000, 0x0000000088800000|100%| O|  |TAMS 0x0000000088700000, 0x0000000088800000| Untracked 
| 136|0x0000000088800000, 0x0000000088900000, 0x0000000088900000|100%| O|  |TAMS 0x0000000088800000, 0x0000000088900000| Untracked 
| 137|0x0000000088900000, 0x0000000088a00000, 0x0000000088a00000|100%| O|  |TAMS 0x0000000088900000, 0x0000000088a00000| Untracked 
| 138|0x0000000088a00000, 0x0000000088b00000, 0x0000000088b00000|100%| O|  |TAMS 0x0000000088a00000, 0x0000000088b00000| Untracked 
| 139|0x0000000088b00000, 0x0000000088c00000, 0x0000000088c00000|100%| O|  |TAMS 0x0000000088b00000, 0x0000000088c00000| Untracked 
| 140|0x0000000088c00000, 0x0000000088d00000, 0x0000000088d00000|100%| O|  |TAMS 0x0000000088c00000, 0x0000000088d00000| Untracked 
| 141|0x0000000088d00000, 0x0000000088e00000, 0x0000000088e00000|100%| O|  |TAMS 0x0000000088d00000, 0x0000000088e00000| Untracked 
| 142|0x0000000088e00000, 0x0000000088f00000, 0x0000000088f00000|100%| O|  |TAMS 0x0000000088e00000, 0x0000000088f00000| Untracked 
| 143|0x0000000088f00000, 0x0000000089000000, 0x0000000089000000|100%| O|  |TAMS 0x0000000088f00000, 0x0000000089000000| Untracked 
| 144|0x0000000089000000, 0x0000000089100000, 0x0000000089100000|100%| O|  |TAMS 0x0000000089000000, 0x0000000089100000| Untracked 
| 145|0x0000000089100000, 0x0000000089200000, 0x0000000089200000|100%| O|  |TAMS 0x0000000089100000, 0x0000000089200000| Untracked 
| 146|0x0000000089200000, 0x0000000089300000, 0x0000000089300000|100%| O|  |TAMS 0x0000000089200000, 0x0000000089300000| Untracked 
| 147|0x0000000089300000, 0x0000000089400000, 0x0000000089400000|100%| O|  |TAMS 0x0000000089300000, 0x0000000089400000| Untracked 
| 148|0x0000000089400000, 0x0000000089500000, 0x0000000089500000|100%| O|  |TAMS 0x0000000089400000, 0x0000000089500000| Untracked 
| 149|0x0000000089500000, 0x0000000089600000, 0x0000000089600000|100%| O|  |TAMS 0x0000000089500000, 0x0000000089600000| Untracked 
| 150|0x0000000089600000, 0x0000000089700000, 0x0000000089700000|100%| O|  |TAMS 0x0000000089600000, 0x0000000089700000| Untracked 
| 151|0x0000000089700000, 0x0000000089800000, 0x0000000089800000|100%| O|  |TAMS 0x0000000089700000, 0x0000000089800000| Untracked 
| 152|0x0000000089800000, 0x0000000089900000, 0x0000000089900000|100%| O|  |TAMS 0x0000000089800000, 0x0000000089900000| Untracked 
| 153|0x0000000089900000, 0x0000000089a00000, 0x0000000089a00000|100%| O|  |TAMS 0x0000000089900000, 0x0000000089900000| Untracked 
| 154|0x0000000089a00000, 0x0000000089b00000, 0x0000000089b00000|100%| O|  |TAMS 0x0000000089a00000, 0x0000000089a00000| Untracked 
| 155|0x0000000089b00000, 0x0000000089c00000, 0x0000000089c00000|100%| O|  |TAMS 0x0000000089b00000, 0x0000000089b00000| Untracked 
| 156|0x0000000089c00000, 0x0000000089d00000, 0x0000000089d00000|100%| O|  |TAMS 0x0000000089c00000, 0x0000000089c00000| Untracked 
| 157|0x0000000089d00000, 0x0000000089e00000, 0x0000000089e00000|100%| O|  |TAMS 0x0000000089d00000, 0x0000000089d00000| Untracked 
| 158|0x0000000089e00000, 0x0000000089f00000, 0x0000000089f00000|100%| O|  |TAMS 0x0000000089e00000, 0x0000000089e00000| Untracked 
| 159|0x0000000089f00000, 0x000000008a000000, 0x000000008a000000|100%|HS|  |TAMS 0x000000008a000000, 0x000000008a000000| Complete 
| 160|0x000000008a000000, 0x000000008a100000, 0x000000008a100000|100%|HC|  |TAMS 0x000000008a100000, 0x000000008a100000| Complete 
| 161|0x000000008a100000, 0x000000008a200000, 0x000000008a200000|100%|HC|  |TAMS 0x000000008a200000, 0x000000008a200000| Complete 
| 162|0x000000008a200000, 0x000000008a300000, 0x000000008a300000|100%|HC|  |TAMS 0x000000008a300000, 0x000000008a300000| Complete 
| 163|0x000000008a300000, 0x000000008a400000, 0x000000008a400000|100%|HC|  |TAMS 0x000000008a400000, 0x000000008a400000| Complete 
| 164|0x000000008a400000, 0x000000008a500000, 0x000000008a500000|100%|HC|  |TAMS 0x000000008a500000, 0x000000008a500000| Complete 
| 165|0x000000008a500000, 0x000000008a600000, 0x000000008a600000|100%|HC|  |TAMS 0x000000008a600000, 0x000000008a600000| Complete 
| 166|0x000000008a600000, 0x000000008a700000, 0x000000008a700000|100%|HC|  |TAMS 0x000000008a700000, 0x000000008a700000| Complete 
| 167|0x000000008a700000, 0x000000008a800000, 0x000000008a800000|100%|HC|  |TAMS 0x000000008a800000, 0x000000008a800000| Complete 
| 168|0x000000008a800000, 0x000000008a900000, 0x000000008a900000|100%|HC|  |TAMS 0x000000008a900000, 0x000000008a900000| Complete 
| 169|0x000000008a900000, 0x000000008aa00000, 0x000000008aa00000|100%|HC|  |TAMS 0x000000008aa00000, 0x000000008aa00000| Complete 
| 170|0x000000008aa00000, 0x000000008ab00000, 0x000000008ab00000|100%|HC|  |TAMS 0x000000008ab00000, 0x000000008ab00000| Complete 
| 171|0x000000008ab00000, 0x000000008ac00000, 0x000000008ac00000|100%|HC|  |TAMS 0x000000008ac00000, 0x000000008ac00000| Complete 
| 172|0x000000008ac00000, 0x000000008ad00000, 0x000000008ad00000|100%|HC|  |TAMS 0x000000008ad00000, 0x000000008ad00000| Complete 
| 173|0x000000008ad00000, 0x000000008ae00000, 0x000000008ae00000|100%|HC|  |TAMS 0x000000008ae00000, 0x000000008ae00000| Complete 
| 174|0x000000008ae00000, 0x000000008af00000, 0x000000008af00000|100%|HC|  |TAMS 0x000000008af00000, 0x000000008af00000| Complete 
| 175|0x000000008af00000, 0x000000008b000000, 0x000000008b000000|100%|HC|  |TAMS 0x000000008b000000, 0x000000008b000000| Complete 
| 176|0x000000008b000000, 0x000000008b100000, 0x000000008b100000|100%|HC|  |TAMS 0x000000008b100000, 0x000000008b100000| Complete 
| 177|0x000000008b100000, 0x000000008b200000, 0x000000008b200000|100%|HC|  |TAMS 0x000000008b200000, 0x000000008b200000| Complete 
| 178|0x000000008b200000, 0x000000008b300000, 0x000000008b300000|100%|HC|  |TAMS 0x000000008b300000, 0x000000008b300000| Complete 
| 179|0x000000008b300000, 0x000000008b400000, 0x000000008b400000|100%|HC|  |TAMS 0x000000008b400000, 0x000000008b400000| Complete 
| 180|0x000000008b400000, 0x000000008b500000, 0x000000008b500000|100%|HC|  |TAMS 0x000000008b500000, 0x000000008b500000| Complete 
| 181|0x000000008b500000, 0x000000008b600000, 0x000000008b600000|100%|HC|  |TAMS 0x000000008b600000, 0x000000008b600000| Complete 
| 182|0x000000008b600000, 0x000000008b700000, 0x000000008b700000|100%|HC|  |TAMS 0x000000008b700000, 0x000000008b700000| Complete 
| 183|0x000000008b700000, 0x000000008b800000, 0x000000008b800000|100%|HC|  |TAMS 0x000000008b800000, 0x000000008b800000| Complete 
| 184|0x000000008b800000, 0x000000008b900000, 0x000000008b900000|100%|HC|  |TAMS 0x000000008b900000, 0x000000008b900000| Complete 
| 185|0x000000008b900000, 0x000000008ba00000, 0x000000008ba00000|100%|HC|  |TAMS 0x000000008ba00000, 0x000000008ba00000| Complete 
| 186|0x000000008ba00000, 0x000000008bb00000, 0x000000008bb00000|100%|HC|  |TAMS 0x000000008bb00000, 0x000000008bb00000| Complete 
| 187|0x000000008bb00000, 0x000000008bc00000, 0x000000008bc00000|100%|HC|  |TAMS 0x000000008bc00000, 0x000000008bc00000| Complete 
| 188|0x000000008bc00000, 0x000000008bd00000, 0x000000008bd00000|100%|HC|  |TAMS 0x000000008bd00000, 0x000000008bd00000| Complete 
| 189|0x000000008bd00000, 0x000000008be00000, 0x000000008be00000|100%|HC|  |TAMS 0x000000008be00000, 0x000000008be00000| Complete 
| 190|0x000000008be00000, 0x000000008bf00000, 0x000000008bf00000|100%| O|  |TAMS 0x000000008be00000, 0x000000008be00000| Untracked 
| 191|0x000000008bf00000, 0x000000008c000000, 0x000000008c000000|100%| O|  |TAMS 0x000000008bf00000, 0x000000008bf00000| Untracked 
| 192|0x000000008c000000, 0x000000008c100000, 0x000000008c100000|100%| O|  |TAMS 0x000000008c000000, 0x000000008c000000| Untracked 
| 193|0x000000008c100000, 0x000000008c200000, 0x000000008c200000|100%| O|  |TAMS 0x000000008c100000, 0x000000008c100000| Untracked 
| 194|0x000000008c200000, 0x000000008c300000, 0x000000008c300000|100%| O|  |TAMS 0x000000008c200000, 0x000000008c200000| Untracked 
| 195|0x000000008c300000, 0x000000008c400000, 0x000000008c400000|100%| O|  |TAMS 0x000000008c300000, 0x000000008c300000| Untracked 
| 196|0x000000008c400000, 0x000000008c500000, 0x000000008c500000|100%| O|  |TAMS 0x000000008c400000, 0x000000008c400000| Untracked 
| 197|0x000000008c500000, 0x000000008c600000, 0x000000008c600000|100%| O|  |TAMS 0x000000008c500000, 0x000000008c500000| Untracked 
| 198|0x000000008c600000, 0x000000008c700000, 0x000000008c700000|100%| O|  |TAMS 0x000000008c600000, 0x000000008c600000| Untracked 
| 199|0x000000008c700000, 0x000000008c800000, 0x000000008c800000|100%| O|  |TAMS 0x000000008c700000, 0x000000008c700000| Untracked 
| 200|0x000000008c800000, 0x000000008c900000, 0x000000008c900000|100%| O|  |TAMS 0x000000008c800000, 0x000000008c800000| Untracked 
| 201|0x000000008c900000, 0x000000008ca00000, 0x000000008ca00000|100%| O|  |TAMS 0x000000008c900000, 0x000000008c900000| Untracked 
| 202|0x000000008ca00000, 0x000000008cb00000, 0x000000008cb00000|100%| O|  |TAMS 0x000000008ca00000, 0x000000008ca00000| Untracked 
| 203|0x000000008cb00000, 0x000000008cc00000, 0x000000008cc00000|100%| O|  |TAMS 0x000000008cb00000, 0x000000008cb00000| Untracked 
| 204|0x000000008cc00000, 0x000000008cd00000, 0x000000008cd00000|100%| O|  |TAMS 0x000000008cc00000, 0x000000008cc00000| Untracked 
| 205|0x000000008cd00000, 0x000000008ce00000, 0x000000008ce00000|100%| O|  |TAMS 0x000000008cd00000, 0x000000008cd00000| Untracked 
| 206|0x000000008ce00000, 0x000000008cf00000, 0x000000008cf00000|100%| O|  |TAMS 0x000000008ce00000, 0x000000008ce00000| Untracked 
| 207|0x000000008cf00000, 0x000000008d000000, 0x000000008d000000|100%| O|  |TAMS 0x000000008cf00000, 0x000000008cf00000| Untracked 
| 208|0x000000008d000000, 0x000000008d100000, 0x000000008d100000|100%| O|  |TAMS 0x000000008d000000, 0x000000008d000000| Untracked 
| 209|0x000000008d100000, 0x000000008d200000, 0x000000008d200000|100%| O|  |TAMS 0x000000008d100000, 0x000000008d100000| Untracked 
| 210|0x000000008d200000, 0x000000008d300000, 0x000000008d300000|100%| O|  |TAMS 0x000000008d200000, 0x000000008d200000| Untracked 
| 211|0x000000008d300000, 0x000000008d400000, 0x000000008d400000|100%| O|  |TAMS 0x000000008d300000, 0x000000008d300000| Untracked 
| 212|0x000000008d400000, 0x000000008d500000, 0x000000008d500000|100%| O|  |TAMS 0x000000008d400000, 0x000000008d400000| Untracked 
| 213|0x000000008d500000, 0x000000008d600000, 0x000000008d600000|100%| O|  |TAMS 0x000000008d500000, 0x000000008d500000| Untracked 
| 214|0x000000008d600000, 0x000000008d700000, 0x000000008d700000|100%| O|  |TAMS 0x000000008d600000, 0x000000008d600000| Untracked 
| 215|0x000000008d700000, 0x000000008d800000, 0x000000008d800000|100%| O|  |TAMS 0x000000008d700000, 0x000000008d700000| Untracked 
| 216|0x000000008d800000, 0x000000008d900000, 0x000000008d900000|100%| O|  |TAMS 0x000000008d800000, 0x000000008d800000| Untracked 
| 217|0x000000008d900000, 0x000000008d980000, 0x000000008da00000| 50%| O|  |TAMS 0x000000008d900000, 0x000000008d900000| Untracked 
| 218|0x000000008da00000, 0x000000008da00000, 0x000000008db00000|  0%| F|  |TAMS 0x000000008da00000, 0x000000008da00000| Untracked 
| 219|0x000000008db00000, 0x000000008db00000, 0x000000008dc00000|  0%| F|  |TAMS 0x000000008db00000, 0x000000008db00000| Untracked 
| 220|0x000000008dc00000, 0x000000008dc00000, 0x000000008dd00000|  0%| F|  |TAMS 0x000000008dc00000, 0x000000008dc00000| Untracked 
| 221|0x000000008dd00000, 0x000000008dd00000, 0x000000008de00000|  0%| F|  |TAMS 0x000000008dd00000, 0x000000008dd00000| Untracked 
| 222|0x000000008de00000, 0x000000008de00000, 0x000000008df00000|  0%| F|  |TAMS 0x000000008de00000, 0x000000008de00000| Untracked 
| 223|0x000000008df00000, 0x000000008df00000, 0x000000008e000000|  0%| F|  |TAMS 0x000000008df00000, 0x000000008df00000| Untracked 
| 224|0x000000008e000000, 0x000000008e000000, 0x000000008e100000|  0%| F|  |TAMS 0x000000008e000000, 0x000000008e000000| Untracked 
| 225|0x000000008e100000, 0x000000008e100000, 0x000000008e200000|  0%| F|  |TAMS 0x000000008e100000, 0x000000008e100000| Untracked 
| 226|0x000000008e200000, 0x000000008e200000, 0x000000008e300000|  0%| F|  |TAMS 0x000000008e200000, 0x000000008e200000| Untracked 
| 227|0x000000008e300000, 0x000000008e300000, 0x000000008e400000|  0%| F|  |TAMS 0x000000008e300000, 0x000000008e300000| Untracked 
| 228|0x000000008e400000, 0x000000008e400000, 0x000000008e500000|  0%| F|  |TAMS 0x000000008e400000, 0x000000008e400000| Untracked 
| 229|0x000000008e500000, 0x000000008e500000, 0x000000008e600000|  0%| F|  |TAMS 0x000000008e500000, 0x000000008e500000| Untracked 
| 230|0x000000008e600000, 0x000000008e600000, 0x000000008e700000|  0%| F|  |TAMS 0x000000008e600000, 0x000000008e600000| Untracked 
| 231|0x000000008e700000, 0x000000008e700000, 0x000000008e800000|  0%| F|  |TAMS 0x000000008e700000, 0x000000008e700000| Untracked 
| 232|0x000000008e800000, 0x000000008e800000, 0x000000008e900000|  0%| F|  |TAMS 0x000000008e800000, 0x000000008e800000| Untracked 
| 233|0x000000008e900000, 0x000000008e900000, 0x000000008ea00000|  0%| F|  |TAMS 0x000000008e900000, 0x000000008e900000| Untracked 
| 234|0x000000008ea00000, 0x000000008ea00000, 0x000000008eb00000|  0%| F|  |TAMS 0x000000008ea00000, 0x000000008ea00000| Untracked 
| 235|0x000000008eb00000, 0x000000008eb00000, 0x000000008ec00000|  0%| F|  |TAMS 0x000000008eb00000, 0x000000008eb00000| Untracked 
| 236|0x000000008ec00000, 0x000000008ec00000, 0x000000008ed00000|  0%| F|  |TAMS 0x000000008ec00000, 0x000000008ec00000| Untracked 
| 237|0x000000008ed00000, 0x000000008ed00000, 0x000000008ee00000|  0%| F|  |TAMS 0x000000008ed00000, 0x000000008ed00000| Untracked 
| 238|0x000000008ee00000, 0x000000008ee00000, 0x000000008ef00000|  0%| F|  |TAMS 0x000000008ee00000, 0x000000008ee00000| Untracked 
| 239|0x000000008ef00000, 0x000000008ef00000, 0x000000008f000000|  0%| F|  |TAMS 0x000000008ef00000, 0x000000008ef00000| Untracked 
| 240|0x000000008f000000, 0x000000008f000000, 0x000000008f100000|  0%| F|  |TAMS 0x000000008f000000, 0x000000008f000000| Untracked 
| 241|0x000000008f100000, 0x000000008f100000, 0x000000008f200000|  0%| F|  |TAMS 0x000000008f100000, 0x000000008f100000| Untracked 
| 242|0x000000008f200000, 0x000000008f200000, 0x000000008f300000|  0%| F|  |TAMS 0x000000008f200000, 0x000000008f200000| Untracked 
| 243|0x000000008f300000, 0x000000008f300000, 0x000000008f400000|  0%| F|  |TAMS 0x000000008f300000, 0x000000008f300000| Untracked 
| 244|0x000000008f400000, 0x000000008f400000, 0x000000008f500000|  0%| F|  |TAMS 0x000000008f400000, 0x000000008f400000| Untracked 
| 245|0x000000008f500000, 0x000000008f500000, 0x000000008f600000|  0%| F|  |TAMS 0x000000008f500000, 0x000000008f500000| Untracked 
| 246|0x000000008f600000, 0x000000008f600000, 0x000000008f700000|  0%| F|  |TAMS 0x000000008f600000, 0x000000008f600000| Untracked 
| 247|0x000000008f700000, 0x000000008f700000, 0x000000008f800000|  0%| F|  |TAMS 0x000000008f700000, 0x000000008f700000| Untracked 
| 248|0x000000008f800000, 0x000000008f800000, 0x000000008f900000|  0%| F|  |TAMS 0x000000008f800000, 0x000000008f800000| Untracked 
| 249|0x000000008f900000, 0x000000008f900000, 0x000000008fa00000|  0%| F|  |TAMS 0x000000008f900000, 0x000000008f900000| Untracked 
| 250|0x000000008fa00000, 0x000000008fa00000, 0x000000008fb00000|  0%| F|  |TAMS 0x000000008fa00000, 0x000000008fa00000| Untracked 
| 251|0x000000008fb00000, 0x000000008fb00000, 0x000000008fc00000|  0%| F|  |TAMS 0x000000008fb00000, 0x000000008fb00000| Untracked 
| 252|0x000000008fc00000, 0x000000008fc00000, 0x000000008fd00000|  0%| F|  |TAMS 0x000000008fc00000, 0x000000008fc00000| Untracked 
| 253|0x000000008fd00000, 0x000000008fd00000, 0x000000008fe00000|  0%| F|  |TAMS 0x000000008fd00000, 0x000000008fd00000| Untracked 
| 254|0x000000008fe00000, 0x000000008fe00000, 0x000000008ff00000|  0%| F|  |TAMS 0x000000008fe00000, 0x000000008fe00000| Untracked 
| 255|0x000000008ff00000, 0x000000008ff00000, 0x0000000090000000|  0%| F|  |TAMS 0x000000008ff00000, 0x000000008ff00000| Untracked 
| 256|0x0000000090000000, 0x0000000090000000, 0x0000000090100000|  0%| F|  |TAMS 0x0000000090000000, 0x0000000090000000| Untracked 
| 257|0x0000000090100000, 0x0000000090100000, 0x0000000090200000|  0%| F|  |TAMS 0x0000000090100000, 0x0000000090100000| Untracked 
| 258|0x0000000090200000, 0x0000000090200000, 0x0000000090300000|  0%| F|  |TAMS 0x0000000090200000, 0x0000000090200000| Untracked 
| 259|0x0000000090300000, 0x0000000090300000, 0x0000000090400000|  0%| F|  |TAMS 0x0000000090300000, 0x0000000090300000| Untracked 
| 260|0x0000000090400000, 0x0000000090400000, 0x0000000090500000|  0%| F|  |TAMS 0x0000000090400000, 0x0000000090400000| Untracked 
| 261|0x0000000090500000, 0x0000000090500000, 0x0000000090600000|  0%| F|  |TAMS 0x0000000090500000, 0x0000000090500000| Untracked 
| 262|0x0000000090600000, 0x0000000090600000, 0x0000000090700000|  0%| F|  |TAMS 0x0000000090600000, 0x0000000090600000| Untracked 
| 263|0x0000000090700000, 0x0000000090700000, 0x0000000090800000|  0%| F|  |TAMS 0x0000000090700000, 0x0000000090700000| Untracked 
| 264|0x0000000090800000, 0x0000000090800000, 0x0000000090900000|  0%| F|  |TAMS 0x0000000090800000, 0x0000000090800000| Untracked 
| 265|0x0000000090900000, 0x0000000090900000, 0x0000000090a00000|  0%| F|  |TAMS 0x0000000090900000, 0x0000000090900000| Untracked 
| 266|0x0000000090a00000, 0x0000000090a00000, 0x0000000090b00000|  0%| F|  |TAMS 0x0000000090a00000, 0x0000000090a00000| Untracked 
| 267|0x0000000090b00000, 0x0000000090b00000, 0x0000000090c00000|  0%| F|  |TAMS 0x0000000090b00000, 0x0000000090b00000| Untracked 
| 268|0x0000000090c00000, 0x0000000090c00000, 0x0000000090d00000|  0%| F|  |TAMS 0x0000000090c00000, 0x0000000090c00000| Untracked 
| 269|0x0000000090d00000, 0x0000000090d00000, 0x0000000090e00000|  0%| F|  |TAMS 0x0000000090d00000, 0x0000000090d00000| Untracked 
| 270|0x0000000090e00000, 0x0000000090e00000, 0x0000000090f00000|  0%| F|  |TAMS 0x0000000090e00000, 0x0000000090e00000| Untracked 
| 271|0x0000000090f00000, 0x0000000090f00000, 0x0000000091000000|  0%| F|  |TAMS 0x0000000090f00000, 0x0000000090f00000| Untracked 
| 272|0x0000000091000000, 0x0000000091000000, 0x0000000091100000|  0%| F|  |TAMS 0x0000000091000000, 0x0000000091000000| Untracked 
| 273|0x0000000091100000, 0x0000000091100000, 0x0000000091200000|  0%| F|  |TAMS 0x0000000091100000, 0x0000000091100000| Untracked 
| 274|0x0000000091200000, 0x0000000091200000, 0x0000000091300000|  0%| F|  |TAMS 0x0000000091200000, 0x0000000091200000| Untracked 
| 275|0x0000000091300000, 0x0000000091300000, 0x0000000091400000|  0%| F|  |TAMS 0x0000000091300000, 0x0000000091300000| Untracked 
| 276|0x0000000091400000, 0x0000000091400000, 0x0000000091500000|  0%| F|  |TAMS 0x0000000091400000, 0x0000000091400000| Untracked 
| 277|0x0000000091500000, 0x0000000091500000, 0x0000000091600000|  0%| F|  |TAMS 0x0000000091500000, 0x0000000091500000| Untracked 
| 278|0x0000000091600000, 0x0000000091600000, 0x0000000091700000|  0%| F|  |TAMS 0x0000000091600000, 0x0000000091600000| Untracked 
| 279|0x0000000091700000, 0x0000000091700000, 0x0000000091800000|  0%| F|  |TAMS 0x0000000091700000, 0x0000000091700000| Untracked 
| 280|0x0000000091800000, 0x0000000091800000, 0x0000000091900000|  0%| F|  |TAMS 0x0000000091800000, 0x0000000091800000| Untracked 
| 281|0x0000000091900000, 0x0000000091900000, 0x0000000091a00000|  0%| F|  |TAMS 0x0000000091900000, 0x0000000091900000| Untracked 
| 282|0x0000000091a00000, 0x0000000091a00000, 0x0000000091b00000|  0%| F|  |TAMS 0x0000000091a00000, 0x0000000091a00000| Untracked 
| 283|0x0000000091b00000, 0x0000000091b00000, 0x0000000091c00000|  0%| F|  |TAMS 0x0000000091b00000, 0x0000000091b00000| Untracked 
| 284|0x0000000091c00000, 0x0000000091c00000, 0x0000000091d00000|  0%| F|  |TAMS 0x0000000091c00000, 0x0000000091c00000| Untracked 
| 285|0x0000000091d00000, 0x0000000091d00000, 0x0000000091e00000|  0%| F|  |TAMS 0x0000000091d00000, 0x0000000091d00000| Untracked 
| 286|0x0000000091e00000, 0x0000000091e00000, 0x0000000091f00000|  0%| F|  |TAMS 0x0000000091e00000, 0x0000000091e00000| Untracked 
| 287|0x0000000091f00000, 0x0000000091f00000, 0x0000000092000000|  0%| F|  |TAMS 0x0000000091f00000, 0x0000000091f00000| Untracked 
| 288|0x0000000092000000, 0x0000000092000000, 0x0000000092100000|  0%| F|  |TAMS 0x0000000092000000, 0x0000000092000000| Untracked 
| 289|0x0000000092100000, 0x0000000092100000, 0x0000000092200000|  0%| F|  |TAMS 0x0000000092100000, 0x0000000092100000| Untracked 
| 290|0x0000000092200000, 0x0000000092200000, 0x0000000092300000|  0%| F|  |TAMS 0x0000000092200000, 0x0000000092200000| Untracked 
| 291|0x0000000092300000, 0x0000000092300000, 0x0000000092400000|  0%| F|  |TAMS 0x0000000092300000, 0x0000000092300000| Untracked 
| 292|0x0000000092400000, 0x0000000092400000, 0x0000000092500000|  0%| F|  |TAMS 0x0000000092400000, 0x0000000092400000| Untracked 
| 293|0x0000000092500000, 0x0000000092500000, 0x0000000092600000|  0%| F|  |TAMS 0x0000000092500000, 0x0000000092500000| Untracked 
| 294|0x0000000092600000, 0x0000000092600000, 0x0000000092700000|  0%| F|  |TAMS 0x0000000092600000, 0x0000000092600000| Untracked 
| 295|0x0000000092700000, 0x0000000092700000, 0x0000000092800000|  0%| F|  |TAMS 0x0000000092700000, 0x0000000092700000| Untracked 
| 296|0x0000000092800000, 0x0000000092800000, 0x0000000092900000|  0%| F|  |TAMS 0x0000000092800000, 0x0000000092800000| Untracked 
| 297|0x0000000092900000, 0x0000000092900000, 0x0000000092a00000|  0%| F|  |TAMS 0x0000000092900000, 0x0000000092900000| Untracked 
| 298|0x0000000092a00000, 0x0000000092a00000, 0x0000000092b00000|  0%| F|  |TAMS 0x0000000092a00000, 0x0000000092a00000| Untracked 
| 299|0x0000000092b00000, 0x0000000092b00000, 0x0000000092c00000|  0%| F|  |TAMS 0x0000000092b00000, 0x0000000092b00000| Untracked 
| 300|0x0000000092c00000, 0x0000000092c00000, 0x0000000092d00000|  0%| F|  |TAMS 0x0000000092c00000, 0x0000000092c00000| Untracked 
| 301|0x0000000092d00000, 0x0000000092d00000, 0x0000000092e00000|  0%| F|  |TAMS 0x0000000092d00000, 0x0000000092d00000| Untracked 
| 302|0x0000000092e00000, 0x0000000092e00000, 0x0000000092f00000|  0%| F|  |TAMS 0x0000000092e00000, 0x0000000092e00000| Untracked 
| 303|0x0000000092f00000, 0x0000000092f00000, 0x0000000093000000|  0%| F|  |TAMS 0x0000000092f00000, 0x0000000092f00000| Untracked 
| 304|0x0000000093000000, 0x0000000093000000, 0x0000000093100000|  0%| F|  |TAMS 0x0000000093000000, 0x0000000093000000| Untracked 
| 305|0x0000000093100000, 0x0000000093100000, 0x0000000093200000|  0%| F|  |TAMS 0x0000000093100000, 0x0000000093100000| Untracked 
| 306|0x0000000093200000, 0x0000000093300000, 0x0000000093300000|100%| S|CS|TAMS 0x0000000093200000, 0x0000000093200000| Complete 
| 307|0x0000000093300000, 0x0000000093400000, 0x0000000093400000|100%| S|CS|TAMS 0x0000000093300000, 0x0000000093300000| Complete 
| 308|0x0000000093400000, 0x0000000093400000, 0x0000000093500000|  0%| F|  |TAMS 0x0000000093400000, 0x0000000093400000| Untracked 
| 309|0x0000000093500000, 0x0000000093500000, 0x0000000093600000|  0%| F|  |TAMS 0x0000000093500000, 0x0000000093500000| Untracked 
| 310|0x0000000093600000, 0x0000000093600000, 0x0000000093700000|  0%| F|  |TAMS 0x0000000093600000, 0x0000000093600000| Untracked 
| 311|0x0000000093700000, 0x0000000093700000, 0x0000000093800000|  0%| F|  |TAMS 0x0000000093700000, 0x0000000093700000| Untracked 
| 312|0x0000000093800000, 0x0000000093800000, 0x0000000093900000|  0%| F|  |TAMS 0x0000000093800000, 0x0000000093800000| Untracked 
| 313|0x0000000093900000, 0x0000000093900000, 0x0000000093a00000|  0%| F|  |TAMS 0x0000000093900000, 0x0000000093900000| Untracked 
| 314|0x0000000093a00000, 0x0000000093a00000, 0x0000000093b00000|  0%| F|  |TAMS 0x0000000093a00000, 0x0000000093a00000| Untracked 
| 315|0x0000000093b00000, 0x0000000093b00000, 0x0000000093c00000|  0%| F|  |TAMS 0x0000000093b00000, 0x0000000093b00000| Untracked 
| 316|0x0000000093c00000, 0x0000000093c00000, 0x0000000093d00000|  0%| F|  |TAMS 0x0000000093c00000, 0x0000000093c00000| Untracked 
| 317|0x0000000093d00000, 0x0000000093d00000, 0x0000000093e00000|  0%| F|  |TAMS 0x0000000093d00000, 0x0000000093d00000| Untracked 
| 318|0x0000000093e00000, 0x0000000093e00000, 0x0000000093f00000|  0%| F|  |TAMS 0x0000000093e00000, 0x0000000093e00000| Untracked 
| 319|0x0000000093f00000, 0x0000000094000000, 0x0000000094000000|100%| S|CS|TAMS 0x0000000093f00000, 0x0000000093f00000| Complete 
| 320|0x0000000094000000, 0x0000000094100000, 0x0000000094100000|100%| S|CS|TAMS 0x0000000094000000, 0x0000000094000000| Complete 
| 321|0x0000000094100000, 0x0000000094200000, 0x0000000094200000|100%| S|CS|TAMS 0x0000000094100000, 0x0000000094100000| Complete 
| 322|0x0000000094200000, 0x0000000094300000, 0x0000000094300000|100%| S|CS|TAMS 0x0000000094200000, 0x0000000094200000| Complete 
| 323|0x0000000094300000, 0x0000000094400000, 0x0000000094400000|100%| S|CS|TAMS 0x0000000094300000, 0x0000000094300000| Complete 
| 324|0x0000000094400000, 0x0000000094500000, 0x0000000094500000|100%| S|CS|TAMS 0x0000000094400000, 0x0000000094400000| Complete 
| 325|0x0000000094500000, 0x0000000094600000, 0x0000000094600000|100%| S|CS|TAMS 0x0000000094500000, 0x0000000094500000| Complete 
| 326|0x0000000094600000, 0x0000000094700000, 0x0000000094700000|100%| S|CS|TAMS 0x0000000094600000, 0x0000000094600000| Complete 
| 327|0x0000000094700000, 0x0000000094800000, 0x0000000094800000|100%| S|CS|TAMS 0x0000000094700000, 0x0000000094700000| Complete 
| 328|0x0000000094800000, 0x0000000094800000, 0x0000000094900000|  0%| F|  |TAMS 0x0000000094800000, 0x0000000094800000| Untracked 
| 329|0x0000000094900000, 0x0000000094900000, 0x0000000094a00000|  0%| F|  |TAMS 0x0000000094900000, 0x0000000094900000| Untracked 
| 330|0x0000000094a00000, 0x0000000094a00000, 0x0000000094b00000|  0%| F|  |TAMS 0x0000000094a00000, 0x0000000094a00000| Untracked 
| 331|0x0000000094b00000, 0x0000000094b00000, 0x0000000094c00000|  0%| F|  |TAMS 0x0000000094b00000, 0x0000000094b00000| Untracked 
| 332|0x0000000094c00000, 0x0000000094c00000, 0x0000000094d00000|  0%| F|  |TAMS 0x0000000094c00000, 0x0000000094c00000| Untracked 
| 333|0x0000000094d00000, 0x0000000094d00000, 0x0000000094e00000|  0%| F|  |TAMS 0x0000000094d00000, 0x0000000094d00000| Untracked 
| 334|0x0000000094e00000, 0x0000000094e00000, 0x0000000094f00000|  0%| F|  |TAMS 0x0000000094e00000, 0x0000000094e00000| Untracked 
| 335|0x0000000094f00000, 0x0000000094f00000, 0x0000000095000000|  0%| F|  |TAMS 0x0000000094f00000, 0x0000000094f00000| Untracked 
| 336|0x0000000095000000, 0x0000000095000000, 0x0000000095100000|  0%| F|  |TAMS 0x0000000095000000, 0x0000000095000000| Untracked 
| 337|0x0000000095100000, 0x0000000095100000, 0x0000000095200000|  0%| F|  |TAMS 0x0000000095100000, 0x0000000095100000| Untracked 
| 338|0x0000000095200000, 0x0000000095200000, 0x0000000095300000|  0%| F|  |TAMS 0x0000000095200000, 0x0000000095200000| Untracked 
| 339|0x0000000095300000, 0x0000000095300000, 0x0000000095400000|  0%| F|  |TAMS 0x0000000095300000, 0x0000000095300000| Untracked 
| 340|0x0000000095400000, 0x0000000095400000, 0x0000000095500000|  0%| F|  |TAMS 0x0000000095400000, 0x0000000095400000| Untracked 
| 341|0x0000000095500000, 0x0000000095500000, 0x0000000095600000|  0%| F|  |TAMS 0x0000000095500000, 0x0000000095500000| Untracked 
| 342|0x0000000095600000, 0x0000000095600000, 0x0000000095700000|  0%| F|  |TAMS 0x0000000095600000, 0x0000000095600000| Untracked 
| 343|0x0000000095700000, 0x0000000095700000, 0x0000000095800000|  0%| F|  |TAMS 0x0000000095700000, 0x0000000095700000| Untracked 
| 344|0x0000000095800000, 0x0000000095800000, 0x0000000095900000|  0%| F|  |TAMS 0x0000000095800000, 0x0000000095800000| Untracked 
| 345|0x0000000095900000, 0x0000000095900000, 0x0000000095a00000|  0%| F|  |TAMS 0x0000000095900000, 0x0000000095900000| Untracked 
| 346|0x0000000095a00000, 0x0000000095a00000, 0x0000000095b00000|  0%| F|  |TAMS 0x0000000095a00000, 0x0000000095a00000| Untracked 
| 347|0x0000000095b00000, 0x0000000095b00000, 0x0000000095c00000|  0%| F|  |TAMS 0x0000000095b00000, 0x0000000095b00000| Untracked 
| 348|0x0000000095c00000, 0x0000000095c00000, 0x0000000095d00000|  0%| F|  |TAMS 0x0000000095c00000, 0x0000000095c00000| Untracked 
| 349|0x0000000095d00000, 0x0000000095d00000, 0x0000000095e00000|  0%| F|  |TAMS 0x0000000095d00000, 0x0000000095d00000| Untracked 
| 350|0x0000000095e00000, 0x0000000095e00000, 0x0000000095f00000|  0%| F|  |TAMS 0x0000000095e00000, 0x0000000095e00000| Untracked 
| 351|0x0000000095f00000, 0x0000000095f00000, 0x0000000096000000|  0%| F|  |TAMS 0x0000000095f00000, 0x0000000095f00000| Untracked 
| 352|0x0000000096000000, 0x0000000096000000, 0x0000000096100000|  0%| F|  |TAMS 0x0000000096000000, 0x0000000096000000| Untracked 
| 353|0x0000000096100000, 0x0000000096100000, 0x0000000096200000|  0%| F|  |TAMS 0x0000000096100000, 0x0000000096100000| Untracked 
| 354|0x0000000096200000, 0x0000000096200000, 0x0000000096300000|  0%| F|  |TAMS 0x0000000096200000, 0x0000000096200000| Untracked 
| 355|0x0000000096300000, 0x0000000096300000, 0x0000000096400000|  0%| F|  |TAMS 0x0000000096300000, 0x0000000096300000| Untracked 
| 356|0x0000000096400000, 0x0000000096400000, 0x0000000096500000|  0%| F|  |TAMS 0x0000000096400000, 0x0000000096400000| Untracked 
| 357|0x0000000096500000, 0x0000000096500000, 0x0000000096600000|  0%| F|  |TAMS 0x0000000096500000, 0x0000000096500000| Untracked 
| 358|0x0000000096600000, 0x0000000096600000, 0x0000000096700000|  0%| F|  |TAMS 0x0000000096600000, 0x0000000096600000| Untracked 
| 359|0x0000000096700000, 0x0000000096700000, 0x0000000096800000|  0%| F|  |TAMS 0x0000000096700000, 0x0000000096700000| Untracked 
| 360|0x0000000096800000, 0x0000000096800000, 0x0000000096900000|  0%| F|  |TAMS 0x0000000096800000, 0x0000000096800000| Untracked 
| 361|0x0000000096900000, 0x0000000096900000, 0x0000000096a00000|  0%| F|  |TAMS 0x0000000096900000, 0x0000000096900000| Untracked 
| 362|0x0000000096a00000, 0x0000000096a00000, 0x0000000096b00000|  0%| F|  |TAMS 0x0000000096a00000, 0x0000000096a00000| Untracked 
| 363|0x0000000096b00000, 0x0000000096b00000, 0x0000000096c00000|  0%| F|  |TAMS 0x0000000096b00000, 0x0000000096b00000| Untracked 
| 364|0x0000000096c00000, 0x0000000096c00000, 0x0000000096d00000|  0%| F|  |TAMS 0x0000000096c00000, 0x0000000096c00000| Untracked 
| 365|0x0000000096d00000, 0x0000000096d00000, 0x0000000096e00000|  0%| F|  |TAMS 0x0000000096d00000, 0x0000000096d00000| Untracked 
| 366|0x0000000096e00000, 0x0000000096e00000, 0x0000000096f00000|  0%| F|  |TAMS 0x0000000096e00000, 0x0000000096e00000| Untracked 
| 367|0x0000000096f00000, 0x0000000096f00000, 0x0000000097000000|  0%| F|  |TAMS 0x0000000096f00000, 0x0000000096f00000| Untracked 
| 368|0x0000000097000000, 0x0000000097000000, 0x0000000097100000|  0%| F|  |TAMS 0x0000000097000000, 0x0000000097000000| Untracked 
| 369|0x0000000097100000, 0x0000000097100000, 0x0000000097200000|  0%| F|  |TAMS 0x0000000097100000, 0x0000000097100000| Untracked 
| 370|0x0000000097200000, 0x0000000097200000, 0x0000000097300000|  0%| F|  |TAMS 0x0000000097200000, 0x0000000097200000| Untracked 
| 371|0x0000000097300000, 0x0000000097300000, 0x0000000097400000|  0%| F|  |TAMS 0x0000000097300000, 0x0000000097300000| Untracked 
| 372|0x0000000097400000, 0x0000000097400000, 0x0000000097500000|  0%| F|  |TAMS 0x0000000097400000, 0x0000000097400000| Untracked 
| 373|0x0000000097500000, 0x0000000097500000, 0x0000000097600000|  0%| F|  |TAMS 0x0000000097500000, 0x0000000097500000| Untracked 
| 374|0x0000000097600000, 0x0000000097600000, 0x0000000097700000|  0%| F|  |TAMS 0x0000000097600000, 0x0000000097600000| Untracked 
| 375|0x0000000097700000, 0x0000000097700000, 0x0000000097800000|  0%| F|  |TAMS 0x0000000097700000, 0x0000000097700000| Untracked 
| 376|0x0000000097800000, 0x0000000097800000, 0x0000000097900000|  0%| F|  |TAMS 0x0000000097800000, 0x0000000097800000| Untracked 
| 377|0x0000000097900000, 0x0000000097900000, 0x0000000097a00000|  0%| F|  |TAMS 0x0000000097900000, 0x0000000097900000| Untracked 
| 378|0x0000000097a00000, 0x0000000097a00000, 0x0000000097b00000|  0%| F|  |TAMS 0x0000000097a00000, 0x0000000097a00000| Untracked 
| 379|0x0000000097b00000, 0x0000000097b00000, 0x0000000097c00000|  0%| F|  |TAMS 0x0000000097b00000, 0x0000000097b00000| Untracked 
| 380|0x0000000097c00000, 0x0000000097c00000, 0x0000000097d00000|  0%| F|  |TAMS 0x0000000097c00000, 0x0000000097c00000| Untracked 
| 381|0x0000000097d00000, 0x0000000097d00000, 0x0000000097e00000|  0%| F|  |TAMS 0x0000000097d00000, 0x0000000097d00000| Untracked 
| 382|0x0000000097e00000, 0x0000000097e00000, 0x0000000097f00000|  0%| F|  |TAMS 0x0000000097e00000, 0x0000000097e00000| Untracked 
| 383|0x0000000097f00000, 0x0000000097f00000, 0x0000000098000000|  0%| F|  |TAMS 0x0000000097f00000, 0x0000000097f00000| Untracked 
| 384|0x0000000098000000, 0x0000000098000000, 0x0000000098100000|  0%| F|  |TAMS 0x0000000098000000, 0x0000000098000000| Untracked 
| 385|0x0000000098100000, 0x0000000098100000, 0x0000000098200000|  0%| F|  |TAMS 0x0000000098100000, 0x0000000098100000| Untracked 
| 386|0x0000000098200000, 0x0000000098200000, 0x0000000098300000|  0%| F|  |TAMS 0x0000000098200000, 0x0000000098200000| Untracked 
| 387|0x0000000098300000, 0x0000000098300000, 0x0000000098400000|  0%| F|  |TAMS 0x0000000098300000, 0x0000000098300000| Untracked 
| 388|0x0000000098400000, 0x0000000098400000, 0x0000000098500000|  0%| F|  |TAMS 0x0000000098400000, 0x0000000098400000| Untracked 
| 389|0x0000000098500000, 0x0000000098500000, 0x0000000098600000|  0%| F|  |TAMS 0x0000000098500000, 0x0000000098500000| Untracked 
| 390|0x0000000098600000, 0x0000000098600000, 0x0000000098700000|  0%| F|  |TAMS 0x0000000098600000, 0x0000000098600000| Untracked 
| 391|0x0000000098700000, 0x0000000098700000, 0x0000000098800000|  0%| F|  |TAMS 0x0000000098700000, 0x0000000098700000| Untracked 
| 392|0x0000000098800000, 0x0000000098800000, 0x0000000098900000|  0%| F|  |TAMS 0x0000000098800000, 0x0000000098800000| Untracked 
| 393|0x0000000098900000, 0x0000000098900000, 0x0000000098a00000|  0%| F|  |TAMS 0x0000000098900000, 0x0000000098900000| Untracked 
| 394|0x0000000098a00000, 0x0000000098a00000, 0x0000000098b00000|  0%| F|  |TAMS 0x0000000098a00000, 0x0000000098a00000| Untracked 
| 395|0x0000000098b00000, 0x0000000098b00000, 0x0000000098c00000|  0%| F|  |TAMS 0x0000000098b00000, 0x0000000098b00000| Untracked 
| 396|0x0000000098c00000, 0x0000000098c00000, 0x0000000098d00000|  0%| F|  |TAMS 0x0000000098c00000, 0x0000000098c00000| Untracked 
| 397|0x0000000098d00000, 0x0000000098d00000, 0x0000000098e00000|  0%| F|  |TAMS 0x0000000098d00000, 0x0000000098d00000| Untracked 
| 398|0x0000000098e00000, 0x0000000098e00000, 0x0000000098f00000|  0%| F|  |TAMS 0x0000000098e00000, 0x0000000098e00000| Untracked 
| 399|0x0000000098f00000, 0x0000000098f00000, 0x0000000099000000|  0%| F|  |TAMS 0x0000000098f00000, 0x0000000098f00000| Untracked 
| 400|0x0000000099000000, 0x0000000099000000, 0x0000000099100000|  0%| F|  |TAMS 0x0000000099000000, 0x0000000099000000| Untracked 
| 401|0x0000000099100000, 0x0000000099100000, 0x0000000099200000|  0%| F|  |TAMS 0x0000000099100000, 0x0000000099100000| Untracked 
| 402|0x0000000099200000, 0x0000000099200000, 0x0000000099300000|  0%| F|  |TAMS 0x0000000099200000, 0x0000000099200000| Untracked 
| 403|0x0000000099300000, 0x0000000099300000, 0x0000000099400000|  0%| F|  |TAMS 0x0000000099300000, 0x0000000099300000| Untracked 
| 404|0x0000000099400000, 0x0000000099400000, 0x0000000099500000|  0%| F|  |TAMS 0x0000000099400000, 0x0000000099400000| Untracked 

Card table byte_map: [0x00000227c26b0000,0x00000227c2ab0000] _byte_map_base: 0x00000227c22b0000

Marking Bits (Prev, Next): (CMBitMap*) 0x00000227add41440, (CMBitMap*) 0x00000227add41480
 Prev Bits: [0x00000227c2eb0000, 0x00000227c4eb0000)
 Next Bits: [0x00000227c4eb0000, 0x00000227c6eb0000)

Polling page: 0x00000227adb30000

Metaspace:

Usage:
  Non-class:     31.35 MB used.
      Class:      3.83 MB used.
       Both:     35.18 MB used.

Virtual space:
  Non-class space:       64.00 MB reserved,      31.50 MB ( 49%) committed,  1 nodes.
      Class space:        1.00 GB reserved,       4.00 MB ( <1%) committed,  1 nodes.
             Both:        1.06 GB reserved,      35.50 MB (  3%) committed. 

Chunk freelists:
   Non-Class:  416.00 KB
       Class:  11.98 MB
        Both:  12.38 MB

MaxMetaspaceSize: unlimited
CompressedClassSpaceSize: 1.00 GB
Initial GC threshold: 21.00 MB
Current GC threshold: 58.88 MB
CDS: off
MetaspaceReclaimPolicy: balanced
 - commit_granule_bytes: 65536.
 - commit_granule_words: 8192.
 - virtual_space_node_default_size: 8388608.
 - enlarge_chunks_in_place: 1.
 - new_chunks_are_fully_committed: 0.
 - uncommit_free_chunks: 1.
 - use_allocation_guard: 0.
 - handle_deallocations: 1.


Internal statistics:

num_allocs_failed_limit: 5.
num_arena_births: 276.
num_arena_deaths: 16.
num_vsnodes_births: 2.
num_vsnodes_deaths: 0.
num_space_committed: 568.
num_space_uncommitted: 0.
num_chunks_returned_to_freelist: 28.
num_chunks_taken_from_freelist: 1290.
num_chunk_merges: 4.
num_chunk_splits: 863.
num_chunks_enlarged: 619.
num_inconsistent_stats: 0.

CodeHeap 'non-profiled nmethods': size=120000Kb used=1604Kb max_used=1604Kb free=118395Kb
 bounds [0x00000227ba760000, 0x00000227ba9d0000, 0x00000227c1c90000]
CodeHeap 'profiled nmethods': size=120000Kb used=6317Kb max_used=6317Kb free=113682Kb
 bounds [0x00000227b2c90000, 0x00000227b32c0000, 0x00000227ba1c0000]
CodeHeap 'non-nmethods': size=5760Kb used=1358Kb max_used=1434Kb free=4401Kb
 bounds [0x00000227ba1c0000, 0x00000227ba430000, 0x00000227ba760000]
 total_blobs=4154 nmethods=3451 adapters=615
 compilation: enabled
              stopped_count=0, restarted_count=0
 full_count=0

Compilation events (20 events):
Event: 4.855 Thread 0x00000227c97405c0 3493       2       com.oracle.js.parser.ir.IdentNode::setIsDirectSuper (28 bytes)
Event: 4.855 Thread 0x00000227c97405c0 nmethod 3493 0x00000227b32b6990 code [0x00000227b32b6b40, 0x00000227b32b6e48]
Event: 4.856 Thread 0x00000227c97405c0 3494       2       com.oracle.js.parser.Parser::unaryExpression (336 bytes)
Event: 4.858 Thread 0x00000227c97405c0 nmethod 3494 0x00000227b32b6f90 code [0x00000227b32b7320, 0x00000227b32b84a8]
Event: 4.858 Thread 0x00000227c97405c0 3495       2       com.oracle.js.parser.Parser::identifier (26 bytes)
Event: 4.858 Thread 0x00000227c97405c0 nmethod 3495 0x00000227b32b8e10 code [0x00000227b32b8fc0, 0x00000227b32b9168]
Event: 4.858 Thread 0x00000227c97405c0 3497       2       com.oracle.js.parser.Parser::identifierReference (21 bytes)
Event: 4.859 Thread 0x00000227c97405c0 nmethod 3497 0x00000227b32b9290 code [0x00000227b32b9440, 0x00000227b32b9608]
Event: 4.862 Thread 0x00000227c97405c0 3499       2       com.oracle.js.parser.Parser::inFormalParameterList (74 bytes)
Event: 4.863 Thread 0x00000227c97405c0 nmethod 3499 0x00000227b32b9790 code [0x00000227b32b99a0, 0x00000227b32b9ef8]
Event: 4.863 Thread 0x00000227c97405c0 3500       2       com.oracle.js.parser.ParserContext::getAllNodes (11 bytes)
Event: 4.863 Thread 0x00000227c97405c0 nmethod 3500 0x00000227b32ba110 code [0x00000227b32ba2c0, 0x00000227b32ba468]
Event: 4.863 Thread 0x00000227c97405c0 3501       2       com.oracle.js.parser.Parser::recordYieldOrAwait (46 bytes)
Event: 4.863 Thread 0x00000227c97405c0 nmethod 3501 0x00000227b32ba590 code [0x00000227b32ba720, 0x00000227b32ba848]
Event: 4.863 Thread 0x00000227c97405c0 3502       2       com.oracle.js.parser.Parser::recordYieldOrAwait (74 bytes)
Event: 4.864 Thread 0x00000227c97405c0 nmethod 3502 0x00000227b32ba910 code [0x00000227b32baae0, 0x00000227b32baf68]
Event: 4.869 Thread 0x00000227ce9c3b00 nmethod 3486 0x00000227ba8eea90 code [0x00000227ba8eed80, 0x00000227ba8f0070]
Event: 4.869 Thread 0x00000227ce9c3b00 3498       4       com.oracle.js.parser.Lexer::scanRegEx (231 bytes)
Event: 4.871 Thread 0x00000227c97405c0 3504       2       com.oracle.js.parser.ir.ClassElement::setSetter (56 bytes)
Event: 4.871 Thread 0x00000227c97405c0 nmethod 3504 0x00000227b32bb210 code [0x00000227b32bb3c0, 0x00000227b32bb608]

GC Heap History (20 events):
Event: 0.979 GC heap after
{Heap after GC invocations=2 (full 0):
 garbage-first heap   total 131072K, used 10896K [0x0000000080000000, 0x0000000100000000)
  region size 1024K, 2 young (2048K), 2 survivors (2048K)
 Metaspace       used 19249K, committed 19520K, reserved 1114112K
  class space    used 1839K, committed 1984K, reserved 1048576K
}
Event: 1.087 GC heap before
{Heap before GC invocations=2 (full 0):
 garbage-first heap   total 131072K, used 16016K [0x0000000080000000, 0x0000000100000000)
  region size 1024K, 8 young (8192K), 2 survivors (2048K)
 Metaspace       used 21307K, committed 21504K, reserved 1114112K
  class space    used 2063K, committed 2176K, reserved 1048576K
}
Event: 1.090 GC heap after
{Heap after GC invocations=3 (full 0):
 garbage-first heap   total 131072K, used 11345K [0x0000000080000000, 0x0000000100000000)
  region size 1024K, 2 young (2048K), 2 survivors (2048K)
 Metaspace       used 21307K, committed 21504K, reserved 1114112K
  class space    used 2063K, committed 2176K, reserved 1048576K
}
Event: 2.498 GC heap before
{Heap before GC invocations=4 (full 0):
 garbage-first heap   total 194560K, used 181329K [0x0000000080000000, 0x0000000100000000)
  region size 1024K, 59 young (60416K), 2 survivors (2048K)
 Metaspace       used 35363K, committed 35712K, reserved 1114112K
  class space    used 3914K, committed 4096K, reserved 1048576K
}
Event: 2.514 GC heap after
{Heap after GC invocations=5 (full 0):
 garbage-first heap   total 194560K, used 52164K [0x0000000080000000, 0x0000000100000000)
  region size 1024K, 10 young (10240K), 10 survivors (10240K)
 Metaspace       used 35363K, committed 35712K, reserved 1114112K
  class space    used 3914K, committed 4096K, reserved 1048576K
}
Event: 2.526 GC heap before
{Heap before GC invocations=5 (full 0):
 garbage-first heap   total 194560K, used 55236K [0x0000000080000000, 0x0000000100000000)
  region size 1024K, 11 young (11264K), 10 survivors (10240K)
 Metaspace       used 35364K, committed 35712K, reserved 1114112K
  class space    used 3914K, committed 4096K, reserved 1048576K
}
Event: 2.538 GC heap after
{Heap after GC invocations=6 (full 0):
 garbage-first heap   total 194560K, used 55020K [0x0000000080000000, 0x0000000100000000)
  region size 1024K, 2 young (2048K), 2 survivors (2048K)
 Metaspace       used 35364K, committed 35712K, reserved 1114112K
  class space    used 3914K, committed 4096K, reserved 1048576K
}
Event: 3.323 GC heap before
{Heap before GC invocations=6 (full 0):
 garbage-first heap   total 194560K, used 150252K [0x0000000080000000, 0x0000000100000000)
  region size 1024K, 88 young (90112K), 2 survivors (2048K)
 Metaspace       used 35816K, committed 36096K, reserved 1114112K
  class space    used 3915K, committed 4096K, reserved 1048576K
}
Event: 3.360 GC heap after
{Heap after GC invocations=7 (full 0):
 garbage-first heap   total 194560K, used 99681K [0x0000000080000000, 0x0000000100000000)
  region size 1024K, 11 young (11264K), 11 survivors (11264K)
 Metaspace       used 35816K, committed 36096K, reserved 1114112K
  class space    used 3915K, committed 4096K, reserved 1048576K
}
Event: 3.576 GC heap before
{Heap before GC invocations=7 (full 0):
 garbage-first heap   total 194560K, used 140641K [0x0000000080000000, 0x0000000100000000)
  region size 1024K, 51 young (52224K), 11 survivors (11264K)
 Metaspace       used 35827K, committed 36160K, reserved 1114112K
  class space    used 3915K, committed 4096K, reserved 1048576K
}
Event: 3.615 GC heap after
{Heap after GC invocations=8 (full 0):
 garbage-first heap   total 414720K, used 119296K [0x0000000080000000, 0x0000000100000000)
  region size 1024K, 7 young (7168K), 7 survivors (7168K)
 Metaspace       used 35827K, committed 36160K, reserved 1114112K
  class space    used 3915K, committed 4096K, reserved 1048576K
}
Event: 3.762 GC heap before
{Heap before GC invocations=8 (full 0):
 garbage-first heap   total 414720K, used 132608K [0x0000000080000000, 0x0000000100000000)
  region size 1024K, 20 young (20480K), 7 survivors (7168K)
 Metaspace       used 35838K, committed 36160K, reserved 1114112K
  class space    used 3915K, committed 4096K, reserved 1048576K
}
Event: 3.778 GC heap after
{Heap after GC invocations=9 (full 0):
 garbage-first heap   total 414720K, used 126464K [0x0000000080000000, 0x0000000100000000)
  region size 1024K, 3 young (3072K), 3 survivors (3072K)
 Metaspace       used 35838K, committed 36160K, reserved 1114112K
  class space    used 3915K, committed 4096K, reserved 1048576K
}
Event: 3.909 GC heap before
{Heap before GC invocations=10 (full 0):
 garbage-first heap   total 414720K, used 143872K [0x0000000080000000, 0x0000000100000000)
  region size 1024K, 20 young (20480K), 3 survivors (3072K)
 Metaspace       used 35820K, committed 36160K, reserved 1114112K
  class space    used 3911K, committed 4096K, reserved 1048576K
}
Event: 3.921 GC heap after
{Heap after GC invocations=11 (full 0):
 garbage-first heap   total 414720K, used 134656K [0x0000000080000000, 0x0000000100000000)
  region size 1024K, 3 young (3072K), 3 survivors (3072K)
 Metaspace       used 35820K, committed 36160K, reserved 1114112K
  class space    used 3911K, committed 4096K, reserved 1048576K
}
Event: 4.293 GC heap before
{Heap before GC invocations=11 (full 0):
 garbage-first heap   total 414720K, used 198144K [0x0000000080000000, 0x0000000100000000)
  region size 1024K, 65 young (66560K), 3 survivors (3072K)
 Metaspace       used 35997K, committed 36352K, reserved 1114112K
  class space    used 3918K, committed 4096K, reserved 1048576K
}
Event: 4.324 GC heap after
{Heap after GC invocations=12 (full 0):
 garbage-first heap   total 414720K, used 164288K [0x0000000080000000, 0x0000000100000000)
  region size 1024K, 9 young (9216K), 9 survivors (9216K)
 Metaspace       used 35997K, committed 36352K, reserved 1114112K
  class space    used 3918K, committed 4096K, reserved 1048576K
}
Event: 4.589 GC heap before
{Heap before GC invocations=12 (full 0):
 garbage-first heap   total 414720K, used 243136K [0x0000000080000000, 0x0000000100000000)
  region size 1024K, 86 young (88064K), 9 survivors (9216K)
 Metaspace       used 36012K, committed 36352K, reserved 1114112K
  class space    used 3918K, committed 4096K, reserved 1048576K
}
Event: 4.643 GC heap after
{Heap after GC invocations=13 (full 0):
 garbage-first heap   total 414720K, used 199680K [0x0000000080000000, 0x0000000100000000)
  region size 1024K, 11 young (11264K), 11 survivors (11264K)
 Metaspace       used 36012K, committed 36352K, reserved 1114112K
  class space    used 3918K, committed 4096K, reserved 1048576K
}
Event: 4.877 GC heap before
{Heap before GC invocations=13 (full 0):
 garbage-first heap   total 414720K, used 278528K [0x0000000080000000, 0x0000000100000000)
  region size 1024K, 88 young (90112K), 11 survivors (11264K)
 Metaspace       used 36019K, committed 36352K, reserved 1114112K
  class space    used 3918K, committed 4096K, reserved 1048576K
}

Dll operation events (1 events):
Event: 0.008 Loaded shared library C:\Program Files\JetBrains\IntelliJ IDEA 2023.2\jbr\bin\java.dll

Deoptimization events (20 events):
Event: 4.863 Thread 0x00000227ce342880 DEOPT PACKING pc=0x00000227b31047ec sp=0x000000dc6f2fb780
Event: 4.863 Thread 0x00000227ce342880 DEOPT UNPACKING pc=0x00000227ba217143 sp=0x000000dc6f2fac50 mode 0
Event: 4.864 Thread 0x00000227ce1f1660 DEOPT PACKING pc=0x00000227b31047ec sp=0x000000dc6e7fbb30
Event: 4.864 Thread 0x00000227ce1f1660 DEOPT UNPACKING pc=0x00000227ba217143 sp=0x000000dc6e7fb000 mode 0
Event: 4.865 Thread 0x00000227ce342880 DEOPT PACKING pc=0x00000227b31047ec sp=0x000000dc6f2fb780
Event: 4.865 Thread 0x00000227ce342880 DEOPT UNPACKING pc=0x00000227ba217143 sp=0x000000dc6f2fac50 mode 0
Event: 4.866 Thread 0x00000227ce1f1660 DEOPT PACKING pc=0x00000227b310480d sp=0x000000dc6e7fbb30
Event: 4.866 Thread 0x00000227ce1f1660 DEOPT UNPACKING pc=0x00000227ba217143 sp=0x000000dc6e7fb000 mode 0
Event: 4.866 Thread 0x00000227ce342880 DEOPT PACKING pc=0x00000227b31047ec sp=0x000000dc6f2fb780
Event: 4.866 Thread 0x00000227ce342880 DEOPT UNPACKING pc=0x00000227ba217143 sp=0x000000dc6f2fac50 mode 0
Event: 4.867 Thread 0x00000227ce1f1660 DEOPT PACKING pc=0x00000227b310480d sp=0x000000dc6e7fbb30
Event: 4.867 Thread 0x00000227ce1f1660 DEOPT UNPACKING pc=0x00000227ba217143 sp=0x000000dc6e7fb000 mode 0
Event: 4.867 Thread 0x00000227ce342880 DEOPT PACKING pc=0x00000227b31047ec sp=0x000000dc6f2fb780
Event: 4.867 Thread 0x00000227ce342880 DEOPT UNPACKING pc=0x00000227ba217143 sp=0x000000dc6f2fac50 mode 0
Event: 4.868 Thread 0x00000227ce1f1660 DEOPT PACKING pc=0x00000227b31047ec sp=0x000000dc6e7fbb30
Event: 4.868 Thread 0x00000227ce1f1660 DEOPT UNPACKING pc=0x00000227ba217143 sp=0x000000dc6e7fb000 mode 0
Event: 4.869 Thread 0x00000227ce1f1660 DEOPT PACKING pc=0x00000227b31047ec sp=0x000000dc6e7fbb30
Event: 4.869 Thread 0x00000227ce1f1660 DEOPT UNPACKING pc=0x00000227ba217143 sp=0x000000dc6e7fb000 mode 0
Event: 4.870 Thread 0x00000227ce1f1660 DEOPT PACKING pc=0x00000227b31047ec sp=0x000000dc6e7fbb30
Event: 4.871 Thread 0x00000227ce1f1660 DEOPT UNPACKING pc=0x00000227ba217143 sp=0x000000dc6e7fb000 mode 0

Classes unloaded (8 events):
Event: 3.790 Thread 0x00000227c94a6820 Unloading class 0x00000001002d5c00 'java/lang/invoke/LambdaForm$MH+0x00000001002d5c00'
Event: 3.790 Thread 0x00000227c94a6820 Unloading class 0x00000001002d5400 'java/lang/invoke/LambdaForm$DMH+0x00000001002d5400'
Event: 3.790 Thread 0x00000227c94a6820 Unloading class 0x00000001002d4c00 'java/lang/invoke/LambdaForm$DMH+0x00000001002d4c00'
Event: 3.790 Thread 0x00000227c94a6820 Unloading class 0x00000001002d4000 'java/lang/invoke/LambdaForm$DMH+0x00000001002d4000'
Event: 3.790 Thread 0x00000227c94a6820 Unloading class 0x0000000100201400 'java/lang/invoke/LambdaForm$DMH+0x0000000100201400'
Event: 3.790 Thread 0x00000227c94a6820 Unloading class 0x00000001001bd000 'jdk/internal/reflect/GeneratedSerializationConstructorAccessor7'
Event: 3.790 Thread 0x00000227c94a6820 Unloading class 0x00000001001bd400 'jdk/internal/reflect/GeneratedSerializationConstructorAccessor5'
Event: 3.790 Thread 0x00000227c94a6820 Unloading class 0x00000001001bc000 'jdk/internal/reflect/GeneratedSerializationConstructorAccessor2'

Classes redefined (0 events):
No events

Internal exceptions (20 events):
Event: 1.518 Thread 0x00000227ce54feb0 Exception <a 'java/net/SocketException'{0x0000000086843218}: Socket is not connected: shutdown> (0x0000000086843218) 
thrown [s\src\hotspot\share\prims\jni.cpp, line 536]
Event: 1.544 Thread 0x00000227ce343220 Implicit null exception at 0x00000227ba791172 to 0x00000227ba79178c
Event: 2.025 Thread 0x00000227ce54f9e0 Exception <a 'java/lang/reflect/InvocationTargetException'{0x000000008695ae50}> (0x000000008695ae50) 
thrown [s\src\hotspot\share\runtime\reflection.cpp, line 1127]
Event: 2.026 Thread 0x00000227ce54f9e0 Exception <a 'java/net/ConnectException'{0x000000008695b4b0}: Connection refused: no further information> (0x000000008695b4b0) 
thrown [s\src\hotspot\share\prims\jni.cpp, line 536]
Event: 2.026 Thread 0x00000227ce54f9e0 Exception <a 'java/net/SocketException'{0x000000008695b7e8}: Socket is not connected: shutdown> (0x000000008695b7e8) 
thrown [s\src\hotspot\share\prims\jni.cpp, line 536]
Event: 2.555 Thread 0x00000227ce54f9e0 Exception <a 'java/lang/reflect/InvocationTargetException'{0x0000000089800d48}> (0x0000000089800d48) 
thrown [s\src\hotspot\share\runtime\reflection.cpp, line 1127]
Event: 2.556 Thread 0x00000227ce54f9e0 Exception <a 'java/net/ConnectException'{0x00000000898013a8}: Connection refused: no further information> (0x00000000898013a8) 
thrown [s\src\hotspot\share\prims\jni.cpp, line 536]
Event: 2.556 Thread 0x00000227ce54f9e0 Exception <a 'java/net/SocketException'{0x00000000898016e0}: Socket is not connected: shutdown> (0x00000000898016e0) 
thrown [s\src\hotspot\share\prims\jni.cpp, line 536]
Event: 3.074 Thread 0x00000227ce54f9e0 Exception <a 'java/lang/reflect/InvocationTargetException'{0x0000000089802b68}> (0x0000000089802b68) 
thrown [s\src\hotspot\share\runtime\reflection.cpp, line 1127]
Event: 3.075 Thread 0x00000227ce54f9e0 Exception <a 'java/net/ConnectException'{0x00000000898031c8}: Connection refused: no further information> (0x00000000898031c8) 
thrown [s\src\hotspot\share\prims\jni.cpp, line 536]
Event: 3.075 Thread 0x00000227ce54f9e0 Exception <a 'java/net/SocketException'{0x0000000089803500}: Socket is not connected: shutdown> (0x0000000089803500) 
thrown [s\src\hotspot\share\prims\jni.cpp, line 536]
Event: 3.743 Thread 0x00000227ce54f9e0 Exception <a 'java/lang/reflect/InvocationTargetException'{0x0000000098a4df48}> (0x0000000098a4df48) 
thrown [s\src\hotspot\share\runtime\reflection.cpp, line 1127]
Event: 3.744 Thread 0x00000227ce54f9e0 Exception <a 'java/net/ConnectException'{0x0000000098a4e5a8}: Connection refused: no further information> (0x0000000098a4e5a8) 
thrown [s\src\hotspot\share\prims\jni.cpp, line 536]
Event: 3.744 Thread 0x00000227ce54f9e0 Exception <a 'java/net/SocketException'{0x0000000098a4e8e0}: Socket is not connected: shutdown> (0x0000000098a4e8e0) 
thrown [s\src\hotspot\share\prims\jni.cpp, line 536]
Event: 4.272 Thread 0x00000227ce54f9e0 Exception <a 'java/lang/reflect/InvocationTargetException'{0x00000000957f64a8}> (0x00000000957f64a8) 
thrown [s\src\hotspot\share\runtime\reflection.cpp, line 1127]
Event: 4.273 Thread 0x00000227ce54f9e0 Exception <a 'java/net/ConnectException'{0x00000000957f6b08}: Connection refused: no further information> (0x00000000957f6b08) 
thrown [s\src\hotspot\share\prims\jni.cpp, line 536]
Event: 4.273 Thread 0x00000227ce54f9e0 Exception <a 'java/net/SocketException'{0x00000000957f6e40}: Socket is not connected: shutdown> (0x00000000957f6e40) 
thrown [s\src\hotspot\share\prims\jni.cpp, line 536]
Event: 4.801 Thread 0x00000227ce54f9e0 Exception <a 'java/lang/reflect/InvocationTargetException'{0x0000000095f00d48}> (0x0000000095f00d48) 
thrown [s\src\hotspot\share\runtime\reflection.cpp, line 1127]
Event: 4.802 Thread 0x00000227ce54f9e0 Exception <a 'java/net/ConnectException'{0x0000000095f013a8}: Connection refused: no further information> (0x0000000095f013a8) 
thrown [s\src\hotspot\share\prims\jni.cpp, line 536]
Event: 4.802 Thread 0x00000227ce54f9e0 Exception <a 'java/net/SocketException'{0x0000000095f016e0}: Socket is not connected: shutdown> (0x0000000095f016e0) 
thrown [s\src\hotspot\share\prims\jni.cpp, line 536]

VM Operations (20 events):
Event: 2.538 Executing VM operation: G1CollectForAllocation done
Event: 3.323 Executing VM operation: G1CollectForAllocation
Event: 3.362 Executing VM operation: G1CollectForAllocation done
Event: 3.576 Executing VM operation: G1CollectForAllocation
Event: 3.628 Executing VM operation: G1CollectForAllocation done
Event: 3.762 Executing VM operation: G1CollectForAllocation
Event: 3.779 Executing VM operation: G1CollectForAllocation done
Event: 3.789 Executing VM operation: G1Concurrent
Event: 3.798 Executing VM operation: G1Concurrent done
Event: 3.891 Executing VM operation: G1Concurrent
Event: 3.896 Executing VM operation: G1Concurrent done
Event: 3.909 Executing VM operation: G1CollectForAllocation
Event: 3.922 Executing VM operation: G1CollectForAllocation done
Event: 4.293 Executing VM operation: G1CollectForAllocation
Event: 4.336 Executing VM operation: G1CollectForAllocation done
Event: 4.589 Executing VM operation: G1CollectForAllocation
Event: 4.656 Executing VM operation: G1CollectForAllocation done
Event: 4.769 Executing VM operation: HandshakeAllThreads
Event: 4.773 Executing VM operation: HandshakeAllThreads done
Event: 4.877 Executing VM operation: G1CollectForAllocation

Events (20 events):
Event: 1.788 loading class java/util/SplittableRandom$AbstractSplittableGeneratorProxy
Event: 1.788 loading class jdk/internal/util/random/RandomSupport$AbstractSplittableGenerator
Event: 1.788 loading class jdk/internal/util/random/RandomSupport$AbstractSpliteratorGenerator
Event: 1.789 loading class jdk/internal/util/random/RandomSupport$AbstractSpliteratorGenerator done
Event: 1.789 loading class jdk/internal/util/random/RandomSupport$AbstractSplittableGenerator done
Event: 1.789 loading class java/util/SplittableRandom$AbstractSplittableGeneratorProxy done
Event: 2.050 loading class java/util/function/ToIntFunction
Event: 2.050 loading class java/util/function/ToIntFunction done
Event: 2.065 loading class java/util/AbstractList$RandomAccessSubList
Event: 2.065 loading class java/util/AbstractList$SubList
Event: 2.065 loading class java/util/AbstractList$SubList done
Event: 2.065 loading class java/util/AbstractList$RandomAccessSubList done
Event: 2.065 loading class java/util/AbstractList$SubList$1
Event: 2.065 loading class java/util/AbstractList$SubList$1 done
Event: 2.088 loading class java/time/temporal/UnsupportedTemporalTypeException
Event: 2.088 loading class java/time/temporal/UnsupportedTemporalTypeException done
Event: 2.204 Thread 0x00000227c9a25780 Thread exited: 0x00000227c9a25780
Event: 2.369 Thread 0x00000227ce9c3b00 Thread added: 0x00000227ce9c3b00
Event: 4.162 loading class jdk/internal/math/FDBigInteger
Event: 4.163 loading class jdk/internal/math/FDBigInteger done


Dynamic libraries:
0x00007ff715890000 - 0x00007ff71589a000 	C:\Program Files\JetBrains\IntelliJ IDEA 2023.2\jbr\bin\java.exe
0x00007ff9964b0000 - 0x00007ff9966a8000 	C:\WINDOWS\SYSTEM32\ntdll.dll
0x00007ff995030000 - 0x00007ff9950ed000 	C:\WINDOWS\System32\KERNEL32.DLL
0x00007ff993eb0000 - 0x00007ff9941a6000 	C:\WINDOWS\System32\KERNELBASE.dll
0x00007ff993d00000 - 0x00007ff993e00000 	C:\WINDOWS\System32\ucrtbase.dll
0x00007ff985f90000 - 0x00007ff985fab000 	C:\Program Files\JetBrains\IntelliJ IDEA 2023.2\jbr\bin\VCRUNTIME140.dll
0x00007ff9613c0000 - 0x00007ff9613d7000 	C:\Program Files\JetBrains\IntelliJ IDEA 2023.2\jbr\bin\jli.dll
0x00007ff9960c0000 - 0x00007ff99625f000 	C:\WINDOWS\System32\USER32.dll
0x00007ff9840b0000 - 0x00007ff98434a000 	C:\WINDOWS\WinSxS\amd64_microsoft.windows.common-controls_6595b64144ccf1df_6.0.19041.3636_none_60b6a03d71f818d5\COMCTL32.dll
0x00007ff9944b0000 - 0x00007ff9944d2000 	C:\WINDOWS\System32\win32u.dll
0x00007ff995890000 - 0x00007ff99592e000 	C:\WINDOWS\System32\msvcrt.dll
0x00007ff996440000 - 0x00007ff99646b000 	C:\WINDOWS\System32\GDI32.dll
0x00007ff9941b0000 - 0x00007ff9942c7000 	C:\WINDOWS\System32\gdi32full.dll
0x00007ff993bd0000 - 0x00007ff993c6d000 	C:\WINDOWS\System32\msvcp_win.dll
0x00007ff994c60000 - 0x00007ff994c92000 	C:\WINDOWS\System32\IMM32.DLL
0x00007ff98e230000 - 0x00007ff98e23c000 	C:\Program Files\JetBrains\IntelliJ IDEA 2023.2\jbr\bin\vcruntime140_1.dll
0x00007ff9703c0000 - 0x00007ff97044d000 	C:\Program Files\JetBrains\IntelliJ IDEA 2023.2\jbr\bin\msvcp140.dll
0x00007ff916790000 - 0x00007ff917410000 	C:\Program Files\JetBrains\IntelliJ IDEA 2023.2\jbr\bin\server\jvm.dll
0x00007ff996260000 - 0x00007ff996310000 	C:\WINDOWS\System32\ADVAPI32.dll
0x00007ff9963a0000 - 0x00007ff996440000 	C:\WINDOWS\System32\sechost.dll
0x00007ff9950f0000 - 0x00007ff995213000 	C:\WINDOWS\System32\RPCRT4.dll
0x00007ff994480000 - 0x00007ff9944a7000 	C:\WINDOWS\System32\bcrypt.dll
0x00007ff97f8e0000 - 0x00007ff97f8e9000 	C:\WINDOWS\SYSTEM32\WSOCK32.dll
0x00007ff98c7e0000 - 0x00007ff98c7ea000 	C:\WINDOWS\SYSTEM32\VERSION.dll
0x00007ff983e60000 - 0x00007ff983e87000 	C:\WINDOWS\SYSTEM32\WINMM.dll
0x00007ff996330000 - 0x00007ff99639b000 	C:\WINDOWS\System32\WS2_32.dll
0x00007ff991a60000 - 0x00007ff991a72000 	C:\WINDOWS\SYSTEM32\kernel.appcore.dll
0x00007ff98ddb0000 - 0x00007ff98ddba000 	C:\Program Files\JetBrains\IntelliJ IDEA 2023.2\jbr\bin\jimage.dll
0x00007ff991140000 - 0x00007ff991324000 	C:\WINDOWS\SYSTEM32\DBGHELP.DLL
0x00007ff97f1c0000 - 0x00007ff97f1f4000 	C:\WINDOWS\SYSTEM32\dbgcore.DLL
0x00007ff993c70000 - 0x00007ff993cf2000 	C:\WINDOWS\System32\bcryptPrimitives.dll
0x00007ff965870000 - 0x00007ff965895000 	C:\Program Files\JetBrains\IntelliJ IDEA 2023.2\jbr\bin\java.dll
0x00007ff97fd70000 - 0x00007ff97fd88000 	C:\Program Files\JetBrains\IntelliJ IDEA 2023.2\jbr\bin\zip.dll
0x00007ff9944e0000 - 0x00007ff994c4b000 	C:\WINDOWS\System32\SHELL32.dll
0x00007ff991bf0000 - 0x00007ff99238e000 	C:\WINDOWS\SYSTEM32\windows.storage.dll
0x00007ff995ac0000 - 0x00007ff995e13000 	C:\WINDOWS\System32\combase.dll
0x00007ff993590000 - 0x00007ff9935be000 	C:\WINDOWS\SYSTEM32\Wldp.dll
0x00007ff995f40000 - 0x00007ff99600d000 	C:\WINDOWS\System32\OLEAUT32.dll
0x00007ff995930000 - 0x00007ff9959dd000 	C:\WINDOWS\System32\SHCORE.dll
0x00007ff9959e0000 - 0x00007ff995a35000 	C:\WINDOWS\System32\shlwapi.dll
0x00007ff993a90000 - 0x00007ff993ab3000 	C:\WINDOWS\SYSTEM32\profapi.dll
0x00007ff976ae0000 - 0x00007ff976af9000 	C:\Program Files\JetBrains\IntelliJ IDEA 2023.2\jbr\bin\net.dll
0x00007ff98bf40000 - 0x00007ff98c04a000 	C:\WINDOWS\SYSTEM32\WINHTTP.dll
0x00007ff9932f0000 - 0x00007ff99335a000 	C:\WINDOWS\system32\mswsock.dll
0x00007ff975e30000 - 0x00007ff975e46000 	C:\Program Files\JetBrains\IntelliJ IDEA 2023.2\jbr\bin\nio.dll
0x00007ff992f80000 - 0x00007ff992fbb000 	C:\WINDOWS\SYSTEM32\IPHLPAPI.DLL
0x00007ff994c50000 - 0x00007ff994c58000 	C:\WINDOWS\System32\NSI.dll
0x00007ff98c1d0000 - 0x00007ff98c1e7000 	C:\WINDOWS\SYSTEM32\dhcpcsvc6.DLL
0x00007ff98c6b0000 - 0x00007ff98c6cd000 	C:\WINDOWS\SYSTEM32\dhcpcsvc.DLL
0x00007ff992fc0000 - 0x00007ff99308b000 	C:\WINDOWS\SYSTEM32\DNSAPI.dll
0x00007ff9934e0000 - 0x00007ff9934f8000 	C:\WINDOWS\SYSTEM32\CRYPTSP.dll
0x00007ff992ba0000 - 0x00007ff992bd4000 	C:\WINDOWS\system32\rsaenh.dll
0x00007ff993a50000 - 0x00007ff993a7e000 	C:\WINDOWS\SYSTEM32\USERENV.dll
0x00007ff993500000 - 0x00007ff99350c000 	C:\WINDOWS\SYSTEM32\CRYPTBASE.dll
0x00007ff9612a0000 - 0x00007ff9612a7000 	C:\Program Files\JetBrains\IntelliJ IDEA 2023.2\jbr\bin\rmi.dll
0x00007ff982ff0000 - 0x00007ff982ffa000 	C:\Windows\System32\rasadhlp.dll
0x00007ff983010000 - 0x00007ff983090000 	C:\WINDOWS\System32\fwpuclnt.dll

dbghelp: loaded successfully - version: 4.0.5 - missing functions: none
symbol engine: initialized successfully - sym options: 0x614 - pdb path: .;C:\Program Files\JetBrains\IntelliJ IDEA 2023.2\jbr\bin;C:\WINDOWS\SYSTEM32;C:\WINDOWS\WinSxS\amd64_microsoft.windows.common-controls_6595b64144ccf1df_6.0.19041.3636_none_60b6a03d71f818d5;C:\Program Files\JetBrains\IntelliJ IDEA 2023.2\jbr\bin\server

VM Arguments:
jvm_args: -Djava.rmi.server.hostname=127.0.0.1 -Duser.timezone=UTC -Xmx2048m -Xms128m -Djna.boot.library.path=C:\Program Files\JetBrains\IntelliJ IDEA 2023.2/lib/jna/amd64 -Djna.nosys=true -Djna.noclasspath=true -Djdbc.classpath=C:\Program Files\JetBrains\IntelliJ IDEA 2023.2\plugins\DatabaseTools\lib\jdbc-console.jar;C:\Users\HaNdSyA\AppData\Roaming\JetBrains\IntelliJIdea2023.2\jdbc-drivers\MongoDB\1.18\mongo-jdbc-standalone-1.18.jar --add-exports=java.desktop/sun.awt=ALL-UNNAMED --add-exports=java.desktop/java.awt.peer=ALL-UNNAMED --add-opens=java.desktop/java.awt=ALL-UNNAMED --add-opens=jdk.unsupported/sun.misc=ALL-UNNAMED --add-opens=java.base/java.nio=ALL-UNNAMED --add-opens=java.base/java.util=ALL-UNNAMED -Dfile.encoding=UTF-8 
java_command: com.intellij.database.remote.RemoteJdbcServer com.dbschema.MongoJdbcDriver
java_class_path (initial): C:\Program Files\JetBrains\IntelliJ IDEA 2023.2\lib\util_rt.jar;C:\Program Files\JetBrains\IntelliJ IDEA 2023.2\lib\util-8.jar;C:\Program Files\JetBrains\IntelliJ IDEA 2023.2\lib\groovy.jar;C:\Program Files\JetBrains\IntelliJ IDEA 2023.2\plugins\DatabaseTools\lib\jdbc-console.jar;C:\Program Files\JetBrains\IntelliJ IDEA 2023.2\plugins\grid-core-impl\lib\jdbc-console-types.jar;C:\Program Files\JetBrains\IntelliJ IDEA 2023.2\lib\util.jar;C:\Program Files\JetBrains\IntelliJ IDEA 2023.2\lib\bouncy-castle.jar
Launcher Type: SUN_STANDARD

[Global flags]
     intx CICompilerCount                          = 3                                         {product} {ergonomic}
     uint ConcGCThreads                            = 1                                         {product} {ergonomic}
     uint G1ConcRefinementThreads                  = 4                                         {product} {ergonomic}
   size_t G1HeapRegionSize                         = 1048576                                   {product} {ergonomic}
    uintx GCDrainStackTargetSize                   = 64                                        {product} {ergonomic}
   size_t InitialHeapSize                          = 134217728                                 {product} {command line}
   size_t MarkStackSize                            = 4194304                                   {product} {ergonomic}
   size_t MaxHeapSize                              = 2147483648                                {product} {command line}
   size_t MaxNewSize                               = 1287651328                                {product} {ergonomic}
   size_t MinHeapDeltaBytes                        = 1048576                                   {product} {ergonomic}
   size_t MinHeapSize                              = 134217728                                 {product} {command line}
    uintx NonNMethodCodeHeapSize                   = 5832780                                {pd product} {ergonomic}
    uintx NonProfiledCodeHeapSize                  = 122912730                              {pd product} {ergonomic}
    uintx ProfiledCodeHeapSize                     = 122912730                              {pd product} {ergonomic}
    uintx ReservedCodeCacheSize                    = 251658240                              {pd product} {ergonomic}
     bool SegmentedCodeCache                       = true                                      {product} {ergonomic}
   size_t SoftMaxHeapSize                          = 2147483648                             {manageable} {ergonomic}
     bool UseCompressedClassPointers               = true                           {product lp64_product} {ergonomic}
     bool UseCompressedOops                        = true                           {product lp64_product} {ergonomic}
     bool UseG1GC                                  = true                                      {product} {ergonomic}
     bool UseLargePagesIndividualAllocation        = false                                  {pd product} {ergonomic}

Logging:
Log output configuration:
 #0: stdout all=warning uptime,level,tags
 #1: stderr all=off uptime,level,tags

Environment Variables:
JAVA_HOME=C:\Program Files\Java\jdk-17.0.2
PATH=B:\Scripts\;B:\;C:\Program Files\Common Files\Oracle\Java\javapath;C:\Program Files (x86)\Common Files\Oracle\Java\javapath;C:\ProgramData\Oracle\Java\javapath;C:\Program Files\Common Files\Siemens\Automation\Simatic OAM\bin;C:\WINDOWS\system32;C:\WINDOWS;C:\Windows\System32;C:\WINDOWS\System32\WindowsPowerShell\v1.0\;C:\WINDOWS\System32\OpenSSH\;C:\Program Files\Git\cmd;C:\xampp\php;C:\Program Files (x86)\90\Tools\binn\;C:\Program Files\Java\jre1.8.0_321\bin;C:\minikube;C:\Program Files\Docker\Docker\resources\bin;C:\ProgramData\DockerDesktop\version-bin;C:\Program Files (x86)\Maven\apache-maven-3.9.4\bin;C:\apache-tomcat-9\bin;C:\Program Files\apache-maven-3.9.4\bin;C:\Program Files (x86)\MPICH2\bin;C:\Users\HaNdSyA\AppData\Local\Programs\Python\Python312\Scripts;C:\Users\HaNdSyA\AppData\Local\Programs\Python\Python312;B:\downloads\ngrok-v3-stable-windows-amd64;B:\Python3.12;B:\MongoDB\bin;C:\Program Files\MySQL\MySQL Shell 8.0\bin\;C:\Users\HaNdSyA\AppData\Local\Programs\Python\Python312;C:\Program Files\Java\jre1.8.0_321\bin;B:\IntelliJ IDEA Community Edition 2019.3.5\bin;;C:\Users\HaNdSyA\AppData\Local\Programs\Microsoft VS Code\bin;C:\Program Files\JetBrains\IntelliJ IDEA 2023.2\bin;;B:\Clion\CLion 2023.2\bin;;C:\Users\HaNdSyA\AppData\Local\Programs\Python\Python312\Scripts;B:\Python3.12;
USERNAME=HaNdSyA
OS=Windows_NT
PROCESSOR_IDENTIFIER=Intel64 Family 6 Model 78 Stepping 3, GenuineIntel
TMP=C:\Users\HaNdSyA\AppData\Local\Temp
TEMP=C:\Users\HaNdSyA\AppData\Local\Temp


JNI global refs:
JNI global refs: 19, weak refs: 29

JNI global refs memory usage: 843, weak refs: 841

OOME stack traces (most recent first):
Classloader memory used:
Loader com.intellij.database.remote.jdbc.impl.JdbcClassLoader$JdbcClassLoaderImpl      : 2472K
Loader bootstrap                                                                       : 1855K
Loader jdk.internal.loader.ClassLoaders$AppClassLoader                                 : 133K
Loader jdk.internal.loader.ClassLoaders$PlatformClassLoader                            : 32963B
Loader jdk.internal.reflect.DelegatingClassLoader                                      : 9019B


---------------  S Y S T E M  ---------------

OS:
 Windows 10 , 64 bit Build 19041 (10.0.19041.3636)
OS uptime: 0 days 11:22 hours

CPU: total 4 (initial active 4) (2 cores per cpu, 2 threads per core) family 6 model 78 stepping 3 microcode 0xcc, cx8, cmov, fxsr, ht, mmx, 3dnowpref, sse, sse2, sse3, ssse3, sse4.1, sse4.2, popcnt, lzcnt, tsc, tscinvbit, avx, avx2, aes, erms, clmul, bmi1, bmi2, adx, fma, vzeroupper, clflush, clflushopt

Memory: 4k page, system-wide physical 12179M (2832M free)
TotalPageFile size 13067M (AvailPageFile size 108M)
current process WorkingSet (physical memory assigned to process): 440M, peak: 440M
current process commit charge ("private bytes"): 562M, peak: 1015M

vm_info: OpenJDK 64-Bit Server VM (17.0.7+7-b1000.6) for windows-amd64 JRE (17.0.7+7-b1000.6), built on 2023-07-07 by "builduser" with MS VC++ 16.10 / 16.11 (VS2019)

END.
