#
# There is insufficient memory for the Java Runtime Environment to continue.
# Native memory allocation (mmap) failed to map 486539264 bytes for G1 virtual space
# Possible reasons:
#   The system is out of physical RAM or swap space
#   The process is running with CompressedOops enabled, and the Java Heap may be blocking the growth of the native heap
# Possible solutions:
#   Reduce memory load on the system
#   Increase physical memory or swap space
#   Check if swap backing store is full
#   Decrease Java heap size (-Xmx/-Xms)
#   Decrease number of Java threads
#   Decrease Java thread stack sizes (-Xss)
#   Set larger code cache with -XX:ReservedCodeCacheSize=
#   JVM is running with Unscaled Compressed Oops mode in which the Java heap is
#     placed in the first 4GB address space. The Java Heap base address is the
#     maximum limit for the native heap growth. Please use -XX:HeapBaseMinAddress
#     to set the Java Heap base and to place the Java Heap above 4GB virtual address.
# This output file may be truncated or incomplete.
#
#  Out of Memory Error (os_windows.cpp:3771), pid=17532, tid=14048
#
# JRE version: OpenJDK Runtime Environment JBR-17.0.7+7-1000.6-jcef (17.0.7+7) (build 17.0.7+7-b1000.6)
# Java VM: OpenJDK 64-Bit Server VM JBR-17.0.7+7-1000.6-jcef (17.0.7+7-b1000.6, mixed mode, tiered, compressed oops, compressed class ptrs, g1 gc, windows-amd64)
# No core dump will be written. Minidumps are not enabled by default on client versions of Windows
#

---------------  S U M M A R Y ------------

Command Line: -Djava.rmi.server.hostname=127.0.0.1 -Duser.timezone=UTC -Xmx2048m -Xms128m -Djna.boot.library.path=C:\Program Files\JetBrains\IntelliJ IDEA 2023.2/lib/jna/amd64 -Djna.nosys=true -Djna.noclasspath=true -Djdbc.classpath=C:\Program Files\JetBrains\IntelliJ IDEA 2023.2\plugins\DatabaseTools\lib\jdbc-console.jar;C:\Users\HaNdSyA\AppData\Roaming\JetBrains\IntelliJIdea2023.2\jdbc-drivers\MongoDB\1.18\mongo-jdbc-standalone-1.18.jar --add-exports=java.desktop/sun.awt=ALL-UNNAMED --add-exports=java.desktop/java.awt.peer=ALL-UNNAMED --add-opens=java.desktop/java.awt=ALL-UNNAMED --add-opens=jdk.unsupported/sun.misc=ALL-UNNAMED --add-opens=java.base/java.nio=ALL-UNNAMED --add-opens=java.base/java.util=ALL-UNNAMED -Dfile.encoding=UTF-8 com.intellij.database.remote.RemoteJdbcServer com.dbschema.MongoJdbcDriver

Host: Intel(R) Core(TM) i7-6500U CPU @ 2.50GHz, 4 cores, 11G,  Windows 10 , 64 bit Build 19041 (10.0.19041.3636)
Time: Tue Jun 25 14:23:35 2024 Egypt Daylight Time elapsed time: 4.409549 seconds (0d 0h 0m 4s)

---------------  T H R E A D  ---------------

Current thread (0x000001e7c79a6260):  VMThread "VM Thread" [stack: 0x000000326cf00000,0x000000326d000000] [id=14048]

Stack: [0x000000326cf00000,0x000000326d000000]
Native frames: (J=compiled Java code, j=interpreted, Vv=VM code, C=native code)
V  [jvm.dll+0x683bfa]
V  [jvm.dll+0x8430a4]
V  [jvm.dll+0x8449be]
V  [jvm.dll+0x845023]
V  [jvm.dll+0x24ad2f]
V  [jvm.dll+0x680ac9]
V  [jvm.dll+0x67519a]
V  [jvm.dll+0x30b3cb]
V  [jvm.dll+0x312876]
V  [jvm.dll+0x36221e]
V  [jvm.dll+0x36244f]
V  [jvm.dll+0x2e14a8]
V  [jvm.dll+0x2df684]
V  [jvm.dll+0x2dec8c]
V  [jvm.dll+0x32382b]
V  [jvm.dll+0x8496eb]
V  [jvm.dll+0x84a424]
V  [jvm.dll+0x84a93d]
V  [jvm.dll+0x84ad14]
V  [jvm.dll+0x84ade0]
V  [jvm.dll+0x7f2aea]
V  [jvm.dll+0x682a35]
C  [ucrtbase.dll+0x21bb2]
C  [KERNEL32.DLL+0x17344]
C  [ntdll.dll+0x526b1]

VM_Operation (0x000000326e1f5880): G1CollectForAllocation, mode: safepoint, requested by thread 0x000001e7cc5f1e40


---------------  P R O C E S S  ---------------

Threads class SMR info:
_java_thread_list=0x000001e7cd5576e0, length=29, elements={
0x000001e7ac1d62e0, 0x000001e7c79a96f0, 0x000001e7c79aabf0, 0x000001e7cc029480,
0x000001e7cc02ad50, 0x000001e7cc02b610, 0x000001e7cc01f4c0, 0x000001e7cc023330,
0x000001e7cc023dd0, 0x000001e7cc0247c0, 0x000001e7cc19e1b0, 0x000001e7cc1a0f30,
0x000001e7cc5f8b00, 0x000001e7cc5f1e40, 0x000001e7cc921540, 0x000001e7cc6854e0,
0x000001e7cc6859b0, 0x000001e7cc91feb0, 0x000001e7ccbfe280, 0x000001e7ccbfe750,
0x000001e7ccf07f90, 0x000001e7cca74f20, 0x000001e7cca753f0, 0x000001e7cca74a50,
0x000001e7cca74580, 0x000001e7cca728a0, 0x000001e7cca73710, 0x000001e7cca758c0,
0x000001e7cdba7040
}

Java Threads: ( => current thread )
  0x000001e7ac1d62e0 JavaThread "main" [_thread_blocked, id=13624, stack(0x000000326c900000,0x000000326ca00000)]
  0x000001e7c79a96f0 JavaThread "Reference Handler" daemon [_thread_blocked, id=21240, stack(0x000000326d000000,0x000000326d100000)]
  0x000001e7c79aabf0 JavaThread "Finalizer" daemon [_thread_blocked, id=21304, stack(0x000000326d100000,0x000000326d200000)]
  0x000001e7cc029480 JavaThread "Signal Dispatcher" daemon [_thread_blocked, id=18608, stack(0x000000326d200000,0x000000326d300000)]
  0x000001e7cc02ad50 JavaThread "Attach Listener" daemon [_thread_blocked, id=11268, stack(0x000000326d300000,0x000000326d400000)]
  0x000001e7cc02b610 JavaThread "Service Thread" daemon [_thread_blocked, id=15584, stack(0x000000326d400000,0x000000326d500000)]
  0x000001e7cc01f4c0 JavaThread "Monitor Deflation Thread" daemon [_thread_blocked, id=18764, stack(0x000000326d500000,0x000000326d600000)]
  0x000001e7cc023330 JavaThread "C2 CompilerThread0" daemon [_thread_blocked, id=10852, stack(0x000000326d600000,0x000000326d700000)]
  0x000001e7cc023dd0 JavaThread "C1 CompilerThread0" daemon [_thread_blocked, id=12432, stack(0x000000326d700000,0x000000326d800000)]
  0x000001e7cc0247c0 JavaThread "Sweeper thread" daemon [_thread_blocked, id=11216, stack(0x000000326d800000,0x000000326d900000)]
  0x000001e7cc19e1b0 JavaThread "Common-Cleaner" daemon [_thread_blocked, id=14160, stack(0x000000326d900000,0x000000326da00000)]
  0x000001e7cc1a0f30 JavaThread "Notification Thread" daemon [_thread_blocked, id=11448, stack(0x000000326da00000,0x000000326db00000)]
  0x000001e7cc5f8b00 JavaThread "MongoShell ExecutorService" daemon [_thread_blocked, id=11212, stack(0x000000326e000000,0x000000326e100000)]
  0x000001e7cc5f1e40 JavaThread "MongoShell ExecutorService" daemon [_thread_blocked, id=16716, stack(0x000000326e100000,0x000000326e200000)]
  0x000001e7cc921540 JavaThread "RMI TCP Accept-64161" daemon [_thread_in_native, id=17304, stack(0x000000326e200000,0x000000326e300000)]
  0x000001e7cc6854e0 JavaThread "RMI TCP Accept-0" daemon [_thread_in_native, id=9420, stack(0x000000326e300000,0x000000326e400000)]
  0x000001e7cc6859b0 JavaThread "RMI Reaper" [_thread_blocked, id=12888, stack(0x000000326e400000,0x000000326e500000)]
  0x000001e7cc91feb0 JavaThread "RMI GC Daemon" daemon [_thread_blocked, id=17388, stack(0x000000326e500000,0x000000326e600000)]
  0x000001e7ccbfe280 JavaThread "RMI TCP Connection(1)-127.0.0.1" daemon [_thread_in_native, id=21320, stack(0x000000326e600000,0x000000326e700000)]
  0x000001e7ccbfe750 JavaThread "RMI TCP Connection(2)-127.0.0.1" daemon [_thread_in_native, id=15704, stack(0x000000326e700000,0x000000326e800000)]
  0x000001e7ccf07f90 JavaThread "RMI TCP Connection(3)-127.0.0.1" daemon [_thread_blocked, id=11200, stack(0x000000326e800000,0x000000326e900000)]
  0x000001e7cca74f20 JavaThread "RMI Scheduler(0)" daemon [_thread_blocked, id=19148, stack(0x000000326e900000,0x000000326ea00000)]
  0x000001e7cca753f0 JavaThread "RMI TCP Connection(4)-127.0.0.1" daemon [_thread_in_native, id=6584, stack(0x000000326ea00000,0x000000326eb00000)]
  0x000001e7cca74a50 JavaThread "RMI RenewClean-[127.0.0.1:53437]" daemon [_thread_blocked, id=18828, stack(0x000000326eb00000,0x000000326ec00000)]
  0x000001e7cca74580 JavaThread "MongoShell ExecutorService" daemon [_thread_blocked, id=19144, stack(0x000000326ec00000,0x000000326ed00000)]
  0x000001e7cca728a0 JavaThread "BufferPoolPruner-1-thread-1" daemon [_thread_blocked, id=8328, stack(0x000000326ed00000,0x000000326ee00000)]
  0x000001e7cca73710 JavaThread "cluster-ClusterId{value='667aa8b420e1be08c907d537', description='DataGrip'}-localhost:27017" daemon [_thread_blocked, id=3436, stack(0x000000326ee00000,0x000000326ef00000)]
  0x000001e7cca758c0 JavaThread "cluster-rtt-ClusterId{value='667aa8b420e1be08c907d537', description='DataGrip'}-localhost:27017" daemon [_thread_blocked, id=21604, stack(0x000000326ef00000,0x000000326f000000)]
  0x000001e7cdba7040 JavaThread "C2 CompilerThread1" daemon [_thread_blocked, id=7720, stack(0x000000326dc00000,0x000000326dd00000)]

Other Threads:
=>0x000001e7c79a6260 VMThread "VM Thread" [stack: 0x000000326cf00000,0x000000326d000000] [id=14048]
  0x000001e7cc1d8ce0 WatcherThread [stack: 0x000000326db00000,0x000000326dc00000] [id=15028]
  0x000001e7ac2309c0 GCTaskThread "GC Thread#0" [stack: 0x000000326ca00000,0x000000326cb00000] [id=10128]
  0x000001e7cc5a9520 GCTaskThread "GC Thread#1" [stack: 0x000000326dd00000,0x000000326de00000] [id=11764]
  0x000001e7cc59e040 GCTaskThread "GC Thread#2" [stack: 0x000000326de00000,0x000000326df00000] [id=7372]
  0x000001e7cc59ee80 GCTaskThread "GC Thread#3" [stack: 0x000000326df00000,0x000000326e000000] [id=21424]
  0x000001e7ac241900 ConcurrentGCThread "G1 Main Marker" [stack: 0x000000326cb00000,0x000000326cc00000] [id=19336]
  0x000001e7ac242ac0 ConcurrentGCThread "G1 Conc#0" [stack: 0x000000326cc00000,0x000000326cd00000] [id=14220]
  0x000001e7ac299ac0 ConcurrentGCThread "G1 Refine#0" [stack: 0x000000326cd00000,0x000000326ce00000] [id=18812]
  0x000001e7cdb12770 ConcurrentGCThread "G1 Refine#1" [stack: 0x000000326f100000,0x000000326f200000] [id=21524]
  0x000001e7cdb132f0 ConcurrentGCThread "G1 Refine#2" [stack: 0x000000326f200000,0x000000326f300000] [id=12928]
  0x000001e7cdb13b90 ConcurrentGCThread "G1 Refine#3" [stack: 0x000000326f300000,0x000000326f400000] [id=21568]
  0x000001e7c7811600 ConcurrentGCThread "G1 Service" [stack: 0x000000326ce00000,0x000000326cf00000] [id=17788]

Threads with active compile tasks:
C2 CompilerThread0     4451 2981       4       com.oracle.js.parser.AbstractParser::getIdent (103 bytes)
C2 CompilerThread1     4451 3012       4       org.graalvm.collections.EconomicMapImpl::findHash (62 bytes)

VM state: at safepoint (normal execution)

VM Mutex/Monitor currently owned by a thread:  ([mutex/lock_event])
[0x000001e7ac1d1ea0] Threads_lock - owner thread: 0x000001e7c79a6260
[0x000001e7ac1d1750] Heap_lock - owner thread: 0x000001e7cc5f1e40

Heap address: 0x0000000080000000, size: 2048 MB, Compressed Oops mode: 32-bit

CDS archive(s) not mapped
Compressed class space mapped at: 0x0000000100000000-0x0000000140000000, reserved size: 1073741824
Narrow klass base: 0x0000000000000000, Narrow klass shift: 3, Narrow klass range: 0x140000000

GC Precious Log:
 CPUs: 4 total, 4 available
 Memory: 12179M
 Large Page Support: Disabled
 NUMA Support: Disabled
 Compressed Oops: Enabled (32-bit)
 Heap Region Size: 1M
 Heap Min Capacity: 128M
 Heap Initial Capacity: 128M
 Heap Max Capacity: 2G
 Pre-touch: Disabled
 Parallel Workers: 4
 Concurrent Workers: 1
 Concurrent Refinement Workers: 4
 Periodic GC: Disabled

Heap:
 garbage-first heap   total 237568K, used 162816K [0x0000000080000000, 0x0000000100000000)
  region size 1024K, 5 young (5120K), 5 survivors (5120K)
 Metaspace       used 36112K, committed 36480K, reserved 1114112K
  class space    used 3927K, committed 4096K, reserved 1048576K

Heap Regions: E=young(eden), S=young(survivor), O=old, HS=humongous(starts), HC=humongous(continues), CS=collection set, F=free, OA=open archive, CA=closed archive, TAMS=top-at-mark-start (previous, next)
|   0|0x0000000080000000, 0x0000000080100000, 0x0000000080100000|100%|HS|  |TAMS 0x0000000080100000, 0x0000000080100000| Complete 
|   1|0x0000000080100000, 0x0000000080200000, 0x0000000080200000|100%|HC|  |TAMS 0x0000000080200000, 0x0000000080200000| Complete 
|   2|0x0000000080200000, 0x0000000080300000, 0x0000000080300000|100%|HC|  |TAMS 0x0000000080300000, 0x0000000080300000| Complete 
|   3|0x0000000080300000, 0x0000000080400000, 0x0000000080400000|100%|HS|  |TAMS 0x0000000080400000, 0x0000000080400000| Complete 
|   4|0x0000000080400000, 0x0000000080500000, 0x0000000080500000|100%|HC|  |TAMS 0x0000000080500000, 0x0000000080500000| Complete 
|   5|0x0000000080500000, 0x0000000080600000, 0x0000000080600000|100%|HS|  |TAMS 0x0000000080600000, 0x0000000080600000| Complete 
|   6|0x0000000080600000, 0x0000000080700000, 0x0000000080700000|100%| O|  |TAMS 0x0000000080700000, 0x0000000080700000| Untracked 
|   7|0x0000000080700000, 0x0000000080800000, 0x0000000080800000|100%| O|  |TAMS 0x0000000080800000, 0x0000000080800000| Untracked 
|   8|0x0000000080800000, 0x0000000080900000, 0x0000000080900000|100%| O|  |TAMS 0x0000000080900000, 0x0000000080900000| Untracked 
|   9|0x0000000080900000, 0x0000000080a00000, 0x0000000080a00000|100%| O|  |TAMS 0x0000000080a00000, 0x0000000080a00000| Untracked 
|  10|0x0000000080a00000, 0x0000000080b00000, 0x0000000080b00000|100%| O|  |TAMS 0x0000000080b00000, 0x0000000080b00000| Untracked 
|  11|0x0000000080b00000, 0x0000000080c00000, 0x0000000080c00000|100%| O|  |TAMS 0x0000000080c00000, 0x0000000080c00000| Untracked 
|  12|0x0000000080c00000, 0x0000000080d00000, 0x0000000080d00000|100%| O|  |TAMS 0x0000000080d00000, 0x0000000080d00000| Untracked 
|  13|0x0000000080d00000, 0x0000000080e00000, 0x0000000080e00000|100%| O|  |TAMS 0x0000000080e00000, 0x0000000080e00000| Untracked 
|  14|0x0000000080e00000, 0x0000000080f00000, 0x0000000080f00000|100%| O|  |TAMS 0x0000000080e00000, 0x0000000080f00000| Untracked 
|  15|0x0000000080f00000, 0x0000000081000000, 0x0000000081000000|100%| O|  |TAMS 0x0000000081000000, 0x0000000081000000| Untracked 
|  16|0x0000000081000000, 0x0000000081100000, 0x0000000081100000|100%| O|  |TAMS 0x0000000081100000, 0x0000000081100000| Untracked 
|  17|0x0000000081100000, 0x0000000081200000, 0x0000000081200000|100%| O|  |TAMS 0x0000000081200000, 0x0000000081200000| Untracked 
|  18|0x0000000081200000, 0x0000000081300000, 0x0000000081300000|100%|HS|  |TAMS 0x0000000081300000, 0x0000000081300000| Complete 
|  19|0x0000000081300000, 0x0000000081400000, 0x0000000081400000|100%|HC|  |TAMS 0x0000000081400000, 0x0000000081400000| Complete 
|  20|0x0000000081400000, 0x0000000081500000, 0x0000000081500000|100%|HS|  |TAMS 0x0000000081500000, 0x0000000081500000| Complete 
|  21|0x0000000081500000, 0x0000000081600000, 0x0000000081600000|100%|HC|  |TAMS 0x0000000081600000, 0x0000000081600000| Complete 
|  22|0x0000000081600000, 0x0000000081700000, 0x0000000081700000|100%|HS|  |TAMS 0x0000000081700000, 0x0000000081700000| Complete 
|  23|0x0000000081700000, 0x0000000081800000, 0x0000000081800000|100%|HC|  |TAMS 0x0000000081800000, 0x0000000081800000| Complete 
|  24|0x0000000081800000, 0x0000000081900000, 0x0000000081900000|100%| O|  |TAMS 0x0000000081900000, 0x0000000081900000| Untracked 
|  25|0x0000000081900000, 0x0000000081a00000, 0x0000000081a00000|100%| O|  |TAMS 0x0000000081a00000, 0x0000000081a00000| Untracked 
|  26|0x0000000081a00000, 0x0000000081b00000, 0x0000000081b00000|100%| O|  |TAMS 0x0000000081b00000, 0x0000000081b00000| Untracked 
|  27|0x0000000081b00000, 0x0000000081c00000, 0x0000000081c00000|100%| O|  |TAMS 0x0000000081c00000, 0x0000000081c00000| Untracked 
|  28|0x0000000081c00000, 0x0000000081d00000, 0x0000000081d00000|100%| O|  |TAMS 0x0000000081d00000, 0x0000000081d00000| Untracked 
|  29|0x0000000081d00000, 0x0000000081e00000, 0x0000000081e00000|100%| O|  |TAMS 0x0000000081e00000, 0x0000000081e00000| Untracked 
|  30|0x0000000081e00000, 0x0000000081f00000, 0x0000000081f00000|100%| O|  |TAMS 0x0000000081f00000, 0x0000000081f00000| Untracked 
|  31|0x0000000081f00000, 0x0000000082000000, 0x0000000082000000|100%| O|  |TAMS 0x0000000082000000, 0x0000000082000000| Untracked 
|  32|0x0000000082000000, 0x0000000082100000, 0x0000000082100000|100%| O|  |TAMS 0x0000000082100000, 0x0000000082100000| Untracked 
|  33|0x0000000082100000, 0x0000000082200000, 0x0000000082200000|100%| O|  |TAMS 0x0000000082200000, 0x0000000082200000| Untracked 
|  34|0x0000000082200000, 0x0000000082300000, 0x0000000082300000|100%| O|  |TAMS 0x0000000082300000, 0x0000000082300000| Untracked 
|  35|0x0000000082300000, 0x0000000082400000, 0x0000000082400000|100%| O|  |TAMS 0x0000000082400000, 0x0000000082400000| Untracked 
|  36|0x0000000082400000, 0x0000000082500000, 0x0000000082500000|100%| O|  |TAMS 0x0000000082500000, 0x0000000082500000| Untracked 
|  37|0x0000000082500000, 0x0000000082600000, 0x0000000082600000|100%| O|  |TAMS 0x0000000082600000, 0x0000000082600000| Untracked 
|  38|0x0000000082600000, 0x0000000082700000, 0x0000000082700000|100%| O|  |TAMS 0x0000000082700000, 0x0000000082700000| Untracked 
|  39|0x0000000082700000, 0x0000000082800000, 0x0000000082800000|100%| O|  |TAMS 0x0000000082800000, 0x0000000082800000| Untracked 
|  40|0x0000000082800000, 0x0000000082900000, 0x0000000082900000|100%| O|  |TAMS 0x0000000082900000, 0x0000000082900000| Untracked 
|  41|0x0000000082900000, 0x0000000082a00000, 0x0000000082a00000|100%|HS|  |TAMS 0x0000000082a00000, 0x0000000082a00000| Complete 
|  42|0x0000000082a00000, 0x0000000082b00000, 0x0000000082b00000|100%|HC|  |TAMS 0x0000000082b00000, 0x0000000082b00000| Complete 
|  43|0x0000000082b00000, 0x0000000082c00000, 0x0000000082c00000|100%|HC|  |TAMS 0x0000000082c00000, 0x0000000082c00000| Complete 
|  44|0x0000000082c00000, 0x0000000082d00000, 0x0000000082d00000|100%|HC|  |TAMS 0x0000000082d00000, 0x0000000082d00000| Complete 
|  45|0x0000000082d00000, 0x0000000082e00000, 0x0000000082e00000|100%|HC|  |TAMS 0x0000000082e00000, 0x0000000082e00000| Complete 
|  46|0x0000000082e00000, 0x0000000082f00000, 0x0000000082f00000|100%|HC|  |TAMS 0x0000000082f00000, 0x0000000082f00000| Complete 
|  47|0x0000000082f00000, 0x0000000083000000, 0x0000000083000000|100%|HC|  |TAMS 0x0000000083000000, 0x0000000083000000| Complete 
|  48|0x0000000083000000, 0x0000000083100000, 0x0000000083100000|100%|HC|  |TAMS 0x0000000083100000, 0x0000000083100000| Complete 
|  49|0x0000000083100000, 0x0000000083200000, 0x0000000083200000|100%|HC|  |TAMS 0x0000000083200000, 0x0000000083200000| Complete 
|  50|0x0000000083200000, 0x0000000083300000, 0x0000000083300000|100%|HC|  |TAMS 0x0000000083300000, 0x0000000083300000| Complete 
|  51|0x0000000083300000, 0x0000000083400000, 0x0000000083400000|100%|HC|  |TAMS 0x0000000083400000, 0x0000000083400000| Complete 
|  52|0x0000000083400000, 0x0000000083500000, 0x0000000083500000|100%|HC|  |TAMS 0x0000000083500000, 0x0000000083500000| Complete 
|  53|0x0000000083500000, 0x0000000083600000, 0x0000000083600000|100%|HC|  |TAMS 0x0000000083600000, 0x0000000083600000| Complete 
|  54|0x0000000083600000, 0x0000000083700000, 0x0000000083700000|100%|HC|  |TAMS 0x0000000083700000, 0x0000000083700000| Complete 
|  55|0x0000000083700000, 0x0000000083800000, 0x0000000083800000|100%|HC|  |TAMS 0x0000000083800000, 0x0000000083800000| Complete 
|  56|0x0000000083800000, 0x0000000083900000, 0x0000000083900000|100%|HC|  |TAMS 0x0000000083900000, 0x0000000083900000| Complete 
|  57|0x0000000083900000, 0x0000000083a00000, 0x0000000083a00000|100%|HC|  |TAMS 0x0000000083a00000, 0x0000000083a00000| Complete 
|  58|0x0000000083a00000, 0x0000000083b00000, 0x0000000083b00000|100%|HC|  |TAMS 0x0000000083b00000, 0x0000000083b00000| Complete 
|  59|0x0000000083b00000, 0x0000000083c00000, 0x0000000083c00000|100%|HC|  |TAMS 0x0000000083c00000, 0x0000000083c00000| Complete 
|  60|0x0000000083c00000, 0x0000000083d00000, 0x0000000083d00000|100%|HC|  |TAMS 0x0000000083d00000, 0x0000000083d00000| Complete 
|  61|0x0000000083d00000, 0x0000000083e00000, 0x0000000083e00000|100%|HC|  |TAMS 0x0000000083e00000, 0x0000000083e00000| Complete 
|  62|0x0000000083e00000, 0x0000000083f00000, 0x0000000083f00000|100%|HC|  |TAMS 0x0000000083f00000, 0x0000000083f00000| Complete 
|  63|0x0000000083f00000, 0x0000000084000000, 0x0000000084000000|100%|HC|  |TAMS 0x0000000084000000, 0x0000000084000000| Complete 
|  64|0x0000000084000000, 0x0000000084100000, 0x0000000084100000|100%|HC|  |TAMS 0x0000000084100000, 0x0000000084100000| Complete 
|  65|0x0000000084100000, 0x0000000084200000, 0x0000000084200000|100%|HC|  |TAMS 0x0000000084200000, 0x0000000084200000| Complete 
|  66|0x0000000084200000, 0x0000000084300000, 0x0000000084300000|100%|HC|  |TAMS 0x0000000084300000, 0x0000000084300000| Complete 
|  67|0x0000000084300000, 0x0000000084400000, 0x0000000084400000|100%|HC|  |TAMS 0x0000000084400000, 0x0000000084400000| Complete 
|  68|0x0000000084400000, 0x0000000084500000, 0x0000000084500000|100%|HC|  |TAMS 0x0000000084500000, 0x0000000084500000| Complete 
|  69|0x0000000084500000, 0x0000000084600000, 0x0000000084600000|100%|HC|  |TAMS 0x0000000084600000, 0x0000000084600000| Complete 
|  70|0x0000000084600000, 0x0000000084700000, 0x0000000084700000|100%|HC|  |TAMS 0x0000000084700000, 0x0000000084700000| Complete 
|  71|0x0000000084700000, 0x0000000084800000, 0x0000000084800000|100%|HC|  |TAMS 0x0000000084800000, 0x0000000084800000| Complete 
|  72|0x0000000084800000, 0x0000000084900000, 0x0000000084900000|100%| O|  |TAMS 0x0000000084900000, 0x0000000084900000| Untracked 
|  73|0x0000000084900000, 0x0000000084a00000, 0x0000000084a00000|100%| O|  |TAMS 0x0000000084a00000, 0x0000000084a00000| Untracked 
|  74|0x0000000084a00000, 0x0000000084b00000, 0x0000000084b00000|100%| O|  |TAMS 0x0000000084b00000, 0x0000000084b00000| Untracked 
|  75|0x0000000084b00000, 0x0000000084c00000, 0x0000000084c00000|100%| O|  |TAMS 0x0000000084c00000, 0x0000000084c00000| Untracked 
|  76|0x0000000084c00000, 0x0000000084d00000, 0x0000000084d00000|100%| O|  |TAMS 0x0000000084d00000, 0x0000000084d00000| Untracked 
|  77|0x0000000084d00000, 0x0000000084e00000, 0x0000000084e00000|100%| O|  |TAMS 0x0000000084e00000, 0x0000000084e00000| Untracked 
|  78|0x0000000084e00000, 0x0000000084f00000, 0x0000000084f00000|100%| O|  |TAMS 0x0000000084f00000, 0x0000000084f00000| Untracked 
|  79|0x0000000084f00000, 0x0000000085000000, 0x0000000085000000|100%| O|  |TAMS 0x0000000085000000, 0x0000000085000000| Untracked 
|  80|0x0000000085000000, 0x0000000085100000, 0x0000000085100000|100%| O|  |TAMS 0x0000000085100000, 0x0000000085100000| Untracked 
|  81|0x0000000085100000, 0x0000000085200000, 0x0000000085200000|100%| O|  |TAMS 0x0000000085200000, 0x0000000085200000| Untracked 
|  82|0x0000000085200000, 0x0000000085300000, 0x0000000085300000|100%| O|  |TAMS 0x0000000085300000, 0x0000000085300000| Untracked 
|  83|0x0000000085300000, 0x0000000085400000, 0x0000000085400000|100%| O|  |TAMS 0x0000000085400000, 0x0000000085400000| Untracked 
|  84|0x0000000085400000, 0x0000000085500000, 0x0000000085500000|100%| O|  |TAMS 0x0000000085500000, 0x0000000085500000| Untracked 
|  85|0x0000000085500000, 0x0000000085600000, 0x0000000085600000|100%| O|  |TAMS 0x0000000085600000, 0x0000000085600000| Untracked 
|  86|0x0000000085600000, 0x0000000085700000, 0x0000000085700000|100%| O|  |TAMS 0x0000000085700000, 0x0000000085700000| Untracked 
|  87|0x0000000085700000, 0x0000000085800000, 0x0000000085800000|100%| O|  |TAMS 0x0000000085800000, 0x0000000085800000| Untracked 
|  88|0x0000000085800000, 0x0000000085900000, 0x0000000085900000|100%| O|  |TAMS 0x0000000085900000, 0x0000000085900000| Untracked 
|  89|0x0000000085900000, 0x0000000085a00000, 0x0000000085a00000|100%| O|  |TAMS 0x0000000085a00000, 0x0000000085a00000| Untracked 
|  90|0x0000000085a00000, 0x0000000085b00000, 0x0000000085b00000|100%| O|  |TAMS 0x0000000085b00000, 0x0000000085b00000| Untracked 
|  91|0x0000000085b00000, 0x0000000085c00000, 0x0000000085c00000|100%| O|  |TAMS 0x0000000085c00000, 0x0000000085c00000| Untracked 
|  92|0x0000000085c00000, 0x0000000085d00000, 0x0000000085d00000|100%| O|  |TAMS 0x0000000085d00000, 0x0000000085d00000| Untracked 
|  93|0x0000000085d00000, 0x0000000085e00000, 0x0000000085e00000|100%| O|  |TAMS 0x0000000085e00000, 0x0000000085e00000| Untracked 
|  94|0x0000000085e00000, 0x0000000085f00000, 0x0000000085f00000|100%| O|  |TAMS 0x0000000085f00000, 0x0000000085f00000| Untracked 
|  95|0x0000000085f00000, 0x0000000086000000, 0x0000000086000000|100%| O|  |TAMS 0x0000000086000000, 0x0000000086000000| Untracked 
|  96|0x0000000086000000, 0x0000000086100000, 0x0000000086100000|100%| O|  |TAMS 0x0000000086100000, 0x0000000086100000| Untracked 
|  97|0x0000000086100000, 0x0000000086200000, 0x0000000086200000|100%| O|  |TAMS 0x0000000086200000, 0x0000000086200000| Untracked 
|  98|0x0000000086200000, 0x0000000086300000, 0x0000000086300000|100%| O|  |TAMS 0x0000000086300000, 0x0000000086300000| Untracked 
|  99|0x0000000086300000, 0x0000000086400000, 0x0000000086400000|100%| O|  |TAMS 0x0000000086400000, 0x0000000086400000| Untracked 
| 100|0x0000000086400000, 0x0000000086500000, 0x0000000086500000|100%| O|  |TAMS 0x0000000086500000, 0x0000000086500000| Untracked 
| 101|0x0000000086500000, 0x0000000086600000, 0x0000000086600000|100%| O|  |TAMS 0x0000000086600000, 0x0000000086600000| Untracked 
| 102|0x0000000086600000, 0x0000000086700000, 0x0000000086700000|100%| O|  |TAMS 0x0000000086700000, 0x0000000086700000| Untracked 
| 103|0x0000000086700000, 0x0000000086800000, 0x0000000086800000|100%| O|  |TAMS 0x0000000086800000, 0x0000000086800000| Untracked 
| 104|0x0000000086800000, 0x0000000086900000, 0x0000000086900000|100%| O|  |TAMS 0x0000000086900000, 0x0000000086900000| Untracked 
| 105|0x0000000086900000, 0x0000000086a00000, 0x0000000086a00000|100%| O|  |TAMS 0x0000000086a00000, 0x0000000086a00000| Untracked 
| 106|0x0000000086a00000, 0x0000000086b00000, 0x0000000086b00000|100%| O|  |TAMS 0x0000000086b00000, 0x0000000086b00000| Untracked 
| 107|0x0000000086b00000, 0x0000000086c00000, 0x0000000086c00000|100%| O|  |TAMS 0x0000000086c00000, 0x0000000086c00000| Untracked 
| 108|0x0000000086c00000, 0x0000000086d00000, 0x0000000086d00000|100%| O|  |TAMS 0x0000000086d00000, 0x0000000086d00000| Untracked 
| 109|0x0000000086d00000, 0x0000000086e00000, 0x0000000086e00000|100%| O|  |TAMS 0x0000000086e00000, 0x0000000086e00000| Untracked 
| 110|0x0000000086e00000, 0x0000000086f00000, 0x0000000086f00000|100%| O|  |TAMS 0x0000000086f00000, 0x0000000086f00000| Untracked 
| 111|0x0000000086f00000, 0x0000000087000000, 0x0000000087000000|100%| O|  |TAMS 0x0000000087000000, 0x0000000087000000| Untracked 
| 112|0x0000000087000000, 0x0000000087100000, 0x0000000087100000|100%| O|  |TAMS 0x0000000087100000, 0x0000000087100000| Untracked 
| 113|0x0000000087100000, 0x0000000087200000, 0x0000000087200000|100%| O|  |TAMS 0x0000000087200000, 0x0000000087200000| Untracked 
| 114|0x0000000087200000, 0x0000000087300000, 0x0000000087300000|100%| O|  |TAMS 0x0000000087300000, 0x0000000087300000| Untracked 
| 115|0x0000000087300000, 0x0000000087400000, 0x0000000087400000|100%| O|  |TAMS 0x0000000087380000, 0x0000000087400000| Untracked 
| 116|0x0000000087400000, 0x0000000087500000, 0x0000000087500000|100%| O|  |TAMS 0x0000000087400000, 0x0000000087500000| Untracked 
| 117|0x0000000087500000, 0x0000000087600000, 0x0000000087600000|100%| O|  |TAMS 0x0000000087500000, 0x0000000087600000| Untracked 
| 118|0x0000000087600000, 0x0000000087700000, 0x0000000087700000|100%| O|  |TAMS 0x0000000087600000, 0x0000000087700000| Untracked 
| 119|0x0000000087700000, 0x0000000087800000, 0x0000000087800000|100%| O|  |TAMS 0x0000000087700000, 0x0000000087800000| Untracked 
| 120|0x0000000087800000, 0x0000000087900000, 0x0000000087900000|100%| O|  |TAMS 0x0000000087800000, 0x0000000087900000| Untracked 
| 121|0x0000000087900000, 0x0000000087a00000, 0x0000000087a00000|100%| O|  |TAMS 0x0000000087900000, 0x0000000087a00000| Untracked 
| 122|0x0000000087a00000, 0x0000000087b00000, 0x0000000087b00000|100%| O|  |TAMS 0x0000000087a00000, 0x0000000087b00000| Untracked 
| 123|0x0000000087b00000, 0x0000000087c00000, 0x0000000087c00000|100%| O|  |TAMS 0x0000000087b00000, 0x0000000087c00000| Untracked 
| 124|0x0000000087c00000, 0x0000000087d00000, 0x0000000087d00000|100%| O|  |TAMS 0x0000000087c00000, 0x0000000087d00000| Untracked 
| 125|0x0000000087d00000, 0x0000000087e00000, 0x0000000087e00000|100%| O|  |TAMS 0x0000000087d00000, 0x0000000087e00000| Untracked 
| 126|0x0000000087e00000, 0x0000000087f00000, 0x0000000087f00000|100%| O|  |TAMS 0x0000000087e00000, 0x0000000087f00000| Untracked 
| 127|0x0000000087f00000, 0x0000000088000000, 0x0000000088000000|100%| O|  |TAMS 0x0000000087f00000, 0x0000000088000000| Untracked 
| 128|0x0000000088000000, 0x0000000088100000, 0x0000000088100000|100%| O|  |TAMS 0x0000000088000000, 0x0000000088100000| Untracked 
| 129|0x0000000088100000, 0x0000000088200000, 0x0000000088200000|100%| O|  |TAMS 0x0000000088100000, 0x0000000088200000| Untracked 
| 130|0x0000000088200000, 0x0000000088300000, 0x0000000088300000|100%| O|  |TAMS 0x0000000088200000, 0x0000000088300000| Untracked 
| 131|0x0000000088300000, 0x0000000088400000, 0x0000000088400000|100%| O|  |TAMS 0x0000000088300000, 0x0000000088400000| Untracked 
| 132|0x0000000088400000, 0x0000000088500000, 0x0000000088500000|100%| O|  |TAMS 0x0000000088400000, 0x0000000088500000| Untracked 
| 133|0x0000000088500000, 0x0000000088600000, 0x0000000088600000|100%| O|  |TAMS 0x0000000088500000, 0x0000000088600000| Untracked 
| 134|0x0000000088600000, 0x0000000088700000, 0x0000000088700000|100%| O|  |TAMS 0x0000000088600000, 0x0000000088700000| Untracked 
| 135|0x0000000088700000, 0x0000000088800000, 0x0000000088800000|100%| O|  |TAMS 0x0000000088700000, 0x0000000088800000| Untracked 
| 136|0x0000000088800000, 0x0000000088900000, 0x0000000088900000|100%| O|  |TAMS 0x0000000088800000, 0x0000000088900000| Untracked 
| 137|0x0000000088900000, 0x0000000088a00000, 0x0000000088a00000|100%| O|  |TAMS 0x0000000088900000, 0x0000000088a00000| Untracked 
| 138|0x0000000088a00000, 0x0000000088b00000, 0x0000000088b00000|100%| O|  |TAMS 0x0000000088a00000, 0x0000000088b00000| Untracked 
| 139|0x0000000088b00000, 0x0000000088c00000, 0x0000000088c00000|100%| O|  |TAMS 0x0000000088b00000, 0x0000000088be8a00| Untracked 
| 140|0x0000000088c00000, 0x0000000088d00000, 0x0000000088d00000|100%| O|  |TAMS 0x0000000088c00000, 0x0000000088c00000| Untracked 
| 141|0x0000000088d00000, 0x0000000088e00000, 0x0000000088e00000|100%| O|  |TAMS 0x0000000088d00000, 0x0000000088d00000| Untracked 
| 142|0x0000000088e00000, 0x0000000088f00000, 0x0000000088f00000|100%| O|  |TAMS 0x0000000088e00000, 0x0000000088e00000| Untracked 
| 143|0x0000000088f00000, 0x0000000089000000, 0x0000000089000000|100%| O|  |TAMS 0x0000000088f00000, 0x0000000088f00000| Untracked 
| 144|0x0000000089000000, 0x0000000089100000, 0x0000000089100000|100%| O|  |TAMS 0x0000000089000000, 0x0000000089000000| Untracked 
| 145|0x0000000089100000, 0x0000000089200000, 0x0000000089200000|100%| O|  |TAMS 0x0000000089100000, 0x0000000089100000| Untracked 
| 146|0x0000000089200000, 0x0000000089300000, 0x0000000089300000|100%| O|  |TAMS 0x0000000089200000, 0x0000000089200000| Untracked 
| 147|0x0000000089300000, 0x0000000089400000, 0x0000000089400000|100%| O|  |TAMS 0x0000000089300000, 0x0000000089300000| Untracked 
| 148|0x0000000089400000, 0x0000000089500000, 0x0000000089500000|100%| O|  |TAMS 0x0000000089400000, 0x0000000089400000| Untracked 
| 149|0x0000000089500000, 0x0000000089600000, 0x0000000089600000|100%| O|  |TAMS 0x0000000089500000, 0x0000000089500000| Untracked 
| 150|0x0000000089600000, 0x0000000089700000, 0x0000000089700000|100%| O|  |TAMS 0x0000000089600000, 0x0000000089600000| Untracked 
| 151|0x0000000089700000, 0x0000000089800000, 0x0000000089800000|100%| O|  |TAMS 0x0000000089700000, 0x0000000089700000| Untracked 
| 152|0x0000000089800000, 0x0000000089900000, 0x0000000089900000|100%| O|  |TAMS 0x0000000089800000, 0x0000000089800000| Untracked 
| 153|0x0000000089900000, 0x0000000089a00000, 0x0000000089a00000|100%| O|  |TAMS 0x0000000089900000, 0x0000000089900000| Untracked 
| 154|0x0000000089a00000, 0x0000000089a00000, 0x0000000089b00000|  0%| F|  |TAMS 0x0000000089a00000, 0x0000000089a00000| Untracked 
| 155|0x0000000089b00000, 0x0000000089b00000, 0x0000000089c00000|  0%| F|  |TAMS 0x0000000089b00000, 0x0000000089b00000| Untracked 
| 156|0x0000000089c00000, 0x0000000089c00000, 0x0000000089d00000|  0%| F|  |TAMS 0x0000000089c00000, 0x0000000089c00000| Untracked 
| 157|0x0000000089d00000, 0x0000000089d00000, 0x0000000089e00000|  0%| F|  |TAMS 0x0000000089d00000, 0x0000000089d00000| Untracked 
| 158|0x0000000089e00000, 0x0000000089e00000, 0x0000000089f00000|  0%| F|  |TAMS 0x0000000089e00000, 0x0000000089e00000| Untracked 
| 159|0x0000000089f00000, 0x0000000089f00000, 0x000000008a000000|  0%| F|  |TAMS 0x0000000089f00000, 0x0000000089f00000| Untracked 
| 160|0x000000008a000000, 0x000000008a000000, 0x000000008a100000|  0%| F|  |TAMS 0x000000008a000000, 0x000000008a000000| Untracked 
| 161|0x000000008a100000, 0x000000008a100000, 0x000000008a200000|  0%| F|  |TAMS 0x000000008a100000, 0x000000008a100000| Untracked 
| 162|0x000000008a200000, 0x000000008a200000, 0x000000008a300000|  0%| F|  |TAMS 0x000000008a200000, 0x000000008a200000| Untracked 
| 163|0x000000008a300000, 0x000000008a300000, 0x000000008a400000|  0%| F|  |TAMS 0x000000008a300000, 0x000000008a300000| Untracked 
| 164|0x000000008a400000, 0x000000008a400000, 0x000000008a500000|  0%| F|  |TAMS 0x000000008a400000, 0x000000008a400000| Untracked 
| 165|0x000000008a500000, 0x000000008a500000, 0x000000008a600000|  0%| F|  |TAMS 0x000000008a500000, 0x000000008a500000| Untracked 
| 166|0x000000008a600000, 0x000000008a600000, 0x000000008a700000|  0%| F|  |TAMS 0x000000008a600000, 0x000000008a600000| Untracked 
| 167|0x000000008a700000, 0x000000008a700000, 0x000000008a800000|  0%| F|  |TAMS 0x000000008a700000, 0x000000008a700000| Untracked 
| 168|0x000000008a800000, 0x000000008a800000, 0x000000008a900000|  0%| F|  |TAMS 0x000000008a800000, 0x000000008a800000| Untracked 
| 169|0x000000008a900000, 0x000000008a900000, 0x000000008aa00000|  0%| F|  |TAMS 0x000000008a900000, 0x000000008a900000| Untracked 
| 170|0x000000008aa00000, 0x000000008aa00000, 0x000000008ab00000|  0%| F|  |TAMS 0x000000008aa00000, 0x000000008aa00000| Untracked 
| 171|0x000000008ab00000, 0x000000008ab00000, 0x000000008ac00000|  0%| F|  |TAMS 0x000000008ab00000, 0x000000008ab00000| Untracked 
| 172|0x000000008ac00000, 0x000000008ac00000, 0x000000008ad00000|  0%| F|  |TAMS 0x000000008ac00000, 0x000000008ac00000| Untracked 
| 173|0x000000008ad00000, 0x000000008ad00000, 0x000000008ae00000|  0%| F|  |TAMS 0x000000008ad00000, 0x000000008ad00000| Untracked 
| 174|0x000000008ae00000, 0x000000008ae00000, 0x000000008af00000|  0%| F|  |TAMS 0x000000008ae00000, 0x000000008ae00000| Untracked 
| 175|0x000000008af00000, 0x000000008af00000, 0x000000008b000000|  0%| F|  |TAMS 0x000000008af00000, 0x000000008af00000| Untracked 
| 176|0x000000008b000000, 0x000000008b000000, 0x000000008b100000|  0%| F|  |TAMS 0x000000008b000000, 0x000000008b000000| Untracked 
| 177|0x000000008b100000, 0x000000008b100000, 0x000000008b200000|  0%| F|  |TAMS 0x000000008b100000, 0x000000008b100000| Untracked 
| 178|0x000000008b200000, 0x000000008b200000, 0x000000008b300000|  0%| F|  |TAMS 0x000000008b200000, 0x000000008b200000| Untracked 
| 179|0x000000008b300000, 0x000000008b300000, 0x000000008b400000|  0%| F|  |TAMS 0x000000008b300000, 0x000000008b300000| Untracked 
| 180|0x000000008b400000, 0x000000008b400000, 0x000000008b500000|  0%| F|  |TAMS 0x000000008b400000, 0x000000008b400000| Untracked 
| 181|0x000000008b500000, 0x000000008b500000, 0x000000008b600000|  0%| F|  |TAMS 0x000000008b500000, 0x000000008b500000| Untracked 
| 182|0x000000008b600000, 0x000000008b600000, 0x000000008b700000|  0%| F|  |TAMS 0x000000008b600000, 0x000000008b600000| Untracked 
| 183|0x000000008b700000, 0x000000008b700000, 0x000000008b800000|  0%| F|  |TAMS 0x000000008b700000, 0x000000008b700000| Untracked 
| 184|0x000000008b800000, 0x000000008b800000, 0x000000008b900000|  0%| F|  |TAMS 0x000000008b800000, 0x000000008b800000| Untracked 
| 185|0x000000008b900000, 0x000000008b900000, 0x000000008ba00000|  0%| F|  |TAMS 0x000000008b900000, 0x000000008b900000| Untracked 
| 186|0x000000008ba00000, 0x000000008ba00000, 0x000000008bb00000|  0%| F|  |TAMS 0x000000008ba00000, 0x000000008ba00000| Untracked 
| 187|0x000000008bb00000, 0x000000008bb00000, 0x000000008bc00000|  0%| F|  |TAMS 0x000000008bb00000, 0x000000008bb00000| Untracked 
| 188|0x000000008bc00000, 0x000000008bc00000, 0x000000008bd00000|  0%| F|  |TAMS 0x000000008bc00000, 0x000000008bc00000| Untracked 
| 189|0x000000008bd00000, 0x000000008bd00000, 0x000000008be00000|  0%| F|  |TAMS 0x000000008bd00000, 0x000000008bd00000| Untracked 
| 190|0x000000008be00000, 0x000000008be00000, 0x000000008bf00000|  0%| F|  |TAMS 0x000000008be00000, 0x000000008be00000| Untracked 
| 191|0x000000008bf00000, 0x000000008bf00000, 0x000000008c000000|  0%| F|  |TAMS 0x000000008bf00000, 0x000000008bf00000| Untracked 
| 192|0x000000008c000000, 0x000000008c100000, 0x000000008c100000|100%| S|CS|TAMS 0x000000008c000000, 0x000000008c000000| Complete 
| 193|0x000000008c100000, 0x000000008c200000, 0x000000008c200000|100%| S|CS|TAMS 0x000000008c100000, 0x000000008c100000| Complete 
| 194|0x000000008c200000, 0x000000008c300000, 0x000000008c300000|100%| S|CS|TAMS 0x000000008c200000, 0x000000008c200000| Complete 
| 195|0x000000008c300000, 0x000000008c400000, 0x000000008c400000|100%| S|CS|TAMS 0x000000008c300000, 0x000000008c300000| Complete 
| 196|0x000000008c400000, 0x000000008c500000, 0x000000008c500000|100%| S|CS|TAMS 0x000000008c400000, 0x000000008c400000| Complete 
| 197|0x000000008c500000, 0x000000008c500000, 0x000000008c600000|  0%| F|  |TAMS 0x000000008c500000, 0x000000008c500000| Untracked 
| 198|0x000000008c600000, 0x000000008c600000, 0x000000008c700000|  0%| F|  |TAMS 0x000000008c600000, 0x000000008c600000| Untracked 
| 199|0x000000008c700000, 0x000000008c700000, 0x000000008c800000|  0%| F|  |TAMS 0x000000008c700000, 0x000000008c700000| Untracked 
| 200|0x000000008c800000, 0x000000008c800000, 0x000000008c900000|  0%| F|  |TAMS 0x000000008c800000, 0x000000008c800000| Untracked 
| 201|0x000000008c900000, 0x000000008c900000, 0x000000008ca00000|  0%| F|  |TAMS 0x000000008c900000, 0x000000008c900000| Untracked 
| 202|0x000000008ca00000, 0x000000008ca00000, 0x000000008cb00000|  0%| F|  |TAMS 0x000000008ca00000, 0x000000008ca00000| Untracked 
| 203|0x000000008cb00000, 0x000000008cb00000, 0x000000008cc00000|  0%| F|  |TAMS 0x000000008cb00000, 0x000000008cb00000| Untracked 
| 204|0x000000008cc00000, 0x000000008cc00000, 0x000000008cd00000|  0%| F|  |TAMS 0x000000008cc00000, 0x000000008cc00000| Untracked 
| 205|0x000000008cd00000, 0x000000008cd00000, 0x000000008ce00000|  0%| F|  |TAMS 0x000000008cd00000, 0x000000008cd00000| Untracked 
| 206|0x000000008ce00000, 0x000000008ce00000, 0x000000008cf00000|  0%| F|  |TAMS 0x000000008ce00000, 0x000000008ce00000| Untracked 
| 207|0x000000008cf00000, 0x000000008cf00000, 0x000000008d000000|  0%| F|  |TAMS 0x000000008cf00000, 0x000000008cf00000| Untracked 
| 208|0x000000008d000000, 0x000000008d000000, 0x000000008d100000|  0%| F|  |TAMS 0x000000008d000000, 0x000000008d000000| Untracked 
| 209|0x000000008d100000, 0x000000008d100000, 0x000000008d200000|  0%| F|  |TAMS 0x000000008d100000, 0x000000008d100000| Untracked 
| 210|0x000000008d200000, 0x000000008d200000, 0x000000008d300000|  0%| F|  |TAMS 0x000000008d200000, 0x000000008d200000| Untracked 
| 211|0x000000008d300000, 0x000000008d300000, 0x000000008d400000|  0%| F|  |TAMS 0x000000008d300000, 0x000000008d300000| Untracked 
| 212|0x000000008d400000, 0x000000008d400000, 0x000000008d500000|  0%| F|  |TAMS 0x000000008d400000, 0x000000008d400000| Untracked 
| 213|0x000000008d500000, 0x000000008d500000, 0x000000008d600000|  0%| F|  |TAMS 0x000000008d500000, 0x000000008d500000| Untracked 
| 214|0x000000008d600000, 0x000000008d600000, 0x000000008d700000|  0%| F|  |TAMS 0x000000008d600000, 0x000000008d600000| Untracked 
| 215|0x000000008d700000, 0x000000008d700000, 0x000000008d800000|  0%| F|  |TAMS 0x000000008d700000, 0x000000008d700000| Untracked 
| 216|0x000000008d800000, 0x000000008d800000, 0x000000008d900000|  0%| F|  |TAMS 0x000000008d800000, 0x000000008d800000| Untracked 
| 217|0x000000008d900000, 0x000000008d900000, 0x000000008da00000|  0%| F|  |TAMS 0x000000008d900000, 0x000000008d900000| Untracked 
| 218|0x000000008da00000, 0x000000008da00000, 0x000000008db00000|  0%| F|  |TAMS 0x000000008da00000, 0x000000008da00000| Untracked 
| 219|0x000000008db00000, 0x000000008db00000, 0x000000008dc00000|  0%| F|  |TAMS 0x000000008db00000, 0x000000008db00000| Untracked 
| 220|0x000000008dc00000, 0x000000008dc00000, 0x000000008dd00000|  0%| F|  |TAMS 0x000000008dc00000, 0x000000008dc00000| Untracked 
| 221|0x000000008dd00000, 0x000000008dd00000, 0x000000008de00000|  0%| F|  |TAMS 0x000000008dd00000, 0x000000008dd00000| Untracked 
| 222|0x000000008de00000, 0x000000008de00000, 0x000000008df00000|  0%| F|  |TAMS 0x000000008de00000, 0x000000008de00000| Untracked 
| 223|0x000000008df00000, 0x000000008df00000, 0x000000008e000000|  0%| F|  |TAMS 0x000000008df00000, 0x000000008df00000| Untracked 
| 224|0x000000008e000000, 0x000000008e000000, 0x000000008e100000|  0%| F|  |TAMS 0x000000008e000000, 0x000000008e000000| Untracked 
| 225|0x000000008e100000, 0x000000008e100000, 0x000000008e200000|  0%| F|  |TAMS 0x000000008e100000, 0x000000008e100000| Untracked 
| 226|0x000000008e200000, 0x000000008e200000, 0x000000008e300000|  0%| F|  |TAMS 0x000000008e200000, 0x000000008e200000| Untracked 
| 227|0x000000008e300000, 0x000000008e300000, 0x000000008e400000|  0%| F|  |TAMS 0x000000008e300000, 0x000000008e300000| Untracked 
| 228|0x000000008e400000, 0x000000008e400000, 0x000000008e500000|  0%| F|  |TAMS 0x000000008e400000, 0x000000008e400000| Untracked 
| 229|0x000000008e500000, 0x000000008e500000, 0x000000008e600000|  0%| F|  |TAMS 0x000000008e500000, 0x000000008e500000| Untracked 
| 230|0x000000008e600000, 0x000000008e600000, 0x000000008e700000|  0%| F|  |TAMS 0x000000008e600000, 0x000000008e600000| Untracked 
| 231|0x000000008e700000, 0x000000008e700000, 0x000000008e800000|  0%| F|  |TAMS 0x000000008e700000, 0x000000008e700000| Untracked 

Card table byte_map: [0x000001e7c0ba0000,0x000001e7c0fa0000] _byte_map_base: 0x000001e7c07a0000

Marking Bits (Prev, Next): (CMBitMap*) 0x000001e7ac230fd0, (CMBitMap*) 0x000001e7ac231010
 Prev Bits: [0x000001e7c13a0000, 0x000001e7c33a0000)
 Next Bits: [0x000001e7c33a0000, 0x000001e7c53a0000)

Polling page: 0x000001e7ac080000

Metaspace:

Usage:
  Non-class:     31.43 MB used.
      Class:      3.84 MB used.
       Both:     35.27 MB used.

Virtual space:
  Non-class space:       64.00 MB reserved,      31.62 MB ( 49%) committed,  1 nodes.
      Class space:        1.00 GB reserved,       4.00 MB ( <1%) committed,  1 nodes.
             Both:        1.06 GB reserved,      35.62 MB (  3%) committed. 

Chunk freelists:
   Non-Class:  432.00 KB
       Class:  11.97 MB
        Both:  12.40 MB

MaxMetaspaceSize: unlimited
CompressedClassSpaceSize: 1.00 GB
Initial GC threshold: 21.00 MB
Current GC threshold: 59.00 MB
CDS: off
MetaspaceReclaimPolicy: balanced
 - commit_granule_bytes: 65536.
 - commit_granule_words: 8192.
 - virtual_space_node_default_size: 8388608.
 - enlarge_chunks_in_place: 1.
 - new_chunks_are_fully_committed: 0.
 - uncommit_free_chunks: 1.
 - use_allocation_guard: 0.
 - handle_deallocations: 1.


Internal statistics:

num_allocs_failed_limit: 5.
num_arena_births: 278.
num_arena_deaths: 10.
num_vsnodes_births: 2.
num_vsnodes_deaths: 0.
num_space_committed: 570.
num_space_uncommitted: 0.
num_chunks_returned_to_freelist: 17.
num_chunks_taken_from_freelist: 1287.
num_chunk_merges: 3.
num_chunk_splits: 870.
num_chunks_enlarged: 617.
num_inconsistent_stats: 0.

CodeHeap 'non-profiled nmethods': size=120000Kb used=1449Kb max_used=1449Kb free=118550Kb
 bounds [0x000001e7b8c50000, 0x000001e7b8ec0000, 0x000001e7c0180000]
CodeHeap 'profiled nmethods': size=120000Kb used=6236Kb max_used=6236Kb free=113763Kb
 bounds [0x000001e7b1180000, 0x000001e7b17a0000, 0x000001e7b86b0000]
CodeHeap 'non-nmethods': size=5760Kb used=1395Kb max_used=1433Kb free=4364Kb
 bounds [0x000001e7b86b0000, 0x000001e7b8920000, 0x000001e7b8c50000]
 total_blobs=4044 nmethods=3335 adapters=619
 compilation: enabled
              stopped_count=0, restarted_count=0
 full_count=0

Compilation events (20 events):
Event: 4.342 Thread 0x000001e7cc023dd0 3407       2       jdk.internal.math.FDBigInteger::trimLeadingZeros (57 bytes)
Event: 4.342 Thread 0x000001e7cc023dd0 nmethod 3407 0x000001e7b1795810 code [0x000001e7b17959a0, 0x000001e7b1795b78]
Event: 4.342 Thread 0x000001e7cc023dd0 3406       2       jdk.internal.math.FDBigInteger::<init> (30 bytes)
Event: 4.342 Thread 0x000001e7cdba7040 nmethod 3011 0x000001e7b8db9110 code [0x000001e7b8db9280, 0x000001e7b8db9358]
Event: 4.342 Thread 0x000001e7cc023dd0 nmethod 3406 0x000001e7b1795c90 code [0x000001e7b1795e40, 0x000001e7b1795fc8]
Event: 4.342 Thread 0x000001e7cdba7040 2718       4       com.oracle.js.parser.Token::recast (12 bytes)
Event: 4.343 Thread 0x000001e7cdba7040 nmethod 2718 0x000001e7b8db9410 code [0x000001e7b8db9580, 0x000001e7b8db95f8]
Event: 4.343 Thread 0x000001e7cdba7040 3031       4       org.graalvm.collections.EconomicMapImpl$2::advance (55 bytes)
Event: 4.343 Thread 0x000001e7cc023dd0 3408       2       com.oracle.truffle.api.ArrayUtils::stubIndexOfB4S1 (30 bytes)
Event: 4.344 Thread 0x000001e7cc023dd0 nmethod 3408 0x000001e7b1796090 code [0x000001e7b1796220, 0x000001e7b17963e8]
Event: 4.344 Thread 0x000001e7cdba7040 nmethod 3031 0x000001e7b8db9710 code [0x000001e7b8db9880, 0x000001e7b8db9978]
Event: 4.344 Thread 0x000001e7cdba7040 3053       4       com.oracle.js.parser.Parser::verifyStrictIdent (46 bytes)
Event: 4.348 Thread 0x000001e7cc023dd0 3411       2       com.oracle.truffle.regex.tregex.parser.JSRegexValidator::<init> (34 bytes)
Event: 4.349 Thread 0x000001e7cc023dd0 nmethod 3411 0x000001e7b1796510 code [0x000001e7b17966c0, 0x000001e7b1796998]
Event: 4.349 Thread 0x000001e7cdba7040 nmethod 3053 0x000001e7b8db9a90 code [0x000001e7b8db9c40, 0x000001e7b8db9f88]
Event: 4.349 Thread 0x000001e7cdba7040 3012       4       org.graalvm.collections.EconomicMapImpl::findHash (62 bytes)
Event: 4.360 Thread 0x000001e7cc023dd0 3413       3       com.oracle.js.parser.Parser::statementList (77 bytes)
Event: 4.360 Thread 0x000001e7cc023dd0 nmethod 3413 0x000001e7b1796a90 code [0x000001e7b1796c40, 0x000001e7b1796f68]
Event: 4.366 Thread 0x000001e7cc023dd0 3415       1       com.oracle.js.parser.ParserContextLabelNode::getLabelName (5 bytes)
Event: 4.366 Thread 0x000001e7cc023dd0 nmethod 3415 0x000001e7b8dba290 code [0x000001e7b8dba420, 0x000001e7b8dba4f8]

GC Heap History (20 events):
Event: 2.169 GC heap after
{Heap after GC invocations=5 (full 0):
 garbage-first heap   total 131072K, used 47300K [0x0000000080000000, 0x0000000100000000)
  region size 1024K, 6 young (6144K), 6 survivors (6144K)
 Metaspace       used 34877K, committed 35200K, reserved 1114112K
  class space    used 3890K, committed 4032K, reserved 1048576K
}
Event: 2.218 GC heap before
{Heap before GC invocations=5 (full 0):
 garbage-first heap   total 131072K, used 79044K [0x0000000080000000, 0x0000000100000000)
  region size 1024K, 6 young (6144K), 6 survivors (6144K)
 Metaspace       used 34889K, committed 35200K, reserved 1114112K
  class space    used 3890K, committed 4032K, reserved 1048576K
}
Event: 2.225 GC heap after
{Heap after GC invocations=6 (full 0):
 garbage-first heap   total 131072K, used 62624K [0x0000000080000000, 0x0000000100000000)
  region size 1024K, 0 young (0K), 0 survivors (0K)
 Metaspace       used 34889K, committed 35200K, reserved 1114112K
  class space    used 3890K, committed 4032K, reserved 1048576K
}
Event: 2.488 GC heap before
{Heap before GC invocations=7 (full 0):
 garbage-first heap   total 158720K, used 104608K [0x0000000080000000, 0x0000000100000000)
  region size 1024K, 11 young (11264K), 0 survivors (0K)
 Metaspace       used 35446K, committed 35776K, reserved 1114112K
  class space    used 3921K, committed 4096K, reserved 1048576K
}
Event: 2.495 GC heap after
{Heap after GC invocations=8 (full 0):
 garbage-first heap   total 158720K, used 52102K [0x0000000080000000, 0x0000000100000000)
  region size 1024K, 5 young (5120K), 5 survivors (5120K)
 Metaspace       used 35446K, committed 35776K, reserved 1114112K
  class space    used 3921K, committed 4096K, reserved 1048576K
}
Event: 3.028 GC heap before
{Heap before GC invocations=8 (full 0):
 garbage-first heap   total 158720K, used 115590K [0x0000000080000000, 0x0000000100000000)
  region size 1024K, 59 young (60416K), 5 survivors (5120K)
 Metaspace       used 35805K, committed 36160K, reserved 1114112K
  class space    used 3922K, committed 4096K, reserved 1048576K
}
Event: 3.055 GC heap after
{Heap after GC invocations=9 (full 0):
 garbage-first heap   total 158720K, used 83510K [0x0000000080000000, 0x0000000100000000)
  region size 1024K, 8 young (8192K), 8 survivors (8192K)
 Metaspace       used 35805K, committed 36160K, reserved 1114112K
  class space    used 3922K, committed 4096K, reserved 1048576K
}
Event: 3.271 GC heap before
{Heap before GC invocations=9 (full 0):
 garbage-first heap   total 158720K, used 114230K [0x0000000080000000, 0x0000000100000000)
  region size 1024K, 38 young (38912K), 8 survivors (8192K)
 Metaspace       used 35888K, committed 36224K, reserved 1114112K
  class space    used 3922K, committed 4096K, reserved 1048576K
}
Event: 3.293 GC heap after
{Heap after GC invocations=10 (full 0):
 garbage-first heap   total 190464K, used 98304K [0x0000000080000000, 0x0000000100000000)
  region size 1024K, 5 young (5120K), 5 survivors (5120K)
 Metaspace       used 35888K, committed 36224K, reserved 1114112K
  class space    used 3922K, committed 4096K, reserved 1048576K
}
Event: 3.623 GC heap before
{Heap before GC invocations=11 (full 0):
 garbage-first heap   total 190464K, used 135168K [0x0000000080000000, 0x0000000100000000)
  region size 1024K, 41 young (41984K), 5 survivors (5120K)
 Metaspace       used 35925K, committed 36224K, reserved 1114112K
  class space    used 3919K, committed 4096K, reserved 1048576K
}
Event: 3.645 GC heap after
{Heap after GC invocations=12 (full 0):
 garbage-first heap   total 190464K, used 116224K [0x0000000080000000, 0x0000000100000000)
  region size 1024K, 6 young (6144K), 6 survivors (6144K)
 Metaspace       used 35925K, committed 36224K, reserved 1114112K
  class space    used 3919K, committed 4096K, reserved 1048576K
}
Event: 3.686 GC heap before
{Heap before GC invocations=12 (full 0):
 garbage-first heap   total 190464K, used 119296K [0x0000000080000000, 0x0000000100000000)
  region size 1024K, 9 young (9216K), 6 survivors (6144K)
 Metaspace       used 35925K, committed 36224K, reserved 1114112K
  class space    used 3919K, committed 4096K, reserved 1048576K
}
Event: 3.712 GC heap after
{Heap after GC invocations=13 (full 0):
 garbage-first heap   total 190464K, used 119296K [0x0000000080000000, 0x0000000100000000)
  region size 1024K, 2 young (2048K), 2 survivors (2048K)
 Metaspace       used 35925K, committed 36224K, reserved 1114112K
  class space    used 3919K, committed 4096K, reserved 1048576K
}
Event: 3.822 GC heap before
{Heap before GC invocations=13 (full 0):
 garbage-first heap   total 190464K, used 143872K [0x0000000080000000, 0x0000000100000000)
  region size 1024K, 26 young (26624K), 2 survivors (2048K)
 Metaspace       used 35936K, committed 36288K, reserved 1114112K
  class space    used 3919K, committed 4096K, reserved 1048576K
}
Event: 3.833 GC heap after
{Heap after GC invocations=14 (full 0):
 garbage-first heap   total 190464K, used 130048K [0x0000000080000000, 0x0000000100000000)
  region size 1024K, 4 young (4096K), 4 survivors (4096K)
 Metaspace       used 35936K, committed 36288K, reserved 1114112K
  class space    used 3919K, committed 4096K, reserved 1048576K
}
Event: 4.021 GC heap before
{Heap before GC invocations=14 (full 0):
 garbage-first heap   total 190464K, used 149504K [0x0000000080000000, 0x0000000100000000)
  region size 1024K, 23 young (23552K), 4 survivors (4096K)
 Metaspace       used 35947K, committed 36288K, reserved 1114112K
  class space    used 3919K, committed 4096K, reserved 1048576K
}
Event: 4.035 GC heap after
{Heap after GC invocations=15 (full 0):
 garbage-first heap   total 190464K, used 139264K [0x0000000080000000, 0x0000000100000000)
  region size 1024K, 3 young (3072K), 3 survivors (3072K)
 Metaspace       used 35947K, committed 36288K, reserved 1114112K
  class space    used 3919K, committed 4096K, reserved 1048576K
}
Event: 4.189 GC heap before
{Heap before GC invocations=16 (full 0):
 garbage-first heap   total 237568K, used 153600K [0x0000000080000000, 0x0000000100000000)
  region size 1024K, 17 young (17408K), 3 survivors (3072K)
 Metaspace       used 35998K, committed 36288K, reserved 1114112K
  class space    used 3919K, committed 4096K, reserved 1048576K
}
Event: 4.199 GC heap after
{Heap after GC invocations=17 (full 0):
 garbage-first heap   total 237568K, used 146338K [0x0000000080000000, 0x0000000100000000)
  region size 1024K, 3 young (3072K), 3 survivors (3072K)
 Metaspace       used 35998K, committed 36288K, reserved 1114112K
  class space    used 3919K, committed 4096K, reserved 1048576K
}
Event: 4.384 GC heap before
{Heap before GC invocations=17 (full 0):
 garbage-first heap   total 237568K, used 179106K [0x0000000080000000, 0x0000000100000000)
  region size 1024K, 35 young (35840K), 3 survivors (3072K)
 Metaspace       used 36112K, committed 36480K, reserved 1114112K
  class space    used 3927K, committed 4096K, reserved 1048576K
}

Dll operation events (1 events):
Event: 0.009 Loaded shared library C:\Program Files\JetBrains\IntelliJ IDEA 2023.2\jbr\bin\java.dll

Deoptimization events (20 events):
Event: 3.586 Thread 0x000001e7cc5f8b00 DEOPT PACKING pc=0x000001e7b8d756cc sp=0x000000326e0f7640
Event: 3.587 Thread 0x000001e7cc5f8b00 DEOPT UNPACKING pc=0x000001e7b87069a3 sp=0x000000326e0f7488 mode 2
Event: 3.667 Thread 0x000001e7cc5f8b00 Uncommon trap: trap_request=0xffffff45 fr.pc=0x000001e7b8d63fc4 relative=0x0000000000000ba4
Event: 3.667 Thread 0x000001e7cc5f8b00 Uncommon trap: reason=unstable_if action=reinterpret pc=0x000001e7b8d63fc4 method=com.oracle.js.parser.Parser.leftHandSideExpression(ZZLcom/oracle/js/parser/CoverExpressionError;)Lcom/oracle/js/parser/ir/Expression; @ 269 c2
Event: 3.667 Thread 0x000001e7cc5f8b00 DEOPT PACKING pc=0x000001e7b8d63fc4 sp=0x000000326e0fa300
Event: 3.667 Thread 0x000001e7cc5f8b00 DEOPT UNPACKING pc=0x000001e7b87069a3 sp=0x000000326e0fa2d0 mode 2
Event: 3.797 Thread 0x000001e7cca74580 DEOPT PACKING pc=0x000001e7b162ddd4 sp=0x000000326ecfa440
Event: 3.797 Thread 0x000001e7cca74580 DEOPT UNPACKING pc=0x000001e7b8707143 sp=0x000000326ecf98f0 mode 0
Event: 4.212 Thread 0x000001e7cca74580 Uncommon trap: trap_request=0xffffff45 fr.pc=0x000001e7b8d463b0 relative=0x0000000000002110
Event: 4.216 Thread 0x000001e7cc5f1e40 Uncommon trap: trap_request=0xffffff45 fr.pc=0x000001e7b8d463b0 relative=0x0000000000002110
Event: 4.216 Thread 0x000001e7cc5f1e40 Uncommon trap: reason=unstable_if action=reinterpret pc=0x000001e7b8d463b0 method=java.util.HashMap.getNode(Ljava/lang/Object;)Ljava/util/HashMap$Node; @ 131 c2
Event: 4.216 Thread 0x000001e7cc5f1e40 DEOPT PACKING pc=0x000001e7b8d463b0 sp=0x000000326e1fa0d0
Event: 4.216 Thread 0x000001e7cc5f1e40 DEOPT UNPACKING pc=0x000001e7b87069a3 sp=0x000000326e1f9f18 mode 2
Event: 4.228 Thread 0x000001e7cca74580 Uncommon trap: reason=unstable_if action=reinterpret pc=0x000001e7b8d463b0 method=java.util.HashMap.getNode(Ljava/lang/Object;)Ljava/util/HashMap$Node; @ 131 c2
Event: 4.228 Thread 0x000001e7cca74580 DEOPT PACKING pc=0x000001e7b8d463b0 sp=0x000000326ecf9f30
Event: 4.228 Thread 0x000001e7cca74580 DEOPT UNPACKING pc=0x000001e7b87069a3 sp=0x000000326ecf9d78 mode 2
Event: 4.280 Thread 0x000001e7cca74580 Uncommon trap: trap_request=0xffffff45 fr.pc=0x000001e7b8d9693c relative=0x000000000000255c
Event: 4.280 Thread 0x000001e7cca74580 Uncommon trap: reason=unstable_if action=reinterpret pc=0x000001e7b8d9693c method=com.oracle.js.parser.Parser.primaryExpression(ZZLcom/oracle/js/parser/CoverExpressionError;)Lcom/oracle/js/parser/ir/Expression; @ 23 c2
Event: 4.280 Thread 0x000001e7cca74580 DEOPT PACKING pc=0x000001e7b8d9693c sp=0x000000326ecfa7d0
Event: 4.280 Thread 0x000001e7cca74580 DEOPT UNPACKING pc=0x000001e7b87069a3 sp=0x000000326ecfa7d0 mode 2

Classes unloaded (5 events):
Event: 3.409 Thread 0x000001e7c79a6260 Unloading class 0x00000001002d5400 'java/lang/invoke/LambdaForm$MH+0x00000001002d5400'
Event: 3.409 Thread 0x000001e7c79a6260 Unloading class 0x00000001002d4c00 'java/lang/invoke/LambdaForm$DMH+0x00000001002d4c00'
Event: 3.409 Thread 0x000001e7c79a6260 Unloading class 0x00000001002d4400 'java/lang/invoke/LambdaForm$DMH+0x00000001002d4400'
Event: 3.409 Thread 0x000001e7c79a6260 Unloading class 0x00000001001bd800 'jdk/internal/reflect/GeneratedSerializationConstructorAccessor10'
Event: 3.409 Thread 0x000001e7c79a6260 Unloading class 0x00000001001b3000 'jdk/internal/reflect/GeneratedSerializationConstructorAccessor1'

Classes redefined (0 events):
No events

Internal exceptions (20 events):
Event: 1.503 Thread 0x000001e7cca73710 Exception <a 'java/net/ConnectException'{0x0000000086afa230}: Connection refused: no further information> (0x0000000086afa230) 
thrown [s\src\hotspot\share\prims\jni.cpp, line 536]
Event: 1.503 Thread 0x000001e7cca758c0 Exception <a 'java/net/ConnectException'{0x0000000086950fa0}: Connection refused: no further information> (0x0000000086950fa0) 
thrown [s\src\hotspot\share\prims\jni.cpp, line 536]
Event: 1.503 Thread 0x000001e7cca73710 Exception <a 'java/net/SocketException'{0x0000000086afa670}: Socket is not connected: shutdown> (0x0000000086afa670) 
thrown [s\src\hotspot\share\prims\jni.cpp, line 536]
Event: 1.503 Thread 0x000001e7cca758c0 Exception <a 'java/net/SocketException'{0x00000000869513e0}: Socket is not connected: shutdown> (0x00000000869513e0) 
thrown [s\src\hotspot\share\prims\jni.cpp, line 536]
Event: 1.524 Thread 0x000001e7ccf07f90 Implicit null exception at 0x000001e7b8c81072 to 0x000001e7b8c8168c
Event: 2.009 Thread 0x000001e7cca73710 Exception <a 'java/lang/reflect/InvocationTargetException'{0x00000000868cef20}> (0x00000000868cef20) 
thrown [s\src\hotspot\share\runtime\reflection.cpp, line 1127]
Event: 2.009 Thread 0x000001e7cca73710 Exception <a 'java/net/ConnectException'{0x00000000868cf580}: Connection refused: no further information> (0x00000000868cf580) 
thrown [s\src\hotspot\share\prims\jni.cpp, line 536]
Event: 2.009 Thread 0x000001e7cca73710 Exception <a 'java/net/SocketException'{0x00000000868cf8b8}: Socket is not connected: shutdown> (0x00000000868cf8b8) 
thrown [s\src\hotspot\share\prims\jni.cpp, line 536]
Event: 2.529 Thread 0x000001e7cca73710 Exception <a 'java/lang/reflect/InvocationTargetException'{0x0000000089500d48}> (0x0000000089500d48) 
thrown [s\src\hotspot\share\runtime\reflection.cpp, line 1127]
Event: 2.529 Thread 0x000001e7cca73710 Exception <a 'java/net/ConnectException'{0x00000000895013a8}: Connection refused: no further information> (0x00000000895013a8) 
thrown [s\src\hotspot\share\prims\jni.cpp, line 536]
Event: 2.529 Thread 0x000001e7cca73710 Exception <a 'java/net/SocketException'{0x00000000895016e0}: Socket is not connected: shutdown> (0x00000000895016e0) 
thrown [s\src\hotspot\share\prims\jni.cpp, line 536]
Event: 3.089 Thread 0x000001e7cca73710 Exception <a 'java/lang/reflect/InvocationTargetException'{0x00000000898fb898}> (0x00000000898fb898) 
thrown [s\src\hotspot\share\runtime\reflection.cpp, line 1127]
Event: 3.090 Thread 0x000001e7cca73710 Exception <a 'java/net/ConnectException'{0x00000000898fbef8}: Connection refused: no further information> (0x00000000898fbef8) 
thrown [s\src\hotspot\share\prims\jni.cpp, line 536]
Event: 3.090 Thread 0x000001e7cca73710 Exception <a 'java/net/SocketException'{0x00000000898fc230}: Socket is not connected: shutdown> (0x00000000898fc230) 
thrown [s\src\hotspot\share\prims\jni.cpp, line 536]
Event: 3.660 Thread 0x000001e7cca73710 Exception <a 'java/lang/reflect/InvocationTargetException'{0x000000008b90d390}> (0x000000008b90d390) 
thrown [s\src\hotspot\share\runtime\reflection.cpp, line 1127]
Event: 3.673 Thread 0x000001e7cca73710 Exception <a 'java/net/ConnectException'{0x000000008b90dc30}: Connection refused: no further information> (0x000000008b90dc30) 
thrown [s\src\hotspot\share\prims\jni.cpp, line 536]
Event: 3.673 Thread 0x000001e7cca73710 Exception <a 'java/net/SocketException'{0x000000008b90df68}: Socket is not connected: shutdown> (0x000000008b90df68) 
thrown [s\src\hotspot\share\prims\jni.cpp, line 536]
Event: 4.202 Thread 0x000001e7cca73710 Exception <a 'java/lang/reflect/InvocationTargetException'{0x000000008e735f18}> (0x000000008e735f18) 
thrown [s\src\hotspot\share\runtime\reflection.cpp, line 1127]
Event: 4.203 Thread 0x000001e7cca73710 Exception <a 'java/net/ConnectException'{0x000000008e736578}: Connection refused: no further information> (0x000000008e736578) 
thrown [s\src\hotspot\share\prims\jni.cpp, line 536]
Event: 4.203 Thread 0x000001e7cca73710 Exception <a 'java/net/SocketException'{0x000000008e7368b0}: Socket is not connected: shutdown> (0x000000008e7368b0) 
thrown [s\src\hotspot\share\prims\jni.cpp, line 536]

VM Operations (20 events):
Event: 3.307 Executing VM operation: G1CollectForAllocation done
Event: 3.408 Executing VM operation: G1Concurrent
Event: 3.419 Executing VM operation: G1Concurrent done
Event: 3.486 Executing VM operation: G1Concurrent
Event: 3.492 Executing VM operation: G1Concurrent done
Event: 3.623 Executing VM operation: G1CollectForAllocation
Event: 3.646 Executing VM operation: G1CollectForAllocation done
Event: 3.683 Executing VM operation: G1CollectForAllocation
Event: 3.712 Executing VM operation: G1CollectForAllocation done
Event: 3.822 Executing VM operation: G1CollectForAllocation
Event: 3.837 Executing VM operation: G1CollectForAllocation done
Event: 4.021 Executing VM operation: G1CollectForAllocation
Event: 4.036 Executing VM operation: G1CollectForAllocation done
Event: 4.060 Executing VM operation: G1Concurrent
Event: 4.064 Executing VM operation: G1Concurrent done
Event: 4.181 Executing VM operation: G1Concurrent
Event: 4.183 Executing VM operation: G1Concurrent done
Event: 4.188 Executing VM operation: G1CollectForAllocation
Event: 4.203 Executing VM operation: G1CollectForAllocation done
Event: 4.384 Executing VM operation: G1CollectForAllocation

Events (20 events):
Event: 1.753 loading class java/util/SplittableRandom$AbstractSplittableGeneratorProxy
Event: 1.753 loading class jdk/internal/util/random/RandomSupport$AbstractSplittableGenerator
Event: 1.753 loading class jdk/internal/util/random/RandomSupport$AbstractSpliteratorGenerator
Event: 1.753 loading class jdk/internal/util/random/RandomSupport$AbstractSpliteratorGenerator done
Event: 1.753 loading class jdk/internal/util/random/RandomSupport$AbstractSplittableGenerator done
Event: 1.753 loading class java/util/SplittableRandom$AbstractSplittableGeneratorProxy done
Event: 2.010 loading class java/util/function/ToIntFunction
Event: 2.010 loading class java/util/function/ToIntFunction done
Event: 2.024 loading class java/util/AbstractList$RandomAccessSubList
Event: 2.024 loading class java/util/AbstractList$SubList
Event: 2.024 loading class java/util/AbstractList$SubList done
Event: 2.024 loading class java/util/AbstractList$RandomAccessSubList done
Event: 2.024 loading class java/util/AbstractList$SubList$1
Event: 2.024 loading class java/util/AbstractList$SubList$1 done
Event: 2.044 loading class java/time/temporal/UnsupportedTemporalTypeException
Event: 2.044 loading class java/time/temporal/UnsupportedTemporalTypeException done
Event: 2.169 Thread 0x000001e7cc29af40 Thread exited: 0x000001e7cc29af40
Event: 2.327 Thread 0x000001e7cdba7040 Thread added: 0x000001e7cdba7040
Event: 4.340 loading class jdk/internal/math/FDBigInteger
Event: 4.341 loading class jdk/internal/math/FDBigInteger done


Dynamic libraries:
0x00007ff715890000 - 0x00007ff71589a000 	C:\Program Files\JetBrains\IntelliJ IDEA 2023.2\jbr\bin\java.exe
0x00007ff9964b0000 - 0x00007ff9966a8000 	C:\WINDOWS\SYSTEM32\ntdll.dll
0x00007ff995030000 - 0x00007ff9950ed000 	C:\WINDOWS\System32\KERNEL32.DLL
0x00007ff993eb0000 - 0x00007ff9941a6000 	C:\WINDOWS\System32\KERNELBASE.dll
0x00007ff993d00000 - 0x00007ff993e00000 	C:\WINDOWS\System32\ucrtbase.dll
0x00007ff985f90000 - 0x00007ff985fab000 	C:\Program Files\JetBrains\IntelliJ IDEA 2023.2\jbr\bin\VCRUNTIME140.dll
0x00007ff9613c0000 - 0x00007ff9613d7000 	C:\Program Files\JetBrains\IntelliJ IDEA 2023.2\jbr\bin\jli.dll
0x00007ff9960c0000 - 0x00007ff99625f000 	C:\WINDOWS\System32\USER32.dll
0x00007ff9944b0000 - 0x00007ff9944d2000 	C:\WINDOWS\System32\win32u.dll
0x00007ff9840b0000 - 0x00007ff98434a000 	C:\WINDOWS\WinSxS\amd64_microsoft.windows.common-controls_6595b64144ccf1df_6.0.19041.3636_none_60b6a03d71f818d5\COMCTL32.dll
0x00007ff996440000 - 0x00007ff99646b000 	C:\WINDOWS\System32\GDI32.dll
0x00007ff995890000 - 0x00007ff99592e000 	C:\WINDOWS\System32\msvcrt.dll
0x00007ff9941b0000 - 0x00007ff9942c7000 	C:\WINDOWS\System32\gdi32full.dll
0x00007ff993bd0000 - 0x00007ff993c6d000 	C:\WINDOWS\System32\msvcp_win.dll
0x00007ff994c60000 - 0x00007ff994c92000 	C:\WINDOWS\System32\IMM32.DLL
0x00007ff98e230000 - 0x00007ff98e23c000 	C:\Program Files\JetBrains\IntelliJ IDEA 2023.2\jbr\bin\vcruntime140_1.dll
0x00007ff9703c0000 - 0x00007ff97044d000 	C:\Program Files\JetBrains\IntelliJ IDEA 2023.2\jbr\bin\msvcp140.dll
0x00007ff916790000 - 0x00007ff917410000 	C:\Program Files\JetBrains\IntelliJ IDEA 2023.2\jbr\bin\server\jvm.dll
0x00007ff996260000 - 0x00007ff996310000 	C:\WINDOWS\System32\ADVAPI32.dll
0x00007ff9963a0000 - 0x00007ff996440000 	C:\WINDOWS\System32\sechost.dll
0x00007ff9950f0000 - 0x00007ff995213000 	C:\WINDOWS\System32\RPCRT4.dll
0x00007ff994480000 - 0x00007ff9944a7000 	C:\WINDOWS\System32\bcrypt.dll
0x00007ff97f8e0000 - 0x00007ff97f8e9000 	C:\WINDOWS\SYSTEM32\WSOCK32.dll
0x00007ff983e60000 - 0x00007ff983e87000 	C:\WINDOWS\SYSTEM32\WINMM.dll
0x00007ff98c7e0000 - 0x00007ff98c7ea000 	C:\WINDOWS\SYSTEM32\VERSION.dll
0x00007ff996330000 - 0x00007ff99639b000 	C:\WINDOWS\System32\WS2_32.dll
0x00007ff991a60000 - 0x00007ff991a72000 	C:\WINDOWS\SYSTEM32\kernel.appcore.dll
0x00007ff98ddb0000 - 0x00007ff98ddba000 	C:\Program Files\JetBrains\IntelliJ IDEA 2023.2\jbr\bin\jimage.dll
0x00007ff991140000 - 0x00007ff991324000 	C:\WINDOWS\SYSTEM32\DBGHELP.DLL
0x00007ff97f1c0000 - 0x00007ff97f1f4000 	C:\WINDOWS\SYSTEM32\dbgcore.DLL
0x00007ff993c70000 - 0x00007ff993cf2000 	C:\WINDOWS\System32\bcryptPrimitives.dll
0x00007ff965870000 - 0x00007ff965895000 	C:\Program Files\JetBrains\IntelliJ IDEA 2023.2\jbr\bin\java.dll
0x00007ff97fd70000 - 0x00007ff97fd88000 	C:\Program Files\JetBrains\IntelliJ IDEA 2023.2\jbr\bin\zip.dll
0x00007ff9944e0000 - 0x00007ff994c4b000 	C:\WINDOWS\System32\SHELL32.dll
0x00007ff991bf0000 - 0x00007ff99238e000 	C:\WINDOWS\SYSTEM32\windows.storage.dll
0x00007ff995ac0000 - 0x00007ff995e13000 	C:\WINDOWS\System32\combase.dll
0x00007ff993590000 - 0x00007ff9935be000 	C:\WINDOWS\SYSTEM32\Wldp.dll
0x00007ff995f40000 - 0x00007ff99600d000 	C:\WINDOWS\System32\OLEAUT32.dll
0x00007ff995930000 - 0x00007ff9959dd000 	C:\WINDOWS\System32\SHCORE.dll
0x00007ff9959e0000 - 0x00007ff995a35000 	C:\WINDOWS\System32\shlwapi.dll
0x00007ff993a90000 - 0x00007ff993ab3000 	C:\WINDOWS\SYSTEM32\profapi.dll
0x00007ff976ae0000 - 0x00007ff976af9000 	C:\Program Files\JetBrains\IntelliJ IDEA 2023.2\jbr\bin\net.dll
0x00007ff98bf40000 - 0x00007ff98c04a000 	C:\WINDOWS\SYSTEM32\WINHTTP.dll
0x00007ff9932f0000 - 0x00007ff99335a000 	C:\WINDOWS\system32\mswsock.dll
0x00007ff975e30000 - 0x00007ff975e46000 	C:\Program Files\JetBrains\IntelliJ IDEA 2023.2\jbr\bin\nio.dll
0x00007ff992f80000 - 0x00007ff992fbb000 	C:\WINDOWS\SYSTEM32\IPHLPAPI.DLL
0x00007ff994c50000 - 0x00007ff994c58000 	C:\WINDOWS\System32\NSI.dll
0x00007ff98c1d0000 - 0x00007ff98c1e7000 	C:\WINDOWS\SYSTEM32\dhcpcsvc6.DLL
0x00007ff98c6b0000 - 0x00007ff98c6cd000 	C:\WINDOWS\SYSTEM32\dhcpcsvc.DLL
0x00007ff992fc0000 - 0x00007ff99308b000 	C:\WINDOWS\SYSTEM32\DNSAPI.dll
0x00007ff9934e0000 - 0x00007ff9934f8000 	C:\WINDOWS\SYSTEM32\CRYPTSP.dll
0x00007ff992ba0000 - 0x00007ff992bd4000 	C:\WINDOWS\system32\rsaenh.dll
0x00007ff993a50000 - 0x00007ff993a7e000 	C:\WINDOWS\SYSTEM32\USERENV.dll
0x00007ff993500000 - 0x00007ff99350c000 	C:\WINDOWS\SYSTEM32\CRYPTBASE.dll
0x00007ff9612a0000 - 0x00007ff9612a7000 	C:\Program Files\JetBrains\IntelliJ IDEA 2023.2\jbr\bin\rmi.dll
0x00007ff982ff0000 - 0x00007ff982ffa000 	C:\Windows\System32\rasadhlp.dll
0x00007ff983010000 - 0x00007ff983090000 	C:\WINDOWS\System32\fwpuclnt.dll

dbghelp: loaded successfully - version: 4.0.5 - missing functions: none
symbol engine: initialized successfully - sym options: 0x614 - pdb path: .;C:\Program Files\JetBrains\IntelliJ IDEA 2023.2\jbr\bin;C:\WINDOWS\SYSTEM32;C:\WINDOWS\WinSxS\amd64_microsoft.windows.common-controls_6595b64144ccf1df_6.0.19041.3636_none_60b6a03d71f818d5;C:\Program Files\JetBrains\IntelliJ IDEA 2023.2\jbr\bin\server

VM Arguments:
jvm_args: -Djava.rmi.server.hostname=127.0.0.1 -Duser.timezone=UTC -Xmx2048m -Xms128m -Djna.boot.library.path=C:\Program Files\JetBrains\IntelliJ IDEA 2023.2/lib/jna/amd64 -Djna.nosys=true -Djna.noclasspath=true -Djdbc.classpath=C:\Program Files\JetBrains\IntelliJ IDEA 2023.2\plugins\DatabaseTools\lib\jdbc-console.jar;C:\Users\HaNdSyA\AppData\Roaming\JetBrains\IntelliJIdea2023.2\jdbc-drivers\MongoDB\1.18\mongo-jdbc-standalone-1.18.jar --add-exports=java.desktop/sun.awt=ALL-UNNAMED --add-exports=java.desktop/java.awt.peer=ALL-UNNAMED --add-opens=java.desktop/java.awt=ALL-UNNAMED --add-opens=jdk.unsupported/sun.misc=ALL-UNNAMED --add-opens=java.base/java.nio=ALL-UNNAMED --add-opens=java.base/java.util=ALL-UNNAMED -Dfile.encoding=UTF-8 
java_command: com.intellij.database.remote.RemoteJdbcServer com.dbschema.MongoJdbcDriver
java_class_path (initial): C:\Program Files\JetBrains\IntelliJ IDEA 2023.2\lib\util_rt.jar;C:\Program Files\JetBrains\IntelliJ IDEA 2023.2\lib\util-8.jar;C:\Program Files\JetBrains\IntelliJ IDEA 2023.2\lib\groovy.jar;C:\Program Files\JetBrains\IntelliJ IDEA 2023.2\plugins\DatabaseTools\lib\jdbc-console.jar;C:\Program Files\JetBrains\IntelliJ IDEA 2023.2\plugins\grid-core-impl\lib\jdbc-console-types.jar;C:\Program Files\JetBrains\IntelliJ IDEA 2023.2\lib\util.jar;C:\Program Files\JetBrains\IntelliJ IDEA 2023.2\lib\bouncy-castle.jar
Launcher Type: SUN_STANDARD

[Global flags]
     intx CICompilerCount                          = 3                                         {product} {ergonomic}
     uint ConcGCThreads                            = 1                                         {product} {ergonomic}
     uint G1ConcRefinementThreads                  = 4                                         {product} {ergonomic}
   size_t G1HeapRegionSize                         = 1048576                                   {product} {ergonomic}
    uintx GCDrainStackTargetSize                   = 64                                        {product} {ergonomic}
   size_t InitialHeapSize                          = 134217728                                 {product} {command line}
   size_t MarkStackSize                            = 4194304                                   {product} {ergonomic}
   size_t MaxHeapSize                              = 2147483648                                {product} {command line}
   size_t MaxNewSize                               = 1287651328                                {product} {ergonomic}
   size_t MinHeapDeltaBytes                        = 1048576                                   {product} {ergonomic}
   size_t MinHeapSize                              = 134217728                                 {product} {command line}
    uintx NonNMethodCodeHeapSize                   = 5832780                                {pd product} {ergonomic}
    uintx NonProfiledCodeHeapSize                  = 122912730                              {pd product} {ergonomic}
    uintx ProfiledCodeHeapSize                     = 122912730                              {pd product} {ergonomic}
    uintx ReservedCodeCacheSize                    = 251658240                              {pd product} {ergonomic}
     bool SegmentedCodeCache                       = true                                      {product} {ergonomic}
   size_t SoftMaxHeapSize                          = 2147483648                             {manageable} {ergonomic}
     bool UseCompressedClassPointers               = true                           {product lp64_product} {ergonomic}
     bool UseCompressedOops                        = true                           {product lp64_product} {ergonomic}
     bool UseG1GC                                  = true                                      {product} {ergonomic}
     bool UseLargePagesIndividualAllocation        = false                                  {pd product} {ergonomic}

Logging:
Log output configuration:
 #0: stdout all=warning uptime,level,tags
 #1: stderr all=off uptime,level,tags

Environment Variables:
JAVA_HOME=C:\Program Files\Java\jdk-17.0.2
PATH=B:\Scripts\;B:\;C:\Program Files\Common Files\Oracle\Java\javapath;C:\Program Files (x86)\Common Files\Oracle\Java\javapath;C:\ProgramData\Oracle\Java\javapath;C:\Program Files\Common Files\Siemens\Automation\Simatic OAM\bin;C:\WINDOWS\system32;C:\WINDOWS;C:\Windows\System32;C:\WINDOWS\System32\WindowsPowerShell\v1.0\;C:\WINDOWS\System32\OpenSSH\;C:\Program Files\Git\cmd;C:\xampp\php;C:\Program Files (x86)\90\Tools\binn\;C:\Program Files\Java\jre1.8.0_321\bin;C:\minikube;C:\Program Files\Docker\Docker\resources\bin;C:\ProgramData\DockerDesktop\version-bin;C:\Program Files (x86)\Maven\apache-maven-3.9.4\bin;C:\apache-tomcat-9\bin;C:\Program Files\apache-maven-3.9.4\bin;C:\Program Files (x86)\MPICH2\bin;C:\Users\HaNdSyA\AppData\Local\Programs\Python\Python312\Scripts;C:\Users\HaNdSyA\AppData\Local\Programs\Python\Python312;B:\downloads\ngrok-v3-stable-windows-amd64;B:\Python3.12;B:\MongoDB\bin;C:\Program Files\MySQL\MySQL Shell 8.0\bin\;C:\Users\HaNdSyA\AppData\Local\Programs\Python\Python312;C:\Program Files\Java\jre1.8.0_321\bin;B:\IntelliJ IDEA Community Edition 2019.3.5\bin;;C:\Users\HaNdSyA\AppData\Local\Programs\Microsoft VS Code\bin;C:\Program Files\JetBrains\IntelliJ IDEA 2023.2\bin;;B:\Clion\CLion 2023.2\bin;;C:\Users\HaNdSyA\AppData\Local\Programs\Python\Python312\Scripts;B:\Python3.12;
USERNAME=HaNdSyA
OS=Windows_NT
PROCESSOR_IDENTIFIER=Intel64 Family 6 Model 78 Stepping 3, GenuineIntel
TMP=C:\Users\HaNdSyA\AppData\Local\Temp
TEMP=C:\Users\HaNdSyA\AppData\Local\Temp


JNI global refs:
JNI global refs: 19, weak refs: 55

JNI global refs memory usage: 843, weak refs: 841

OOME stack traces (most recent first):
Classloader memory used:
Loader com.intellij.database.remote.jdbc.impl.JdbcClassLoader$JdbcClassLoaderImpl      : 2472K
Loader bootstrap                                                                       : 1866K
Loader jdk.internal.loader.ClassLoaders$AppClassLoader                                 : 133K
Loader jdk.internal.loader.ClassLoaders$PlatformClassLoader                            : 32940B
Loader jdk.internal.reflect.DelegatingClassLoader                                      : 9115B


---------------  S Y S T E M  ---------------

OS:
 Windows 10 , 64 bit Build 19041 (10.0.19041.3636)
OS uptime: 0 days 11:23 hours

CPU: total 4 (initial active 4) (2 cores per cpu, 2 threads per core) family 6 model 78 stepping 3 microcode 0xcc, cx8, cmov, fxsr, ht, mmx, 3dnowpref, sse, sse2, sse3, ssse3, sse4.1, sse4.2, popcnt, lzcnt, tsc, tscinvbit, avx, avx2, aes, erms, clmul, bmi1, bmi2, adx, fma, vzeroupper, clflush, clflushopt

Memory: 4k page, system-wide physical 12179M (2981M free)
TotalPageFile size 13067M (AvailPageFile size 390M)
current process WorkingSet (physical memory assigned to process): 348M, peak: 348M
current process commit charge ("private bytes"): 382M, peak: 847M

vm_info: OpenJDK 64-Bit Server VM (17.0.7+7-b1000.6) for windows-amd64 JRE (17.0.7+7-b1000.6), built on 2023-07-07 by "builduser" with MS VC++ 16.10 / 16.11 (VS2019)

END.
