#
# There is insufficient memory for the Java Runtime Environment to continue.
# Native memory allocation (mmap) failed to map 201326592 bytes for G1 virtual space
# Possible reasons:
#   The system is out of physical RAM or swap space
#   The process is running with CompressedOops enabled, and the Java Heap may be blocking the growth of the native heap
# Possible solutions:
#   Reduce memory load on the system
#   Increase physical memory or swap space
#   Check if swap backing store is full
#   Decrease Java heap size (-Xmx/-Xms)
#   Decrease number of Java threads
#   Decrease Java thread stack sizes (-Xss)
#   Set larger code cache with -XX:ReservedCodeCacheSize=
#   JVM is running with Zero Based Compressed Oops mode in which the Java heap is
#     placed in the first 32GB address space. The Java Heap base address is the
#     maximum limit for the native heap growth. Please use -XX:HeapBaseMinAddress
#     to set the Java Heap base and to place the Java Heap above 32GB virtual address.
# This output file may be truncated or incomplete.
#
#  Out of Memory Error (os_windows.cpp:3532), pid=6104, tid=9428
#
# JRE version:  (17.0.2+8) (build )
# Java VM: Java HotSpot(TM) 64-Bit Server VM (17.0.2+8-LTS-86, mixed mode, sharing, tiered, compressed oops, compressed class ptrs, g1 gc, windows-amd64)
# No core dump will be written. Minidumps are not enabled by default on client versions of Windows
#

---------------  S U M M A R Y ------------

Command Line: C:\Users\HaNdSyA\AppData\Local\Temp\surefire18232854082526934288\surefirebooter-20240624140211282_3.jar C:\Users\HaNdSyA\AppData\Local\Temp\surefire18232854082526934288 2024-06-24T14-02-09_538-jvmRun1 surefire-20240624140211282_1tmp surefire_0-20240624140211282_2tmp

Host: Intel(R) Core(TM) i7-6500U CPU @ 2.50GHz, 4 cores, 11G,  Windows 10 , 64 bit Build 19041 (10.0.19041.3636)
Time: Mon Jun 24 15:02:13 2024 Egypt Daylight Time elapsed time: 0.156469 seconds (0d 0h 0m 0s)

---------------  T H R E A D  ---------------

Current thread (0x0000015941f4e3d0):  JavaThread "Unknown thread" [_thread_in_vm, id=9428, stack(0x0000001d58900000,0x0000001d58a00000)]

Stack: [0x0000001d58900000,0x0000001d58a00000]
Native frames: (J=compiled Java code, j=interpreted, Vv=VM code, C=native code)
V  [jvm.dll+0x670baa]
V  [jvm.dll+0x7cfcb4]
V  [jvm.dll+0x7d145e]
V  [jvm.dll+0x7d1ac3]
V  [jvm.dll+0x242bc5]
V  [jvm.dll+0x66dac9]
V  [jvm.dll+0x662412]
V  [jvm.dll+0x300c0b]
V  [jvm.dll+0x3081a6]
V  [jvm.dll+0x357d0e]
V  [jvm.dll+0x357f3f]
V  [jvm.dll+0x2d7ec8]
V  [jvm.dll+0x2d8e34]
V  [jvm.dll+0x7a18c1]
V  [jvm.dll+0x365a91]
V  [jvm.dll+0x780d2c]
V  [jvm.dll+0x3e845f]
V  [jvm.dll+0x3e9f01]
C  [jli.dll+0x527b]
C  [ucrtbase.dll+0x21bb2]
C  [KERNEL32.DLL+0x17344]
C  [ntdll.dll+0x526b1]


---------------  P R O C E S S  ---------------

Threads class SMR info:
_java_thread_list=0x00007ffeaa2d9858, length=0, elements={
}

Java Threads: ( => current thread )

Other Threads:
  0x00000159420881b0 GCTaskThread "GC Thread#0" [stack: 0x0000001d58a00000,0x0000001d58b00000] [id=11184]
  0x0000015942095e60 ConcurrentGCThread "G1 Main Marker" [stack: 0x0000001d58b00000,0x0000001d58c00000] [id=12900]
  0x0000015942096780 ConcurrentGCThread "G1 Conc#0" [stack: 0x0000001d58c00000,0x0000001d58d00000] [id=5544]

[error occurred during error reporting (printing all threads), id 0xc0000005, EXCEPTION_ACCESS_VIOLATION (0xc0000005) at pc=0x00007ffea9b288a7]

VM state: not at safepoint (not fully initialized)

VM Mutex/Monitor currently owned by a thread:  ([mutex/lock_event])
[0x00000159420417e0] Heap_lock - owner thread: 0x0000015941f4e3d0

Heap address: 0x0000000741a00000, size: 3046 MB, Compressed Oops mode: Zero based, Oop shift amount: 3

CDS archive(s) mapped at: [0x0000000000000000-0x0000000000000000-0x0000000000000000), size 0, SharedBaseAddress: 0x0000000800000000, ArchiveRelocationMode: 0.
Narrow klass base: 0x0000000000000000, Narrow klass shift: 0, Narrow klass range: 0x0

GC Precious Log:
<Empty>

Heap:
 garbage-first heap   total 0K, used 0K [0x0000000741a00000, 0x0000000800000000)
  region size 2048K, 0 young (0K), 0 survivors (0K)

[error occurred during error reporting (printing heap information), id 0xc0000005, EXCEPTION_ACCESS_VIOLATION (0xc0000005) at pc=0x00007ffea9f09f19]

GC Heap History (0 events):
No events

Deoptimization events (0 events):
No events

Classes unloaded (0 events):
No events

Classes redefined (0 events):
No events

Internal exceptions (0 events):
No events

VM Operations (0 events):
No events

Events (1 events):
Event: 0.035 Loaded shared library C:\Program Files\Java\jdk-17.0.2\bin\java.dll


Dynamic libraries:
0x00007ff7ee500000 - 0x00007ff7ee510000 	C:\Program Files\Java\jdk-17.0.2\bin\java.exe
0x00007fff31cb0000 - 0x00007fff31ea8000 	C:\WINDOWS\SYSTEM32\ntdll.dll
0x00007fff31a20000 - 0x00007fff31add000 	C:\WINDOWS\System32\KERNEL32.DLL
0x00007fff2f650000 - 0x00007fff2f946000 	C:\WINDOWS\System32\KERNELBASE.dll
0x00007fff2f360000 - 0x00007fff2f460000 	C:\WINDOWS\System32\ucrtbase.dll
0x00007fff21570000 - 0x00007fff21588000 	C:\Program Files\Java\jdk-17.0.2\bin\jli.dll
0x00007fff30760000 - 0x00007fff30810000 	C:\WINDOWS\System32\ADVAPI32.dll
0x00007fff30810000 - 0x00007fff308ae000 	C:\WINDOWS\System32\msvcrt.dll
0x00007fff31430000 - 0x00007fff314d0000 	C:\WINDOWS\System32\sechost.dll
0x00007fff316a0000 - 0x00007fff317c3000 	C:\WINDOWS\System32\RPCRT4.dll
0x00007fff2f490000 - 0x00007fff2f4b7000 	C:\WINDOWS\System32\bcrypt.dll
0x00007fff31880000 - 0x00007fff31a1f000 	C:\WINDOWS\System32\USER32.dll
0x00007fff2f460000 - 0x00007fff2f482000 	C:\WINDOWS\System32\win32u.dll
0x00007fff31ae0000 - 0x00007fff31b0b000 	C:\WINDOWS\System32\GDI32.dll
0x00007fff2f4c0000 - 0x00007fff2f5d7000 	C:\WINDOWS\System32\gdi32full.dll
0x00007fff2fae0000 - 0x00007fff2fb7d000 	C:\WINDOWS\System32\msvcp_win.dll
0x00007fff21710000 - 0x00007fff219aa000 	C:\WINDOWS\WinSxS\amd64_microsoft.windows.common-controls_6595b64144ccf1df_6.0.19041.3636_none_60b6a03d71f818d5\COMCTL32.dll
0x00007fff27460000 - 0x00007fff2746a000 	C:\WINDOWS\SYSTEM32\VERSION.dll
0x00007fff21590000 - 0x00007fff215aa000 	C:\Program Files\Java\jdk-17.0.2\bin\VCRUNTIME140.dll
0x00007fff31c30000 - 0x00007fff31c62000 	C:\WINDOWS\System32\IMM32.DLL
0x00007fff24250000 - 0x00007fff2425c000 	C:\Program Files\Java\jdk-17.0.2\bin\vcruntime140_1.dll
0x00007fff0fd70000 - 0x00007fff0fdfd000 	C:\Program Files\Java\jdk-17.0.2\bin\msvcp140.dll
0x00007ffea9840000 - 0x00007ffeaa401000 	C:\Program Files\Java\jdk-17.0.2\bin\server\jvm.dll
0x00007fff2fce0000 - 0x00007fff2fce8000 	C:\WINDOWS\System32\PSAPI.DLL
0x00007fff1d9c0000 - 0x00007fff1d9c9000 	C:\WINDOWS\SYSTEM32\WSOCK32.dll
0x00007fff30910000 - 0x00007fff3097b000 	C:\WINDOWS\System32\WS2_32.dll
0x00007fff22a70000 - 0x00007fff22a97000 	C:\WINDOWS\SYSTEM32\WINMM.dll
0x00007fff2db80000 - 0x00007fff2db92000 	C:\WINDOWS\SYSTEM32\kernel.appcore.dll
0x00007fff24100000 - 0x00007fff2410a000 	C:\Program Files\Java\jdk-17.0.2\bin\jimage.dll
0x00007fff2d0e0000 - 0x00007fff2d2c4000 	C:\WINDOWS\SYSTEM32\DBGHELP.DLL
0x00007fff1cba0000 - 0x00007fff1cbd4000 	C:\WINDOWS\SYSTEM32\dbgcore.DLL
0x00007fff2fa50000 - 0x00007fff2fad2000 	C:\WINDOWS\System32\bcryptPrimitives.dll
0x00007fff200f0000 - 0x00007fff20115000 	C:\Program Files\Java\jdk-17.0.2\bin\java.dll

dbghelp: loaded successfully - version: 4.0.5 - missing functions: none
symbol engine: initialized successfully - sym options: 0x614 - pdb path: .;C:\Program Files\Java\jdk-17.0.2\bin;C:\WINDOWS\SYSTEM32;C:\WINDOWS\WinSxS\amd64_microsoft.windows.common-controls_6595b64144ccf1df_6.0.19041.3636_none_60b6a03d71f818d5;C:\Program Files\Java\jdk-17.0.2\bin\server

VM Arguments:
java_command: C:\Users\HaNdSyA\AppData\Local\Temp\surefire18232854082526934288\surefirebooter-20240624140211282_3.jar C:\Users\HaNdSyA\AppData\Local\Temp\surefire18232854082526934288 2024-06-24T14-02-09_538-jvmRun1 surefire-20240624140211282_1tmp surefire_0-20240624140211282_2tmp
java_class_path (initial): C:\Users\HaNdSyA\AppData\Local\Temp\surefire18232854082526934288\surefirebooter-20240624140211282_3.jar
Launcher Type: SUN_STANDARD

[Global flags]
     intx CICompilerCount                          = 3                                         {product} {ergonomic}
     uint ConcGCThreads                            = 1                                         {product} {ergonomic}
     uint G1ConcRefinementThreads                  = 4                                         {product} {ergonomic}
   size_t G1HeapRegionSize                         = 2097152                                   {product} {ergonomic}
    uintx GCDrainStackTargetSize                   = 64                                        {product} {ergonomic}
   size_t InitialHeapSize                          = 201326592                                 {product} {ergonomic}
   size_t MarkStackSize                            = 4194304                                   {product} {ergonomic}
   size_t MaxHeapSize                              = 3193962496                                {product} {ergonomic}
   size_t MinHeapDeltaBytes                        = 2097152                                   {product} {ergonomic}
   size_t MinHeapSize                              = 8388608                                   {product} {ergonomic}
    uintx NonNMethodCodeHeapSize                   = 5832780                                {pd product} {ergonomic}
    uintx NonProfiledCodeHeapSize                  = 122912730                              {pd product} {ergonomic}
    uintx ProfiledCodeHeapSize                     = 122912730                              {pd product} {ergonomic}
    uintx ReservedCodeCacheSize                    = 251658240                              {pd product} {ergonomic}
     bool SegmentedCodeCache                       = true                                      {product} {ergonomic}
   size_t SoftMaxHeapSize                          = 3193962496                             {manageable} {ergonomic}
     bool UseCompressedClassPointers               = true                           {product lp64_product} {ergonomic}
     bool UseCompressedOops                        = true                           {product lp64_product} {ergonomic}
     bool UseG1GC                                  = true                                      {product} {ergonomic}
     bool UseLargePagesIndividualAllocation        = false                                  {pd product} {ergonomic}

Logging:
Log output configuration:
 #0: stdout all=warning uptime,level,tags
 #1: stderr all=off uptime,level,tags

Environment Variables:
JAVA_HOME=C:\Program Files\Java\jdk-17.0.2
PATH=B:\Scripts\;B:\;C:\Program Files\Common Files\Oracle\Java\javapath;C:\Program Files (x86)\Common Files\Oracle\Java\javapath;C:\ProgramData\Oracle\Java\javapath;C:\Program Files\Common Files\Siemens\Automation\Simatic OAM\bin;C:\WINDOWS\system32;C:\WINDOWS;C:\Windows\System32;C:\WINDOWS\System32\WindowsPowerShell\v1.0\;C:\WINDOWS\System32\OpenSSH\;C:\Program Files\Git\cmd;C:\xampp\php;C:\Program Files (x86)\90\Tools\binn\;C:\Program Files\Java\jre1.8.0_321\bin;C:\minikube;C:\Program Files\Docker\Docker\resources\bin;C:\ProgramData\DockerDesktop\version-bin;C:\Program Files (x86)\Maven\apache-maven-3.9.4\bin;C:\apache-tomcat-9\bin;C:\Program Files\apache-maven-3.9.4\bin;C:\Program Files (x86)\MPICH2\bin;C:\Users\HaNdSyA\AppData\Local\Programs\Python\Python312\Scripts;C:\Users\HaNdSyA\AppData\Local\Programs\Python\Python312;B:\downloads\ngrok-v3-stable-windows-amd64;B:\Python3.12;B:\MongoDB\bin;C:\Program Files\MySQL\MySQL Shell 8.0\bin\;C:\Users\HaNdSyA\AppData\Local\Programs\Python\Python312;C:\Program Files\Java\jre1.8.0_321\bin;B:\IntelliJ IDEA Community Edition 2019.3.5\bin;;C:\Users\HaNdSyA\AppData\Local\Programs\Microsoft VS Code\bin;C:\Program Files\JetBrains\IntelliJ IDEA 2023.2\bin;;B:\Clion\CLion 2023.2\bin;;C:\Users\HaNdSyA\AppData\Local\Programs\Python\Python312\Scripts;B:\Python3.12;
USERNAME=HaNdSyA
OS=Windows_NT
PROCESSOR_IDENTIFIER=Intel64 Family 6 Model 78 Stepping 3, GenuineIntel



---------------  S Y S T E M  ---------------

OS:
 Windows 10 , 64 bit Build 19041 (10.0.19041.3636)
OS uptime: 0 days 4:37 hours

CPU: total 4 (initial active 4) (2 cores per cpu, 2 threads per core) family 6 model 78 stepping 3 microcode 0xcc, cx8, cmov, fxsr, ht, mmx, 3dnowpref, sse, sse2, sse3, ssse3, sse4.1, sse4.2, popcnt, lzcnt, tsc, tscinvbit, avx, avx2, aes, erms, clmul, bmi1, bmi2, adx, fma, vzeroupper, clflush, clflushopt

Memory: 4k page, system-wide physical 12179M (2712M free)
TotalPageFile size 13955M (AvailPageFile size 156M)
current process WorkingSet (physical memory assigned to process): 10M, peak: 10M
current process commit charge ("private bytes"): 51M, peak: 243M

vm_info: Java HotSpot(TM) 64-Bit Server VM (17.0.2+8-LTS-86) for windows-amd64 JRE (17.0.2+8-LTS-86), built on Dec  7 2021 21:51:03 by "mach5one" with MS VC++ 16.8 / 16.9 (VS2019)

END.
